2019-06-25 15:40:04.448 IST: [helpers.actions] [on_interface_changed] [177] [INFO] Interface QCombobox is changed to SPI
2019-06-25 15:40:05.538 IST: [helpers.actions] [on_device_changed] [187] [INFO] Device QCombobox is changed to ADC
2019-06-25 15:40:07.552 IST: [helpers.actions] [on_submit_clicked] [352] [INFO] Submit button is clicked
2019-06-25 15:40:07.552 IST: [helpers.actions] [on_submit_clicked] [360] [INFO] The User selected "BOARD:"RPI3, "INTERFACE:"SPI, "DEVICE:"ADC
2019-06-25 15:40:07.552 IST: [helpers.actions] [on_submit_clicked] [364] [DEBUG] The File name Loaded RPI3_SPI_ADC
2019-06-25 15:40:07.553 IST: [helpers.actions] [on_submit_clicked] [366] [DEBUG] Getting back to current script directory
2019-06-25 15:40:07.553 IST: [helpers.output_write] [change_to_script_directory] [112] [INFO] In change_to_script_directory
2019-06-25 15:40:07.553 IST: [helpers.output_write] [change_to_script_directory] [115] [DEBUG] after getting the path of the script /home/shaik/Desktop/Working_DDTT/Device_Driver_Testing_Tool_mod/helpers
2019-06-25 15:40:07.553 IST: [helpers.output_write] [change_to_script_directory] [116] [DEBUG] Changing the dir to /home/shaik/Desktop/Working_DDTT/Device_Driver_Testing_Tool_mod/helpers
2019-06-25 15:40:07.553 IST: [helpers.actions] [on_submit_clicked] [369] [DEBUG] Opening the test case files
2019-06-25 15:40:07.553 IST: [helpers.actions] [on_submit_clicked] [371] [INFO] Getting the test cases from a file
2019-06-25 15:40:07.562 IST: [helpers.actions] [on_submit_clicked] [389] [DEBUG] Populating the test cases to the QTableWidget
2019-06-25 15:40:08.594 IST: [helpers.actions] [select_all] [326] [INFO] Selecting the All test cases
2019-06-25 15:40:08.594 IST: [helpers.actions] [select_all] [332] [DEBUG] Checking 0 Test case
2019-06-25 15:40:08.594 IST: [helpers.actions] [select_all] [332] [DEBUG] Checking 1 Test case
2019-06-25 15:40:08.594 IST: [helpers.actions] [select_all] [332] [DEBUG] Checking 2 Test case
2019-06-25 15:40:08.595 IST: [helpers.actions] [select_all] [332] [DEBUG] Checking 3 Test case
2019-06-25 15:40:08.595 IST: [helpers.actions] [select_all] [332] [DEBUG] Checking 4 Test case
2019-06-25 15:40:32.492 IST: [helpers.actions] [get_selected_items] [93] [INFO] Getting the selected items
2019-06-25 15:40:32.492 IST: [helpers.actions] [get_selected_items] [97] [INFO] Getting the selected items from QTableWidget
2019-06-25 15:40:32.493 IST: [helpers.actions] [get_selected_items] [103] [DEBUG] Checking each test cases 0
2019-06-25 15:40:32.493 IST: [helpers.actions] [get_selected_items] [107] [DEBUG] Appending the items to the List
2019-06-25 15:40:32.493 IST: [helpers.actions] [get_selected_items] [103] [DEBUG] Checking each test cases 1
2019-06-25 15:40:32.493 IST: [helpers.actions] [get_selected_items] [107] [DEBUG] Appending the items to the List
2019-06-25 15:40:32.493 IST: [helpers.actions] [get_selected_items] [103] [DEBUG] Checking each test cases 2
2019-06-25 15:40:32.494 IST: [helpers.actions] [get_selected_items] [107] [DEBUG] Appending the items to the List
2019-06-25 15:40:32.494 IST: [helpers.actions] [get_selected_items] [103] [DEBUG] Checking each test cases 3
2019-06-25 15:40:32.494 IST: [helpers.actions] [get_selected_items] [107] [DEBUG] Appending the items to the List
2019-06-25 15:40:32.494 IST: [helpers.actions] [get_selected_items] [103] [DEBUG] Checking each test cases 4
2019-06-25 15:40:32.495 IST: [helpers.actions] [get_selected_items] [107] [DEBUG] Appending the items to the List
2019-06-25 15:40:32.495 IST: [helpers.actions] [get_selected_items] [109] [INFO] Storing the checked items in a global variable
2019-06-25 15:40:32.500 IST: [helpers.actions] [get_selected_items] [155] [DEBUG] Valid Selection and Valid Test Case Name test_all_for_demo
2019-06-25 15:40:33.497 IST: [helpers.actions] [on_start_button_clicked] [208] [INFO] Start Button Clicked
2019-06-25 15:40:33.498 IST: [helpers.actions] [on_start_button_clicked] [218] [INFO] Disabling the start button once execution has started
2019-06-25 15:40:33.498 IST: [helpers.actions] [on_start_button_clicked] [220] [INFO] Enabling stop button once execution has started
2019-06-25 15:40:33.498 IST: [helpers.actions] [on_start_button_clicked] [223] [DEBUG] Reading the password from config file
2019-06-25 15:40:33.498 IST: [helpers.yaml_utils] [read_yml] [28] [DEBUG] Getting the password from config.yaml file
2019-06-25 15:40:33.504 IST: [helpers.actions] [on_start_button_clicked] [238] [DEBUG] SPI test cases are executing
2019-06-25 15:40:33.505 IST: [helpers.actions] [load_selected_test_cases_to_tab] [434] [INFO] Getting the test cases from a file
2019-06-25 15:40:33.505 IST: [helpers.actions] [load_selected_test_cases_to_tab] [463] [DEBUG] Populating the test cases to the QTableWidget
2019-06-25 15:40:33.571 IST: [helpers.console_QthreadPool] [__init__] [40] [INFO] In Worker Class
2019-06-25 15:40:33.571 IST: [helpers.console_QthreadPool] [ssh_login] [127] [INFO] In ssh_login
2019-06-25 15:40:33.571 IST: [helpers.yaml_utils] [read_yml] [28] [DEBUG] Getting the password from config.yaml file
2019-06-25 15:40:33.572 IST: [helpers.console_QthreadPool] [ssh_login] [133] [DEBUG] Got the IP = 192.168.1.22
2019-06-25 15:40:33.572 IST: [helpers.yaml_utils] [read_yml] [28] [DEBUG] Getting the password from config.yaml file
2019-06-25 15:40:33.573 IST: [helpers.console_QthreadPool] [ssh_login] [135] [DEBUG] Got the User Name = pi
2019-06-25 15:40:33.573 IST: [helpers.yaml_utils] [read_yml] [28] [DEBUG] Getting the password from config.yaml file
2019-06-25 15:40:33.575 IST: [helpers.console_QthreadPool] [ssh_login] [138] [DEBUG] Got the SSH object <paramiko.client.SSHClient object at 0x7f5166f2fda0>
2019-06-25 15:40:33.628 IST: [helpers.console_QthreadPool] [ssh_login] [143] [INFO] Pingiing to 192.168.1.22
2019-06-25 15:40:33.628 IST: [helpers.ping] [ping_host] [14] [DEBUG] In method ping_host
2019-06-25 15:40:33.637 IST: [helpers.ping] [ping_host] [18] [DEBUG] Result of ping = <subprocess.Popen object at 0x7f5166f2fdd8>
2019-06-25 15:40:34.041 IST: [helpers.console_QthreadPool] [ssh_login] [155] [DEBUG] connected to host 192.168.1.22 with user name pi
2019-06-25 15:40:34.046 IST: [helpers.output_write] [create_dir_structure] [126] [INFO] In create_dir_structure
2019-06-25 15:40:34.046 IST: [helpers.console_QthreadPool] [run] [53] [INFO] In Run method
2019-06-25 15:40:34.046 IST: [helpers.output_write] [change_to_script_directory] [112] [INFO] In change_to_script_directory
2019-06-25 15:40:34.047 IST: [helpers.console_QthreadPool] [run] [55] [INFO] Executing the selected Test cases
2019-06-25 15:40:34.047 IST: [helpers.output_write] [change_to_script_directory] [115] [DEBUG] after getting the path of the script /home/shaik/Desktop/Working_DDTT/Device_Driver_Testing_Tool_mod/helpers
2019-06-25 15:40:34.047 IST: [helpers.console_QthreadPool] [run] [64] [INFO] ########################################
2019-06-25 15:40:34.047 IST: [helpers.output_write] [change_to_script_directory] [116] [DEBUG] Changing the dir to /home/shaik/Desktop/Working_DDTT/Device_Driver_Testing_Tool_mod/helpers
2019-06-25 15:40:34.048 IST: [helpers.console_QthreadPool] [run] [65] [DEBUG] Trying for 1 time:
2019-06-25 15:40:34.048 IST: [helpers.output_write] [create_dir_structure] [134] [DEBUG] Path to be Created = /home/shaik/Desktop/Working_DDTT/Device_Driver_Testing_Tool_mod/results/RPI3/SPI/ADC/test_all_for_demo
2019-06-25 15:40:34.048 IST: [helpers.console_QthreadPool] [run] [66] [INFO] ########################################
2019-06-25 15:40:34.048 IST: [helpers.console_QthreadPool] [run] [68] [DEBUG] global_constants.STOP_ENABLED
2019-06-25 15:40:34.049 IST: [helpers.console_QthreadPool] [run] [77] [DEBUG] Executing the test case Test001
2019-06-25 15:40:34.049 IST: [helpers.console_QthreadPool] [ssh_exe_cmd] [174] [DEBUG] inside ssh_exe_cmd
2019-06-25 15:40:34.049 IST: [helpers.console_QthreadPool] [ssh_exe_cmd] [175] [DEBUG] ret_val ssh_login function <paramiko.client.SSHClient object at 0x7f5166f2fda0>
2019-06-25 15:40:34.049 IST: [helpers.console_QthreadPool] [ssh_exe_cmd] [185] [DEBUG] Command to Execute ./runltp -s spi01 -p -l RUN_LTP_ON-2019_06_25-10h_10m_34s.log
2019-06-25 15:40:34.049 IST: [helpers.yaml_utils] [read_yml] [28] [DEBUG] Getting the password from config.yaml file
2019-06-25 15:40:34.052 IST: [helpers.console_QthreadPool] [ssh_exe_cmd] [191] [DEBUG] ssh cmd is cd /opt/ltp/;echo 'neha123' | sudo -S ./runltp -s spi01 -p -l RUN_LTP_ON-2019_06_25-10h_10m_34s.log
2019-06-25 15:40:34.086 IST: [helpers.output_write] [create_dir_structure] [141] [DEBUG] Path = /home/shaik/Desktop/Working_DDTT/Device_Driver_Testing_Tool_mod/results/RPI3/SPI/ADC/test_all_for_demo
2019-06-25 15:40:34.086 IST: [helpers.parser] [get_count] [25] [INFO] In get_count
2019-06-25 15:40:34.087 IST: [helpers.parser] [get_count] [37] [DEBUG] Test Passed = 0 and Test Failed = 0
2019-06-25 15:40:34.245 IST: [helpers.console_QthreadPool] [ssh_exe_cmd] [195] [DEBUG] channel = <paramiko.Channel 0 (open) window=0 -> <paramiko.Transport at 0x66f2fdd8 (cipher aes128-ctr, 128 bits) (active; 1 open channel(s))>>
2019-06-25 15:40:34.246 IST: [helpers.console_QthreadPool] [ssh_exe_cmd] [197] [INFO] Executing the command
2019-06-25 15:40:34.336 IST: [helpers.console_QthreadPool] [ssh_exe_cmd] [207] [INFO] Going into the while loop
2019-06-25 15:41:15.448 IST: [helpers.console_QthreadPool] [ssh_exe_cmd] [215] [INFO] Got the data from the buffer
2019-06-25 15:41:15.450 IST: [helpers.console_QthreadPool] [run] [82] [DEBUG] ****Test Execution Completed*****
2019-06-25 15:41:15.450 IST: [helpers.console_QthreadPool] [run] [84] [DEBUG] Test Name Test001
2019-06-25 15:41:15.451 IST: [helpers.console_QthreadPool] [run] [88] [DEBUG] test_index - 1
2019-06-25 15:41:15.451 IST: [helpers.console_QthreadPool] [run] [90] [DEBUG] len of index - 5
2019-06-25 15:41:15.451 IST: [helpers.console_QthreadPool] [run] [93] [DEBUG] value = 20
2019-06-25 15:41:15.451 IST: [helpers.console_QthreadPool] [run] [64] [INFO] ########################################
2019-06-25 15:41:15.452 IST: [helpers.console_QthreadPool] [run] [65] [DEBUG] Trying for 2 time:
2019-06-25 15:41:15.452 IST: [helpers.console_QthreadPool] [run] [66] [INFO] ########################################
2019-06-25 15:41:15.452 IST: [helpers.console_QthreadPool] [run] [68] [DEBUG] global_constants.STOP_ENABLED
2019-06-25 15:41:15.452 IST: [helpers.console_QthreadPool] [run] [77] [DEBUG] Executing the test case Test002
2019-06-25 15:41:15.453 IST: [helpers.console_QthreadPool] [ssh_exe_cmd] [174] [DEBUG] inside ssh_exe_cmd
2019-06-25 15:41:15.453 IST: [helpers.console_QthreadPool] [ssh_exe_cmd] [175] [DEBUG] ret_val ssh_login function <paramiko.client.SSHClient object at 0x7f5166f2fda0>
2019-06-25 15:41:15.453 IST: [helpers.console_QthreadPool] [ssh_exe_cmd] [185] [DEBUG] Command to Execute ./runltp -s spi02 -p -l RUN_LTP_ON-2019_06_25-10h_11m_15s.log
2019-06-25 15:41:15.453 IST: [helpers.yaml_utils] [read_yml] [28] [DEBUG] Getting the password from config.yaml file
2019-06-25 15:41:15.457 IST: [helpers.console_QthreadPool] [ssh_exe_cmd] [191] [DEBUG] ssh cmd is cd /opt/ltp/;echo 'neha123' | sudo -S ./runltp -s spi02 -p -l RUN_LTP_ON-2019_06_25-10h_11m_15s.log
2019-06-25 15:41:15.457 IST: [helpers.console_QthreadPool] [write_output] [267] [DEBUG] Writing to the file path = /home/shaik/Desktop/Working_DDTT/Device_Driver_Testing_Tool_mod/results/RPI3/SPI/ADC/test_all_for_demo and test name = Test001
2019-06-25 15:41:15.458 IST: [helpers.output_write] [make_test_dir] [56] [INFO] In make_test_dir
2019-06-25 15:41:15.458 IST: [helpers.output_write] [change_to_script_directory] [112] [INFO] In change_to_script_directory
2019-06-25 15:41:15.459 IST: [helpers.output_write] [change_to_script_directory] [115] [DEBUG] after getting the path of the script /home/shaik/Desktop/Working_DDTT/Device_Driver_Testing_Tool_mod/helpers
2019-06-25 15:41:15.459 IST: [helpers.output_write] [change_to_script_directory] [116] [DEBUG] Changing the dir to /home/shaik/Desktop/Working_DDTT/Device_Driver_Testing_Tool_mod/helpers
2019-06-25 15:41:15.459 IST: [helpers.output_write] [make_test_dir] [59] [DEBUG] Path with Test name = /home/shaik/Desktop/Working_DDTT/Device_Driver_Testing_Tool_mod/results/RPI3/SPI/ADC/test_all_for_demo/Test001
2019-06-25 15:41:15.459 IST: [helpers.output_write] [get_time_stamp] [97] [INFO] In get_time_stamp
2019-06-25 15:41:15.460 IST: [helpers.output_write] [get_time_stamp] [101] [DEBUG] Time Stamp Readable  2019_06_25-03h_41m_15s_PM
2019-06-25 15:41:15.460 IST: [helpers.output_write] [write_to_file] [76] [DEBUG] Changing the dir to /home/shaik/Desktop/Working_DDTT/Device_Driver_Testing_Tool_mod/results/RPI3/SPI/ADC/test_all_for_demo/Test001
2019-06-25 15:41:15.460 IST: [helpers.output_write] [write_to_file] [83] [DEBUG] The file name after joining = /home/shaik/Desktop/Working_DDTT/Device_Driver_Testing_Tool_mod/results/RPI3/SPI/ADC/test_all_for_demo/Test001/Test001 2019_06_25-03h_41m_15s_PM
2019-06-25 15:41:15.461 IST: [helpers.output_write] [write_to_file] [85] [DEBUG] Writing Test case output to the file
2019-06-25 15:41:15.461 IST: [helpers.parser] [get_count] [25] [INFO] In get_count
2019-06-25 15:41:15.462 IST: [helpers.parser] [get_count] [37] [DEBUG] Test Passed = 1 and Test Failed = 0
2019-06-25 15:41:15.462 IST: [helpers.console_QthreadPool] [pie_chart_slot] [317] [DEBUG] Updating the PieChart
2019-06-25 15:41:15.503 IST: [helpers.console_QthreadPool] [ssh_exe_cmd] [195] [DEBUG] channel = <paramiko.Channel 1 (open) window=0 -> <paramiko.Transport at 0x66f2fdd8 (cipher aes128-ctr, 128 bits) (active; 1 open channel(s))>>
2019-06-25 15:41:15.504 IST: [helpers.console_QthreadPool] [ssh_exe_cmd] [197] [INFO] Executing the command
2019-06-25 15:41:15.621 IST: [helpers.console_QthreadPool] [ssh_exe_cmd] [207] [INFO] Going into the while loop
2019-06-25 15:41:53.697 IST: [helpers.console_QthreadPool] [ssh_exe_cmd] [215] [INFO] Got the data from the buffer
2019-06-25 15:41:53.698 IST: [helpers.console_QthreadPool] [run] [82] [DEBUG] ****Test Execution Completed*****
2019-06-25 15:41:53.698 IST: [helpers.console_QthreadPool] [run] [84] [DEBUG] Test Name Test002
2019-06-25 15:41:53.699 IST: [helpers.console_QthreadPool] [run] [88] [DEBUG] test_index - 2
2019-06-25 15:41:53.699 IST: [helpers.console_QthreadPool] [run] [90] [DEBUG] len of index - 5
2019-06-25 15:41:53.699 IST: [helpers.console_QthreadPool] [run] [93] [DEBUG] value = 40
2019-06-25 15:41:53.705 IST: [helpers.console_QthreadPool] [write_output] [267] [DEBUG] Writing to the file path = /home/shaik/Desktop/Working_DDTT/Device_Driver_Testing_Tool_mod/results/RPI3/SPI/ADC/test_all_for_demo and test name = Test002
2019-06-25 15:41:53.705 IST: [helpers.console_QthreadPool] [run] [64] [INFO] ########################################
2019-06-25 15:41:53.705 IST: [helpers.output_write] [make_test_dir] [56] [INFO] In make_test_dir
2019-06-25 15:41:53.705 IST: [helpers.console_QthreadPool] [run] [65] [DEBUG] Trying for 3 time:
2019-06-25 15:41:53.706 IST: [helpers.output_write] [change_to_script_directory] [112] [INFO] In change_to_script_directory
2019-06-25 15:41:53.706 IST: [helpers.console_QthreadPool] [run] [66] [INFO] ########################################
2019-06-25 15:41:53.706 IST: [helpers.output_write] [change_to_script_directory] [115] [DEBUG] after getting the path of the script /home/shaik/Desktop/Working_DDTT/Device_Driver_Testing_Tool_mod/helpers
2019-06-25 15:41:53.706 IST: [helpers.console_QthreadPool] [run] [68] [DEBUG] global_constants.STOP_ENABLED
2019-06-25 15:41:53.707 IST: [helpers.output_write] [change_to_script_directory] [116] [DEBUG] Changing the dir to /home/shaik/Desktop/Working_DDTT/Device_Driver_Testing_Tool_mod/helpers
2019-06-25 15:41:53.707 IST: [helpers.console_QthreadPool] [run] [77] [DEBUG] Executing the test case Test003
2019-06-25 15:41:53.707 IST: [helpers.output_write] [make_test_dir] [59] [DEBUG] Path with Test name = /home/shaik/Desktop/Working_DDTT/Device_Driver_Testing_Tool_mod/results/RPI3/SPI/ADC/test_all_for_demo/Test002
2019-06-25 15:41:53.707 IST: [helpers.console_QthreadPool] [ssh_exe_cmd] [174] [DEBUG] inside ssh_exe_cmd
2019-06-25 15:41:53.708 IST: [helpers.output_write] [get_time_stamp] [97] [INFO] In get_time_stamp
2019-06-25 15:41:53.708 IST: [helpers.console_QthreadPool] [ssh_exe_cmd] [175] [DEBUG] ret_val ssh_login function <paramiko.client.SSHClient object at 0x7f5166f2fda0>
2019-06-25 15:41:53.708 IST: [helpers.output_write] [get_time_stamp] [101] [DEBUG] Time Stamp Readable  2019_06_25-03h_41m_53s_PM
2019-06-25 15:41:53.711 IST: [helpers.output_write] [write_to_file] [76] [DEBUG] Changing the dir to /home/shaik/Desktop/Working_DDTT/Device_Driver_Testing_Tool_mod/results/RPI3/SPI/ADC/test_all_for_demo/Test002
2019-06-25 15:41:53.711 IST: [helpers.console_QthreadPool] [ssh_exe_cmd] [185] [DEBUG] Command to Execute ./runltp -s spi03 -p -l RUN_LTP_ON-2019_06_25-10h_11m_53s.log
2019-06-25 15:41:53.711 IST: [helpers.output_write] [write_to_file] [83] [DEBUG] The file name after joining = /home/shaik/Desktop/Working_DDTT/Device_Driver_Testing_Tool_mod/results/RPI3/SPI/ADC/test_all_for_demo/Test002/Test002 2019_06_25-03h_41m_53s_PM
2019-06-25 15:41:53.712 IST: [helpers.yaml_utils] [read_yml] [28] [DEBUG] Getting the password from config.yaml file
2019-06-25 15:41:53.712 IST: [helpers.output_write] [write_to_file] [85] [DEBUG] Writing Test case output to the file
2019-06-25 15:41:53.714 IST: [helpers.console_QthreadPool] [ssh_exe_cmd] [191] [DEBUG] ssh cmd is cd /opt/ltp/;echo 'neha123' | sudo -S ./runltp -s spi03 -p -l RUN_LTP_ON-2019_06_25-10h_11m_53s.log
2019-06-25 15:41:53.715 IST: [helpers.parser] [get_count] [25] [INFO] In get_count
2019-06-25 15:41:53.715 IST: [helpers.parser] [get_count] [37] [DEBUG] Test Passed = 1 and Test Failed = 0
2019-06-25 15:41:53.716 IST: [helpers.console_QthreadPool] [pie_chart_slot] [317] [DEBUG] Updating the PieChart
2019-06-25 15:41:53.743 IST: [helpers.console_QthreadPool] [ssh_exe_cmd] [195] [DEBUG] channel = <paramiko.Channel 2 (open) window=0 -> <paramiko.Transport at 0x66f2fdd8 (cipher aes128-ctr, 128 bits) (active; 1 open channel(s))>>
2019-06-25 15:41:53.743 IST: [helpers.console_QthreadPool] [ssh_exe_cmd] [197] [INFO] Executing the command
2019-06-25 15:41:53.834 IST: [helpers.console_QthreadPool] [ssh_exe_cmd] [207] [INFO] Going into the while loop
2019-06-25 15:42:34.826 IST: [helpers.console_QthreadPool] [ssh_exe_cmd] [215] [INFO] Got the data from the buffer
2019-06-25 15:42:34.827 IST: [helpers.console_QthreadPool] [run] [82] [DEBUG] ****Test Execution Completed*****
2019-06-25 15:42:34.827 IST: [helpers.console_QthreadPool] [run] [84] [DEBUG] Test Name Test003
2019-06-25 15:42:34.828 IST: [helpers.console_QthreadPool] [run] [88] [DEBUG] test_index - 3
2019-06-25 15:42:34.828 IST: [helpers.console_QthreadPool] [run] [90] [DEBUG] len of index - 5
2019-06-25 15:42:34.828 IST: [helpers.console_QthreadPool] [write_output] [267] [DEBUG] Writing to the file path = /home/shaik/Desktop/Working_DDTT/Device_Driver_Testing_Tool_mod/results/RPI3/SPI/ADC/test_all_for_demo and test name = Test003
2019-06-25 15:42:34.828 IST: [helpers.console_QthreadPool] [run] [93] [DEBUG] value = 60
2019-06-25 15:42:34.829 IST: [helpers.output_write] [make_test_dir] [56] [INFO] In make_test_dir
2019-06-25 15:42:34.831 IST: [helpers.console_QthreadPool] [run] [64] [INFO] ########################################
2019-06-25 15:42:34.831 IST: [helpers.output_write] [change_to_script_directory] [112] [INFO] In change_to_script_directory
2019-06-25 15:42:34.831 IST: [helpers.console_QthreadPool] [run] [65] [DEBUG] Trying for 4 time:
2019-06-25 15:42:34.832 IST: [helpers.output_write] [change_to_script_directory] [115] [DEBUG] after getting the path of the script /home/shaik/Desktop/Working_DDTT/Device_Driver_Testing_Tool_mod/helpers
2019-06-25 15:42:34.832 IST: [helpers.console_QthreadPool] [run] [66] [INFO] ########################################
2019-06-25 15:42:34.832 IST: [helpers.output_write] [change_to_script_directory] [116] [DEBUG] Changing the dir to /home/shaik/Desktop/Working_DDTT/Device_Driver_Testing_Tool_mod/helpers
2019-06-25 15:42:34.832 IST: [helpers.console_QthreadPool] [run] [68] [DEBUG] global_constants.STOP_ENABLED
2019-06-25 15:42:34.833 IST: [helpers.output_write] [make_test_dir] [59] [DEBUG] Path with Test name = /home/shaik/Desktop/Working_DDTT/Device_Driver_Testing_Tool_mod/results/RPI3/SPI/ADC/test_all_for_demo/Test003
2019-06-25 15:42:34.833 IST: [helpers.console_QthreadPool] [run] [77] [DEBUG] Executing the test case Test004
2019-06-25 15:42:34.833 IST: [helpers.console_QthreadPool] [ssh_exe_cmd] [174] [DEBUG] inside ssh_exe_cmd
2019-06-25 15:42:34.834 IST: [helpers.output_write] [get_time_stamp] [97] [INFO] In get_time_stamp
2019-06-25 15:42:34.834 IST: [helpers.console_QthreadPool] [ssh_exe_cmd] [175] [DEBUG] ret_val ssh_login function <paramiko.client.SSHClient object at 0x7f5166f2fda0>
2019-06-25 15:42:34.834 IST: [helpers.output_write] [get_time_stamp] [101] [DEBUG] Time Stamp Readable  2019_06_25-03h_42m_34s_PM
2019-06-25 15:42:34.834 IST: [helpers.console_QthreadPool] [ssh_exe_cmd] [185] [DEBUG] Command to Execute ./runltp -s spi04 -p -l RUN_LTP_ON-2019_06_25-10h_12m_34s.log
2019-06-25 15:42:34.835 IST: [helpers.output_write] [write_to_file] [76] [DEBUG] Changing the dir to /home/shaik/Desktop/Working_DDTT/Device_Driver_Testing_Tool_mod/results/RPI3/SPI/ADC/test_all_for_demo/Test003
2019-06-25 15:42:34.835 IST: [helpers.yaml_utils] [read_yml] [28] [DEBUG] Getting the password from config.yaml file
2019-06-25 15:42:34.835 IST: [helpers.output_write] [write_to_file] [83] [DEBUG] The file name after joining = /home/shaik/Desktop/Working_DDTT/Device_Driver_Testing_Tool_mod/results/RPI3/SPI/ADC/test_all_for_demo/Test003/Test003 2019_06_25-03h_42m_34s_PM
2019-06-25 15:42:34.836 IST: [helpers.yaml_utils] [read_yml] [35] [ERROR] Unable get the IP:SSH_PASSWD from config file [Errno 2] No such file or directory: '../resources/config.yaml'
Traceback (most recent call last):
  File "/home/shaik/Desktop/Working_DDTT/Device_Driver_Testing_Tool_mod/helpers/yaml_utils.py", line 29, in read_yml
    with open('../resources/config.yaml', 'r') as file_obj:
FileNotFoundError: [Errno 2] No such file or directory: '../resources/config.yaml'
2019-06-25 15:42:34.836 IST: [helpers.output_write] [write_to_file] [85] [DEBUG] Writing Test case output to the file
2019-06-25 15:42:34.836 IST: [helpers.console_QthreadPool] [ssh_exe_cmd] [191] [DEBUG] ssh cmd is cd /opt/ltp/;echo 'None' | sudo -S ./runltp -s spi04 -p -l RUN_LTP_ON-2019_06_25-10h_12m_34s.log
2019-06-25 15:42:34.837 IST: [helpers.parser] [get_count] [25] [INFO] In get_count
2019-06-25 15:42:34.838 IST: [helpers.parser] [get_count] [37] [DEBUG] Test Passed = 1 and Test Failed = 0
2019-06-25 15:42:34.838 IST: [helpers.console_QthreadPool] [pie_chart_slot] [317] [DEBUG] Updating the PieChart
2019-06-25 15:42:34.873 IST: [helpers.console_QthreadPool] [ssh_exe_cmd] [195] [DEBUG] channel = <paramiko.Channel 3 (open) window=0 -> <paramiko.Transport at 0x66f2fdd8 (cipher aes128-ctr, 128 bits) (active; 1 open channel(s))>>
2019-06-25 15:42:34.873 IST: [helpers.console_QthreadPool] [ssh_exe_cmd] [197] [INFO] Executing the command
2019-06-25 15:42:34.966 IST: [helpers.console_QthreadPool] [ssh_exe_cmd] [207] [INFO] Going into the while loop
2019-06-25 15:43:19.670 IST: [helpers.console_QthreadPool] [ssh_exe_cmd] [215] [INFO] Got the data from the buffer
2019-06-25 15:43:19.672 IST: [helpers.console_QthreadPool] [run] [82] [DEBUG] ****Test Execution Completed*****
2019-06-25 15:43:19.672 IST: [helpers.console_QthreadPool] [run] [84] [DEBUG] Test Name Test004
2019-06-25 15:43:19.672 IST: [helpers.console_QthreadPool] [run] [88] [DEBUG] test_index - 4
2019-06-25 15:43:19.672 IST: [helpers.console_QthreadPool] [write_output] [267] [DEBUG] Writing to the file path = /home/shaik/Desktop/Working_DDTT/Device_Driver_Testing_Tool_mod/results/RPI3/SPI/ADC/test_all_for_demo and test name = Test004
2019-06-25 15:43:19.673 IST: [helpers.console_QthreadPool] [run] [90] [DEBUG] len of index - 5
2019-06-25 15:43:19.673 IST: [helpers.output_write] [make_test_dir] [56] [INFO] In make_test_dir
2019-06-25 15:43:19.673 IST: [helpers.console_QthreadPool] [run] [93] [DEBUG] value = 80
2019-06-25 15:43:19.674 IST: [helpers.output_write] [change_to_script_directory] [112] [INFO] In change_to_script_directory
2019-06-25 15:43:19.676 IST: [helpers.console_QthreadPool] [run] [64] [INFO] ########################################
2019-06-25 15:43:19.676 IST: [helpers.output_write] [change_to_script_directory] [115] [DEBUG] after getting the path of the script /home/shaik/Desktop/Working_DDTT/Device_Driver_Testing_Tool_mod/helpers
2019-06-25 15:43:19.676 IST: [helpers.console_QthreadPool] [run] [65] [DEBUG] Trying for 5 time:
2019-06-25 15:43:19.677 IST: [helpers.output_write] [change_to_script_directory] [116] [DEBUG] Changing the dir to /home/shaik/Desktop/Working_DDTT/Device_Driver_Testing_Tool_mod/helpers
2019-06-25 15:43:19.677 IST: [helpers.console_QthreadPool] [run] [66] [INFO] ########################################
2019-06-25 15:43:19.677 IST: [helpers.output_write] [make_test_dir] [59] [DEBUG] Path with Test name = /home/shaik/Desktop/Working_DDTT/Device_Driver_Testing_Tool_mod/results/RPI3/SPI/ADC/test_all_for_demo/Test004
2019-06-25 15:43:19.677 IST: [helpers.console_QthreadPool] [run] [68] [DEBUG] global_constants.STOP_ENABLED
2019-06-25 15:43:19.678 IST: [helpers.console_QthreadPool] [run] [77] [DEBUG] Executing the test case Test005
2019-06-25 15:43:19.678 IST: [helpers.output_write] [get_time_stamp] [97] [INFO] In get_time_stamp
2019-06-25 15:43:19.678 IST: [helpers.console_QthreadPool] [ssh_exe_cmd] [174] [DEBUG] inside ssh_exe_cmd
2019-06-25 15:43:19.679 IST: [helpers.output_write] [get_time_stamp] [101] [DEBUG] Time Stamp Readable  2019_06_25-03h_43m_19s_PM
2019-06-25 15:43:19.679 IST: [helpers.console_QthreadPool] [ssh_exe_cmd] [175] [DEBUG] ret_val ssh_login function <paramiko.client.SSHClient object at 0x7f5166f2fda0>
2019-06-25 15:43:19.679 IST: [helpers.output_write] [write_to_file] [76] [DEBUG] Changing the dir to /home/shaik/Desktop/Working_DDTT/Device_Driver_Testing_Tool_mod/results/RPI3/SPI/ADC/test_all_for_demo/Test004
2019-06-25 15:43:19.680 IST: [helpers.console_QthreadPool] [ssh_exe_cmd] [185] [DEBUG] Command to Execute ./runltp -s spi05 -p -l RUN_LTP_ON-2019_06_25-10h_13m_19s.log
2019-06-25 15:43:19.680 IST: [helpers.output_write] [write_to_file] [83] [DEBUG] The file name after joining = /home/shaik/Desktop/Working_DDTT/Device_Driver_Testing_Tool_mod/results/RPI3/SPI/ADC/test_all_for_demo/Test004/Test004 2019_06_25-03h_43m_19s_PM
2019-06-25 15:43:19.680 IST: [helpers.yaml_utils] [read_yml] [28] [DEBUG] Getting the password from config.yaml file
2019-06-25 15:43:19.681 IST: [helpers.output_write] [write_to_file] [85] [DEBUG] Writing Test case output to the file
2019-06-25 15:43:19.683 IST: [helpers.console_QthreadPool] [ssh_exe_cmd] [191] [DEBUG] ssh cmd is cd /opt/ltp/;echo 'neha123' | sudo -S ./runltp -s spi05 -p -l RUN_LTP_ON-2019_06_25-10h_13m_19s.log
2019-06-25 15:43:19.683 IST: [helpers.parser] [get_count] [25] [INFO] In get_count
2019-06-25 15:43:19.684 IST: [helpers.parser] [get_count] [37] [DEBUG] Test Passed = 1 and Test Failed = 0
2019-06-25 15:43:19.684 IST: [helpers.console_QthreadPool] [pie_chart_slot] [317] [DEBUG] Updating the PieChart
2019-06-25 15:43:19.722 IST: [helpers.console_QthreadPool] [ssh_exe_cmd] [195] [DEBUG] channel = <paramiko.Channel 4 (open) window=0 -> <paramiko.Transport at 0x66f2fdd8 (cipher aes128-ctr, 128 bits) (active; 1 open channel(s))>>
2019-06-25 15:43:19.723 IST: [helpers.console_QthreadPool] [ssh_exe_cmd] [197] [INFO] Executing the command
2019-06-25 15:43:19.814 IST: [helpers.console_QthreadPool] [ssh_exe_cmd] [207] [INFO] Going into the while loop
2019-06-25 15:44:01.179 IST: [helpers.console_QthreadPool] [ssh_exe_cmd] [215] [INFO] Got the data from the buffer
2019-06-25 15:44:01.180 IST: [helpers.console_QthreadPool] [run] [82] [DEBUG] ****Test Execution Completed*****
2019-06-25 15:44:01.180 IST: [helpers.console_QthreadPool] [run] [84] [DEBUG] Test Name Test005
2019-06-25 15:44:01.181 IST: [helpers.console_QthreadPool] [run] [88] [DEBUG] test_index - 5
2019-06-25 15:44:01.181 IST: [helpers.console_QthreadPool] [write_output] [267] [DEBUG] Writing to the file path = /home/shaik/Desktop/Working_DDTT/Device_Driver_Testing_Tool_mod/results/RPI3/SPI/ADC/test_all_for_demo and test name = Test005
2019-06-25 15:44:01.181 IST: [helpers.console_QthreadPool] [run] [90] [DEBUG] len of index - 5
2019-06-25 15:44:01.182 IST: [helpers.output_write] [make_test_dir] [56] [INFO] In make_test_dir
2019-06-25 15:44:01.182 IST: [helpers.console_QthreadPool] [run] [93] [DEBUG] value = 100
2019-06-25 15:44:01.182 IST: [helpers.output_write] [change_to_script_directory] [112] [INFO] In change_to_script_directory
2019-06-25 15:44:01.185 IST: [helpers.output_write] [change_to_script_directory] [115] [DEBUG] after getting the path of the script /home/shaik/Desktop/Working_DDTT/Device_Driver_Testing_Tool_mod/helpers
2019-06-25 15:44:01.185 IST: [helpers.console_QthreadPool] [run] [106] [INFO] ******Executed Test Cases******
2019-06-25 15:44:01.185 IST: [helpers.output_write] [change_to_script_directory] [116] [DEBUG] Changing the dir to /home/shaik/Desktop/Working_DDTT/Device_Driver_Testing_Tool_mod/helpers
2019-06-25 15:44:01.186 IST: [helpers.output_write] [make_test_dir] [59] [DEBUG] Path with Test name = /home/shaik/Desktop/Working_DDTT/Device_Driver_Testing_Tool_mod/results/RPI3/SPI/ADC/test_all_for_demo/Test005
2019-06-25 15:44:01.186 IST: [helpers.output_write] [get_time_stamp] [97] [INFO] In get_time_stamp
2019-06-25 15:44:01.187 IST: [helpers.output_write] [get_time_stamp] [101] [DEBUG] Time Stamp Readable  2019_06_25-03h_44m_01s_PM
2019-06-25 15:44:01.187 IST: [helpers.output_write] [write_to_file] [76] [DEBUG] Changing the dir to /home/shaik/Desktop/Working_DDTT/Device_Driver_Testing_Tool_mod/results/RPI3/SPI/ADC/test_all_for_demo/Test005
2019-06-25 15:44:01.187 IST: [helpers.output_write] [write_to_file] [83] [DEBUG] The file name after joining = /home/shaik/Desktop/Working_DDTT/Device_Driver_Testing_Tool_mod/results/RPI3/SPI/ADC/test_all_for_demo/Test005/Test005 2019_06_25-03h_44m_01s_PM
2019-06-25 15:44:01.188 IST: [helpers.output_write] [write_to_file] [85] [DEBUG] Writing Test case output to the file
2019-06-25 15:44:01.188 IST: [helpers.parser] [get_count] [25] [INFO] In get_count
2019-06-25 15:44:01.189 IST: [helpers.parser] [get_count] [37] [DEBUG] Test Passed = 1 and Test Failed = 0
2019-06-25 15:44:01.189 IST: [helpers.console_QthreadPool] [pie_chart_slot] [317] [DEBUG] Updating the PieChart
