2019-06-25 15:45:31.730 IST: [helpers.actions] [on_board_changed] [168] [INFO] Board QCombobox is changed RPI3
2019-06-25 15:45:33.427 IST: [helpers.actions] [on_interface_changed] [177] [INFO] Interface QCombobox is changed to SPI
2019-06-25 15:45:34.390 IST: [helpers.actions] [on_device_changed] [187] [INFO] Device QCombobox is changed to ADC
2019-06-25 15:45:54.821 IST: [helpers.actions] [on_interface_changed] [177] [INFO] Interface QCombobox is changed to I2C
2019-06-25 15:45:56.257 IST: [helpers.actions] [on_device_changed] [187] [INFO] Device QCombobox is changed to RTC
2019-06-25 15:46:02.078 IST: [helpers.common] [clear_QtableWidget] [13] [INFO] Getting the test cases from a file
2019-06-25 15:46:02.078 IST: [helpers.common] [clear_QtableWidget] [40] [ERROR] 'Ui_MainWindow' object has no attribute 'count'
Traceback (most recent call last):
  File "/home/shaik/Desktop/Working_DDTT/Device_Driver_Testing_Tool_mod/helpers/common.py", line 29, in clear_QtableWidget
    self.gui_utils.tableWidget.setRowCount(self.gui_utils.count)
AttributeError: 'Ui_MainWindow' object has no attribute 'count'
2019-06-25 15:46:02.085 IST: [helpers.actions] [populate_test_create_tab] [617] [INFO] Getting the test cases from a file
2019-06-25 15:46:02.086 IST: [helpers.actions] [populate_test_create_tab] [636] [DEBUG] Populating the test cases to the QTableWidget
2019-06-25 15:46:03.610 IST: [helpers.actions] [select_all] [326] [INFO] Selecting the All test cases
2019-06-25 15:46:03.611 IST: [helpers.actions] [select_all] [332] [DEBUG] Checking 0 Test case
2019-06-25 15:46:03.611 IST: [helpers.actions] [select_all] [332] [DEBUG] Checking 1 Test case
2019-06-25 15:46:03.611 IST: [helpers.actions] [select_all] [332] [DEBUG] Checking 2 Test case
2019-06-25 15:46:03.611 IST: [helpers.actions] [select_all] [332] [DEBUG] Checking 3 Test case
2019-06-25 15:46:03.612 IST: [helpers.actions] [select_all] [332] [DEBUG] Checking 4 Test case
2019-06-25 15:46:03.612 IST: [helpers.actions] [select_all] [332] [DEBUG] Checking 5 Test case
2019-06-25 15:46:06.670 IST: [helpers.actions] [get_selected_items] [93] [INFO] Getting the selected items
2019-06-25 15:46:06.670 IST: [helpers.actions] [get_selected_items] [97] [INFO] Getting the selected items from QTableWidget
2019-06-25 15:46:06.670 IST: [helpers.actions] [get_selected_items] [103] [DEBUG] Checking each test cases 0
2019-06-25 15:46:06.671 IST: [helpers.actions] [get_selected_items] [107] [DEBUG] Appending the items to the List
2019-06-25 15:46:06.671 IST: [helpers.actions] [get_selected_items] [103] [DEBUG] Checking each test cases 1
2019-06-25 15:46:06.671 IST: [helpers.actions] [get_selected_items] [107] [DEBUG] Appending the items to the List
2019-06-25 15:46:06.671 IST: [helpers.actions] [get_selected_items] [103] [DEBUG] Checking each test cases 2
2019-06-25 15:46:06.671 IST: [helpers.actions] [get_selected_items] [107] [DEBUG] Appending the items to the List
2019-06-25 15:46:06.672 IST: [helpers.actions] [get_selected_items] [103] [DEBUG] Checking each test cases 3
2019-06-25 15:46:06.672 IST: [helpers.actions] [get_selected_items] [107] [DEBUG] Appending the items to the List
2019-06-25 15:46:06.672 IST: [helpers.actions] [get_selected_items] [103] [DEBUG] Checking each test cases 4
2019-06-25 15:46:06.672 IST: [helpers.actions] [get_selected_items] [107] [DEBUG] Appending the items to the List
2019-06-25 15:46:06.672 IST: [helpers.actions] [get_selected_items] [103] [DEBUG] Checking each test cases 5
2019-06-25 15:46:06.673 IST: [helpers.actions] [get_selected_items] [107] [DEBUG] Appending the items to the List
2019-06-25 15:46:06.673 IST: [helpers.actions] [get_selected_items] [109] [INFO] Storing the checked items in a global variable
2019-06-25 15:46:06.677 IST: [helpers.actions] [get_selected_items] [155] [DEBUG] Valid Selection and Valid Test Case Name test_all_i2c
2019-06-25 15:46:07.733 IST: [helpers.actions] [on_start_button_clicked] [208] [INFO] Start Button Clicked
2019-06-25 15:46:07.733 IST: [helpers.actions] [on_start_button_clicked] [218] [INFO] Disabling the start button once execution has started
2019-06-25 15:46:07.733 IST: [helpers.actions] [on_start_button_clicked] [220] [INFO] Enabling stop button once execution has started
2019-06-25 15:46:07.734 IST: [helpers.actions] [on_start_button_clicked] [223] [DEBUG] Reading the password from config file
2019-06-25 15:46:07.734 IST: [helpers.yaml_utils] [read_yml] [28] [DEBUG] Getting the password from config.yaml file
2019-06-25 15:46:07.739 IST: [helpers.actions] [on_start_button_clicked] [238] [DEBUG] SPI test cases are executing
2019-06-25 15:46:07.740 IST: [helpers.actions] [load_selected_test_cases_to_tab] [434] [INFO] Getting the test cases from a file
2019-06-25 15:46:07.740 IST: [helpers.actions] [load_selected_test_cases_to_tab] [463] [DEBUG] Populating the test cases to the QTableWidget
2019-06-25 15:46:07.743 IST: [helpers.console_QthreadPool] [__init__] [40] [INFO] In Worker Class
2019-06-25 15:46:07.743 IST: [helpers.console_QthreadPool] [ssh_login] [127] [INFO] In ssh_login
2019-06-25 15:46:07.744 IST: [helpers.yaml_utils] [read_yml] [28] [DEBUG] Getting the password from config.yaml file
2019-06-25 15:46:07.747 IST: [helpers.console_QthreadPool] [ssh_login] [133] [DEBUG] Got the IP = 192.168.1.22
2019-06-25 15:46:07.747 IST: [helpers.yaml_utils] [read_yml] [28] [DEBUG] Getting the password from config.yaml file
2019-06-25 15:46:07.749 IST: [helpers.console_QthreadPool] [ssh_login] [135] [DEBUG] Got the User Name = pi
2019-06-25 15:46:07.749 IST: [helpers.yaml_utils] [read_yml] [28] [DEBUG] Getting the password from config.yaml file
2019-06-25 15:46:07.750 IST: [helpers.console_QthreadPool] [ssh_login] [138] [DEBUG] Got the SSH object <paramiko.client.SSHClient object at 0x7f0c5c517d30>
2019-06-25 15:46:07.802 IST: [helpers.console_QthreadPool] [ssh_login] [143] [INFO] Pingiing to 192.168.1.22
2019-06-25 15:46:07.802 IST: [helpers.ping] [ping_host] [14] [DEBUG] In method ping_host
2019-06-25 15:46:07.812 IST: [helpers.ping] [ping_host] [18] [DEBUG] Result of ping = <subprocess.Popen object at 0x7f0c5c4fce80>
2019-06-25 15:46:08.227 IST: [helpers.console_QthreadPool] [ssh_login] [155] [DEBUG] connected to host 192.168.1.22 with user name pi
2019-06-25 15:46:08.230 IST: [helpers.output_write] [create_dir_structure] [126] [INFO] In create_dir_structure
2019-06-25 15:46:08.230 IST: [helpers.console_QthreadPool] [run] [53] [INFO] In Run method
2019-06-25 15:46:08.230 IST: [helpers.output_write] [change_to_script_directory] [112] [INFO] In change_to_script_directory
2019-06-25 15:46:08.231 IST: [helpers.console_QthreadPool] [run] [55] [INFO] Executing the selected Test cases
2019-06-25 15:46:08.231 IST: [helpers.output_write] [change_to_script_directory] [115] [DEBUG] after getting the path of the script /home/shaik/Desktop/Working_DDTT/Device_Driver_Testing_Tool_mod/helpers
2019-06-25 15:46:08.231 IST: [helpers.console_QthreadPool] [run] [64] [INFO] ########################################
2019-06-25 15:46:08.231 IST: [helpers.output_write] [change_to_script_directory] [116] [DEBUG] Changing the dir to /home/shaik/Desktop/Working_DDTT/Device_Driver_Testing_Tool_mod/helpers
2019-06-25 15:46:08.231 IST: [helpers.console_QthreadPool] [run] [65] [DEBUG] Trying for 1 time:
2019-06-25 15:46:08.231 IST: [helpers.output_write] [create_dir_structure] [134] [DEBUG] Path to be Created = /home/shaik/Desktop/Working_DDTT/Device_Driver_Testing_Tool_mod/results/test_all_i2c
2019-06-25 15:46:08.231 IST: [helpers.console_QthreadPool] [run] [66] [INFO] ########################################
2019-06-25 15:46:08.232 IST: [helpers.console_QthreadPool] [run] [68] [DEBUG] global_constants.STOP_ENABLED
2019-06-25 15:46:08.232 IST: [helpers.console_QthreadPool] [run] [77] [DEBUG] Executing the test case Test001
2019-06-25 15:46:08.232 IST: [helpers.console_QthreadPool] [ssh_exe_cmd] [174] [DEBUG] inside ssh_exe_cmd
2019-06-25 15:46:08.232 IST: [helpers.console_QthreadPool] [ssh_exe_cmd] [175] [DEBUG] ret_val ssh_login function <paramiko.client.SSHClient object at 0x7f0c5c517d30>
2019-06-25 15:46:08.232 IST: [helpers.console_QthreadPool] [ssh_exe_cmd] [185] [DEBUG] Command to Execute ./runltp -s spi01 -p -l RUN_LTP_ON-2019_06_25-10h_16m_08s.log
2019-06-25 15:46:08.232 IST: [helpers.yaml_utils] [read_yml] [28] [DEBUG] Getting the password from config.yaml file
2019-06-25 15:46:08.234 IST: [helpers.console_QthreadPool] [ssh_exe_cmd] [191] [DEBUG] ssh cmd is cd /opt/ltp/;echo 'neha123' | sudo -S ./runltp -s spi01 -p -l RUN_LTP_ON-2019_06_25-10h_16m_08s.log
2019-06-25 15:46:08.234 IST: [helpers.output_write] [create_dir_structure] [141] [DEBUG] Path = /home/shaik/Desktop/Working_DDTT/Device_Driver_Testing_Tool_mod/results/test_all_i2c
2019-06-25 15:46:08.234 IST: [helpers.parser] [get_count] [25] [INFO] In get_count
2019-06-25 15:46:08.235 IST: [helpers.parser] [get_count] [37] [DEBUG] Test Passed = 0 and Test Failed = 0
2019-06-25 15:46:08.441 IST: [helpers.console_QthreadPool] [ssh_exe_cmd] [195] [DEBUG] channel = <paramiko.Channel 0 (open) window=0 -> <paramiko.Transport at 0x5c4fce80 (cipher aes128-ctr, 128 bits) (active; 1 open channel(s))>>
2019-06-25 15:46:08.442 IST: [helpers.console_QthreadPool] [ssh_exe_cmd] [197] [INFO] Executing the command
2019-06-25 15:46:08.533 IST: [helpers.console_QthreadPool] [ssh_exe_cmd] [207] [INFO] Going into the while loop
2019-06-25 15:46:53.462 IST: [helpers.console_QthreadPool] [ssh_exe_cmd] [215] [INFO] Got the data from the buffer
2019-06-25 15:46:53.463 IST: [helpers.console_QthreadPool] [run] [82] [DEBUG] ****Test Execution Completed*****
2019-06-25 15:46:53.463 IST: [helpers.console_QthreadPool] [run] [84] [DEBUG] Test Name Test001
2019-06-25 15:46:53.463 IST: [helpers.console_QthreadPool] [run] [88] [DEBUG] test_index - 1
2019-06-25 15:46:53.464 IST: [helpers.console_QthreadPool] [run] [90] [DEBUG] len of index - 6
2019-06-25 15:46:53.464 IST: [helpers.console_QthreadPool] [run] [93] [DEBUG] value = 16
2019-06-25 15:46:53.464 IST: [helpers.console_QthreadPool] [write_output] [267] [DEBUG] Writing to the file path = /home/shaik/Desktop/Working_DDTT/Device_Driver_Testing_Tool_mod/results/test_all_i2c and test name = Test001
2019-06-25 15:46:53.464 IST: [helpers.console_QthreadPool] [run] [64] [INFO] ########################################
2019-06-25 15:46:53.464 IST: [helpers.output_write] [make_test_dir] [56] [INFO] In make_test_dir
2019-06-25 15:46:53.465 IST: [helpers.console_QthreadPool] [run] [65] [DEBUG] Trying for 2 time:
2019-06-25 15:46:53.465 IST: [helpers.output_write] [change_to_script_directory] [112] [INFO] In change_to_script_directory
2019-06-25 15:46:53.465 IST: [helpers.console_QthreadPool] [run] [66] [INFO] ########################################
2019-06-25 15:46:53.465 IST: [helpers.output_write] [change_to_script_directory] [115] [DEBUG] after getting the path of the script /home/shaik/Desktop/Working_DDTT/Device_Driver_Testing_Tool_mod/helpers
2019-06-25 15:46:53.465 IST: [helpers.console_QthreadPool] [run] [68] [DEBUG] global_constants.STOP_ENABLED
2019-06-25 15:46:53.466 IST: [helpers.output_write] [change_to_script_directory] [116] [DEBUG] Changing the dir to /home/shaik/Desktop/Working_DDTT/Device_Driver_Testing_Tool_mod/helpers
2019-06-25 15:46:53.466 IST: [helpers.console_QthreadPool] [run] [77] [DEBUG] Executing the test case Test002
2019-06-25 15:46:53.466 IST: [helpers.console_QthreadPool] [ssh_exe_cmd] [174] [DEBUG] inside ssh_exe_cmd
2019-06-25 15:46:53.466 IST: [helpers.console_QthreadPool] [ssh_exe_cmd] [175] [DEBUG] ret_val ssh_login function <paramiko.client.SSHClient object at 0x7f0c5c517d30>
2019-06-25 15:46:53.466 IST: [helpers.console_QthreadPool] [ssh_exe_cmd] [185] [DEBUG] Command to Execute ./runltp -s spi02 -p -l RUN_LTP_ON-2019_06_25-10h_16m_53s.log
2019-06-25 15:46:53.466 IST: [helpers.yaml_utils] [read_yml] [28] [DEBUG] Getting the password from config.yaml file
2019-06-25 15:46:53.468 IST: [helpers.console_QthreadPool] [ssh_exe_cmd] [191] [DEBUG] ssh cmd is cd /opt/ltp/;echo 'neha123' | sudo -S ./runltp -s spi02 -p -l RUN_LTP_ON-2019_06_25-10h_16m_53s.log
2019-06-25 15:46:53.469 IST: [helpers.output_write] [make_test_dir] [59] [DEBUG] Path with Test name = /home/shaik/Desktop/Working_DDTT/Device_Driver_Testing_Tool_mod/results/test_all_i2c/Test001
2019-06-25 15:46:53.469 IST: [helpers.output_write] [get_time_stamp] [97] [INFO] In get_time_stamp
2019-06-25 15:46:53.470 IST: [helpers.output_write] [get_time_stamp] [101] [DEBUG] Time Stamp Readable  2019_06_25-03h_46m_53s_PM
2019-06-25 15:46:53.470 IST: [helpers.output_write] [write_to_file] [76] [DEBUG] Changing the dir to /home/shaik/Desktop/Working_DDTT/Device_Driver_Testing_Tool_mod/results/test_all_i2c/Test001
2019-06-25 15:46:53.470 IST: [helpers.output_write] [write_to_file] [83] [DEBUG] The file name after joining = /home/shaik/Desktop/Working_DDTT/Device_Driver_Testing_Tool_mod/results/test_all_i2c/Test001/Test001 2019_06_25-03h_46m_53s_PM
2019-06-25 15:46:53.470 IST: [helpers.output_write] [write_to_file] [85] [DEBUG] Writing Test case output to the file
2019-06-25 15:46:53.470 IST: [helpers.parser] [get_count] [25] [INFO] In get_count
2019-06-25 15:46:53.471 IST: [helpers.parser] [get_count] [37] [DEBUG] Test Passed = 1 and Test Failed = 0
2019-06-25 15:46:53.471 IST: [helpers.console_QthreadPool] [pie_chart_slot] [317] [DEBUG] Updating the PieChart
2019-06-25 15:46:53.510 IST: [helpers.console_QthreadPool] [ssh_exe_cmd] [195] [DEBUG] channel = <paramiko.Channel 1 (open) window=0 -> <paramiko.Transport at 0x5c4fce80 (cipher aes128-ctr, 128 bits) (active; 1 open channel(s))>>
2019-06-25 15:46:53.510 IST: [helpers.console_QthreadPool] [ssh_exe_cmd] [197] [INFO] Executing the command
2019-06-25 15:46:53.604 IST: [helpers.console_QthreadPool] [ssh_exe_cmd] [207] [INFO] Going into the while loop
2019-06-25 15:47:18.053 IST: [helpers.actions] [clear_checked_items] [275] [INFO] Clearing the Selected items
2019-06-25 15:47:18.054 IST: [helpers.actions] [clear_checked_items] [280] [DEBUG] Checking whether the item is selected or not
2019-06-25 15:47:18.054 IST: [helpers.actions] [clear_checked_items] [284] [DEBUG] un checking the checked items
2019-06-25 15:47:18.054 IST: [helpers.actions] [clear_checked_items] [280] [DEBUG] Checking whether the item is selected or not
2019-06-25 15:47:18.054 IST: [helpers.actions] [clear_checked_items] [284] [DEBUG] un checking the checked items
2019-06-25 15:47:18.054 IST: [helpers.actions] [clear_checked_items] [280] [DEBUG] Checking whether the item is selected or not
2019-06-25 15:47:18.055 IST: [helpers.actions] [clear_checked_items] [284] [DEBUG] un checking the checked items
2019-06-25 15:47:18.055 IST: [helpers.actions] [clear_checked_items] [280] [DEBUG] Checking whether the item is selected or not
2019-06-25 15:47:18.055 IST: [helpers.actions] [clear_checked_items] [284] [DEBUG] un checking the checked items
2019-06-25 15:47:18.055 IST: [helpers.actions] [clear_checked_items] [280] [DEBUG] Checking whether the item is selected or not
2019-06-25 15:47:18.055 IST: [helpers.actions] [clear_checked_items] [284] [DEBUG] un checking the checked items
2019-06-25 15:47:18.056 IST: [helpers.actions] [clear_checked_items] [280] [DEBUG] Checking whether the item is selected or not
2019-06-25 15:47:18.056 IST: [helpers.actions] [clear_checked_items] [284] [DEBUG] un checking the checked items
2019-06-25 15:47:18.056 IST: [helpers.actions] [clear_checked_items] [289] [DEBUG] unchecking select all check box
2019-06-25 15:47:18.057 IST: [helpers.actions] [clear_checked_items] [293] [DEBUG] Clearing the test Execution name in QLineEdit
2019-06-25 15:47:18.057 IST: [helpers.actions] [clear_checked_items] [296] [DEBUG] Clearing the output in the terminal
2019-06-25 15:47:21.100 IST: [helpers.actions] [get_selected_items] [93] [INFO] Getting the selected items
2019-06-25 15:47:21.101 IST: [helpers.actions] [get_selected_items] [97] [INFO] Getting the selected items from QTableWidget
2019-06-25 15:47:21.102 IST: [helpers.actions] [get_selected_items] [109] [INFO] Storing the checked items in a global variable
2019-06-25 15:47:21.103 IST: [helpers.actions] [get_selected_items] [138] [DEBUG] No test case name
2019-06-25 15:47:25.946 IST: [helpers.actions] [get_selected_items] [93] [INFO] Getting the selected items
2019-06-25 15:47:25.946 IST: [helpers.actions] [get_selected_items] [97] [INFO] Getting the selected items from QTableWidget
2019-06-25 15:47:25.946 IST: [helpers.actions] [get_selected_items] [109] [INFO] Storing the checked items in a global variable
2019-06-25 15:47:25.947 IST: [helpers.actions] [get_selected_items] [142] [DEBUG] Test Cases are not selected
2019-06-25 15:47:30.423 IST: [helpers.console_QthreadPool] [ssh_exe_cmd] [215] [INFO] Got the data from the buffer
2019-06-25 15:47:30.424 IST: [helpers.console_QthreadPool] [run] [82] [DEBUG] ****Test Execution Completed*****
2019-06-25 15:47:30.424 IST: [helpers.console_QthreadPool] [run] [103] [ERROR] list index out of range
Traceback (most recent call last):
  File "/home/shaik/Desktop/Working_DDTT/Device_Driver_Testing_Tool_mod/helpers/console_QthreadPool.py", line 84, in run
    self.instance.checked_items[test_index]))
IndexError: list index out of range
2019-06-25 15:47:30.436 IST: [helpers.console_QthreadPool] [run] [106] [INFO] ******Executed Test Cases******
2019-06-25 15:53:26.277 IST: [helpers.actions] [on_interface_changed] [177] [INFO] Interface QCombobox is changed to SPI
2019-06-25 15:53:27.917 IST: [helpers.actions] [on_device_changed] [187] [INFO] Device QCombobox is changed to ADC
2019-06-25 15:53:36.957 IST: [helpers.common] [clear_QtableWidget] [13] [INFO] Getting the test cases from a file
2019-06-25 15:53:36.958 IST: [helpers.common] [clear_QtableWidget] [30] [DEBUG] Clearing the Test Cases
2019-06-25 15:53:36.961 IST: [helpers.actions] [populate_test_create_tab] [617] [INFO] Getting the test cases from a file
2019-06-25 15:53:36.962 IST: [helpers.actions] [populate_test_create_tab] [636] [DEBUG] Populating the test cases to the QTableWidget
2019-06-25 15:53:39.044 IST: [helpers.actions] [select_all] [326] [INFO] Selecting the All test cases
2019-06-25 15:53:39.044 IST: [helpers.actions] [select_all] [332] [DEBUG] Checking 0 Test case
2019-06-25 15:53:39.045 IST: [helpers.actions] [select_all] [332] [DEBUG] Checking 1 Test case
2019-06-25 15:53:39.045 IST: [helpers.actions] [select_all] [332] [DEBUG] Checking 2 Test case
2019-06-25 15:53:39.045 IST: [helpers.actions] [select_all] [332] [DEBUG] Checking 3 Test case
2019-06-25 15:53:39.045 IST: [helpers.actions] [select_all] [332] [DEBUG] Checking 4 Test case
2019-06-25 15:53:40.469 IST: [helpers.actions] [get_selected_items] [93] [INFO] Getting the selected items
2019-06-25 15:53:40.469 IST: [helpers.actions] [get_selected_items] [97] [INFO] Getting the selected items from QTableWidget
2019-06-25 15:53:40.469 IST: [helpers.actions] [get_selected_items] [103] [DEBUG] Checking each test cases 0
2019-06-25 15:53:40.469 IST: [helpers.actions] [get_selected_items] [107] [DEBUG] Appending the items to the List
2019-06-25 15:53:40.470 IST: [helpers.actions] [get_selected_items] [103] [DEBUG] Checking each test cases 1
2019-06-25 15:53:40.470 IST: [helpers.actions] [get_selected_items] [107] [DEBUG] Appending the items to the List
2019-06-25 15:53:40.470 IST: [helpers.actions] [get_selected_items] [103] [DEBUG] Checking each test cases 2
2019-06-25 15:53:40.470 IST: [helpers.actions] [get_selected_items] [107] [DEBUG] Appending the items to the List
2019-06-25 15:53:40.470 IST: [helpers.actions] [get_selected_items] [103] [DEBUG] Checking each test cases 3
2019-06-25 15:53:40.471 IST: [helpers.actions] [get_selected_items] [107] [DEBUG] Appending the items to the List
2019-06-25 15:53:40.471 IST: [helpers.actions] [get_selected_items] [103] [DEBUG] Checking each test cases 4
2019-06-25 15:53:40.471 IST: [helpers.actions] [get_selected_items] [107] [DEBUG] Appending the items to the List
2019-06-25 15:53:40.471 IST: [helpers.actions] [get_selected_items] [109] [INFO] Storing the checked items in a global variable
2019-06-25 15:53:40.476 IST: [helpers.actions] [get_selected_items] [155] [DEBUG] Valid Selection and Valid Test Case Name test_all_25
2019-06-25 15:53:46.965 IST: [helpers.actions] [get_selected_items] [93] [INFO] Getting the selected items
2019-06-25 15:53:46.966 IST: [helpers.actions] [get_selected_items] [97] [INFO] Getting the selected items from QTableWidget
2019-06-25 15:53:46.966 IST: [helpers.actions] [get_selected_items] [103] [DEBUG] Checking each test cases 0
2019-06-25 15:53:46.966 IST: [helpers.actions] [get_selected_items] [107] [DEBUG] Appending the items to the List
2019-06-25 15:53:46.966 IST: [helpers.actions] [get_selected_items] [103] [DEBUG] Checking each test cases 1
2019-06-25 15:53:46.966 IST: [helpers.actions] [get_selected_items] [107] [DEBUG] Appending the items to the List
2019-06-25 15:53:46.967 IST: [helpers.actions] [get_selected_items] [103] [DEBUG] Checking each test cases 2
2019-06-25 15:53:46.967 IST: [helpers.actions] [get_selected_items] [107] [DEBUG] Appending the items to the List
2019-06-25 15:53:46.967 IST: [helpers.actions] [get_selected_items] [103] [DEBUG] Checking each test cases 3
2019-06-25 15:53:46.967 IST: [helpers.actions] [get_selected_items] [107] [DEBUG] Appending the items to the List
2019-06-25 15:53:46.968 IST: [helpers.actions] [get_selected_items] [103] [DEBUG] Checking each test cases 4
2019-06-25 15:53:46.968 IST: [helpers.actions] [get_selected_items] [107] [DEBUG] Appending the items to the List
2019-06-25 15:53:46.968 IST: [helpers.actions] [get_selected_items] [109] [INFO] Storing the checked items in a global variable
2019-06-25 15:53:46.973 IST: [helpers.actions] [get_selected_items] [155] [DEBUG] Valid Selection and Valid Test Case Name test_all_25
2019-06-25 15:53:48.092 IST: [helpers.actions] [on_start_button_clicked] [208] [INFO] Start Button Clicked
2019-06-25 15:53:48.093 IST: [helpers.actions] [on_start_button_clicked] [218] [INFO] Disabling the start button once execution has started
2019-06-25 15:53:48.093 IST: [helpers.actions] [on_start_button_clicked] [220] [INFO] Enabling stop button once execution has started
2019-06-25 15:53:48.093 IST: [helpers.actions] [on_start_button_clicked] [223] [DEBUG] Reading the password from config file
2019-06-25 15:53:48.093 IST: [helpers.yaml_utils] [read_yml] [28] [DEBUG] Getting the password from config.yaml file
2019-06-25 15:53:48.097 IST: [helpers.actions] [on_start_button_clicked] [238] [DEBUG] SPI test cases are executing
2019-06-25 15:53:48.098 IST: [helpers.actions] [load_selected_test_cases_to_tab] [434] [INFO] Getting the test cases from a file
2019-06-25 15:53:48.098 IST: [helpers.actions] [load_selected_test_cases_to_tab] [463] [DEBUG] Populating the test cases to the QTableWidget
2019-06-25 15:53:48.100 IST: [helpers.console_QthreadPool] [__init__] [40] [INFO] In Worker Class
2019-06-25 15:53:48.100 IST: [helpers.console_QthreadPool] [ssh_login] [127] [INFO] In ssh_login
2019-06-25 15:53:48.101 IST: [helpers.yaml_utils] [read_yml] [28] [DEBUG] Getting the password from config.yaml file
2019-06-25 15:53:48.104 IST: [helpers.console_QthreadPool] [ssh_login] [133] [DEBUG] Got the IP = 192.168.1.22
2019-06-25 15:53:48.104 IST: [helpers.yaml_utils] [read_yml] [28] [DEBUG] Getting the password from config.yaml file
2019-06-25 15:53:48.106 IST: [helpers.console_QthreadPool] [ssh_login] [135] [DEBUG] Got the User Name = pi
2019-06-25 15:53:48.106 IST: [helpers.yaml_utils] [read_yml] [28] [DEBUG] Getting the password from config.yaml file
2019-06-25 15:53:48.108 IST: [helpers.console_QthreadPool] [ssh_login] [138] [DEBUG] Got the SSH object <paramiko.client.SSHClient object at 0x7f0c5c508ef0>
2019-06-25 15:53:48.115 IST: [helpers.console_QthreadPool] [ssh_login] [143] [INFO] Pingiing to 192.168.1.22
2019-06-25 15:53:48.115 IST: [helpers.ping] [ping_host] [14] [DEBUG] In method ping_host
2019-06-25 15:53:48.119 IST: [helpers.ping] [ping_host] [18] [DEBUG] Result of ping = <subprocess.Popen object at 0x7f0c4c1cde80>
2019-06-25 15:53:48.525 IST: [helpers.console_QthreadPool] [ssh_login] [155] [DEBUG] connected to host 192.168.1.22 with user name pi
2019-06-25 15:53:48.527 IST: [helpers.output_write] [create_dir_structure] [126] [INFO] In create_dir_structure
2019-06-25 15:53:48.527 IST: [helpers.console_QthreadPool] [run] [53] [INFO] In Run method
2019-06-25 15:53:48.528 IST: [helpers.output_write] [change_to_script_directory] [112] [INFO] In change_to_script_directory
2019-06-25 15:53:48.528 IST: [helpers.console_QthreadPool] [run] [55] [INFO] Executing the selected Test cases
2019-06-25 15:53:48.528 IST: [helpers.output_write] [change_to_script_directory] [115] [DEBUG] after getting the path of the script /home/shaik/Desktop/Working_DDTT/Device_Driver_Testing_Tool_mod/helpers
2019-06-25 15:53:48.529 IST: [helpers.console_QthreadPool] [run] [64] [INFO] ########################################
2019-06-25 15:53:48.529 IST: [helpers.output_write] [change_to_script_directory] [116] [DEBUG] Changing the dir to /home/shaik/Desktop/Working_DDTT/Device_Driver_Testing_Tool_mod/helpers
2019-06-25 15:53:48.529 IST: [helpers.console_QthreadPool] [run] [65] [DEBUG] Trying for 1 time:
2019-06-25 15:53:48.529 IST: [helpers.output_write] [create_dir_structure] [134] [DEBUG] Path to be Created = /home/shaik/Desktop/Working_DDTT/Device_Driver_Testing_Tool_mod/results/test_all_25
2019-06-25 15:53:48.530 IST: [helpers.console_QthreadPool] [run] [66] [INFO] ########################################
2019-06-25 15:53:48.530 IST: [helpers.console_QthreadPool] [run] [68] [DEBUG] global_constants.STOP_ENABLED
2019-06-25 15:53:48.530 IST: [helpers.console_QthreadPool] [run] [77] [DEBUG] Executing the test case Test001
2019-06-25 15:53:48.531 IST: [helpers.console_QthreadPool] [ssh_exe_cmd] [174] [DEBUG] inside ssh_exe_cmd
2019-06-25 15:53:48.531 IST: [helpers.console_QthreadPool] [ssh_exe_cmd] [175] [DEBUG] ret_val ssh_login function <paramiko.client.SSHClient object at 0x7f0c5c508ef0>
2019-06-25 15:53:48.531 IST: [helpers.console_QthreadPool] [ssh_exe_cmd] [185] [DEBUG] Command to Execute ./runltp -s spi01 -p -l RUN_LTP_ON-2019_06_25-10h_23m_48s.log
2019-06-25 15:53:48.531 IST: [helpers.output_write] [create_dir_structure] [141] [DEBUG] Path = /home/shaik/Desktop/Working_DDTT/Device_Driver_Testing_Tool_mod/results/test_all_25
2019-06-25 15:53:48.531 IST: [helpers.yaml_utils] [read_yml] [28] [DEBUG] Getting the password from config.yaml file
2019-06-25 15:53:48.535 IST: [helpers.console_QthreadPool] [ssh_exe_cmd] [191] [DEBUG] ssh cmd is cd /opt/ltp/;echo 'neha123' | sudo -S ./runltp -s spi01 -p -l RUN_LTP_ON-2019_06_25-10h_23m_48s.log
2019-06-25 15:53:48.536 IST: [helpers.parser] [get_count] [25] [INFO] In get_count
2019-06-25 15:53:48.536 IST: [helpers.parser] [get_count] [37] [DEBUG] Test Passed = 0 and Test Failed = 0
2019-06-25 15:53:48.729 IST: [helpers.console_QthreadPool] [ssh_exe_cmd] [195] [DEBUG] channel = <paramiko.Channel 0 (open) window=0 -> <paramiko.Transport at 0x4c1cde80 (cipher aes128-ctr, 128 bits) (active; 1 open channel(s))>>
2019-06-25 15:53:48.730 IST: [helpers.console_QthreadPool] [ssh_exe_cmd] [197] [INFO] Executing the command
2019-06-25 15:53:48.822 IST: [helpers.console_QthreadPool] [ssh_exe_cmd] [207] [INFO] Going into the while loop
2019-06-25 15:54:33.816 IST: [helpers.console_QthreadPool] [ssh_exe_cmd] [215] [INFO] Got the data from the buffer
2019-06-25 15:54:33.817 IST: [helpers.console_QthreadPool] [run] [82] [DEBUG] ****Test Execution Completed*****
2019-06-25 15:54:33.817 IST: [helpers.console_QthreadPool] [run] [84] [DEBUG] Test Name Test001
2019-06-25 15:54:33.818 IST: [helpers.console_QthreadPool] [run] [88] [DEBUG] test_index - 1
2019-06-25 15:54:33.818 IST: [helpers.console_QthreadPool] [run] [90] [DEBUG] len of index - 5
2019-06-25 15:54:33.818 IST: [helpers.console_QthreadPool] [write_output] [267] [DEBUG] Writing to the file path = /home/shaik/Desktop/Working_DDTT/Device_Driver_Testing_Tool_mod/results/test_all_25 and test name = Test001
2019-06-25 15:54:33.818 IST: [helpers.console_QthreadPool] [run] [93] [DEBUG] value = 20
2019-06-25 15:54:33.818 IST: [helpers.output_write] [make_test_dir] [56] [INFO] In make_test_dir
2019-06-25 15:54:33.824 IST: [helpers.output_write] [change_to_script_directory] [112] [INFO] In change_to_script_directory
2019-06-25 15:54:33.825 IST: [helpers.console_QthreadPool] [run] [64] [INFO] ########################################
2019-06-25 15:54:33.825 IST: [helpers.output_write] [change_to_script_directory] [115] [DEBUG] after getting the path of the script /home/shaik/Desktop/Working_DDTT/Device_Driver_Testing_Tool_mod/helpers
2019-06-25 15:54:33.825 IST: [helpers.console_QthreadPool] [run] [65] [DEBUG] Trying for 2 time:
2019-06-25 15:54:33.826 IST: [helpers.output_write] [change_to_script_directory] [116] [DEBUG] Changing the dir to /home/shaik/Desktop/Working_DDTT/Device_Driver_Testing_Tool_mod/helpers
2019-06-25 15:54:33.826 IST: [helpers.console_QthreadPool] [run] [66] [INFO] ########################################
2019-06-25 15:54:33.826 IST: [helpers.output_write] [make_test_dir] [59] [DEBUG] Path with Test name = /home/shaik/Desktop/Working_DDTT/Device_Driver_Testing_Tool_mod/results/test_all_25/Test001
2019-06-25 15:54:33.826 IST: [helpers.console_QthreadPool] [run] [68] [DEBUG] global_constants.STOP_ENABLED
2019-06-25 15:54:33.827 IST: [helpers.console_QthreadPool] [run] [77] [DEBUG] Executing the test case Test002
2019-06-25 15:54:33.827 IST: [helpers.output_write] [get_time_stamp] [97] [INFO] In get_time_stamp
2019-06-25 15:54:33.828 IST: [helpers.output_write] [get_time_stamp] [101] [DEBUG] Time Stamp Readable  2019_06_25-03h_54m_33s_PM
2019-06-25 15:54:33.827 IST: [helpers.console_QthreadPool] [ssh_exe_cmd] [174] [DEBUG] inside ssh_exe_cmd
2019-06-25 15:54:33.828 IST: [helpers.output_write] [write_to_file] [76] [DEBUG] Changing the dir to /home/shaik/Desktop/Working_DDTT/Device_Driver_Testing_Tool_mod/results/test_all_25/Test001
2019-06-25 15:54:33.828 IST: [helpers.console_QthreadPool] [ssh_exe_cmd] [175] [DEBUG] ret_val ssh_login function <paramiko.client.SSHClient object at 0x7f0c5c508ef0>
2019-06-25 15:54:33.829 IST: [helpers.output_write] [write_to_file] [83] [DEBUG] The file name after joining = /home/shaik/Desktop/Working_DDTT/Device_Driver_Testing_Tool_mod/results/test_all_25/Test001/Test001 2019_06_25-03h_54m_33s_PM
2019-06-25 15:54:33.829 IST: [helpers.console_QthreadPool] [ssh_exe_cmd] [185] [DEBUG] Command to Execute ./runltp -s spi02 -p -l RUN_LTP_ON-2019_06_25-10h_24m_33s.log
2019-06-25 15:54:33.829 IST: [helpers.output_write] [write_to_file] [85] [DEBUG] Writing Test case output to the file
2019-06-25 15:54:33.830 IST: [helpers.yaml_utils] [read_yml] [28] [DEBUG] Getting the password from config.yaml file
2019-06-25 15:54:33.833 IST: [helpers.console_QthreadPool] [ssh_exe_cmd] [191] [DEBUG] ssh cmd is cd /opt/ltp/;echo 'neha123' | sudo -S ./runltp -s spi02 -p -l RUN_LTP_ON-2019_06_25-10h_24m_33s.log
2019-06-25 15:54:33.834 IST: [helpers.parser] [get_count] [25] [INFO] In get_count
2019-06-25 15:54:33.834 IST: [helpers.parser] [get_count] [37] [DEBUG] Test Passed = 1 and Test Failed = 0
2019-06-25 15:54:33.834 IST: [helpers.console_QthreadPool] [pie_chart_slot] [317] [DEBUG] Updating the PieChart
2019-06-25 15:54:33.865 IST: [helpers.console_QthreadPool] [ssh_exe_cmd] [195] [DEBUG] channel = <paramiko.Channel 1 (open) window=0 -> <paramiko.Transport at 0x4c1cde80 (cipher aes128-ctr, 128 bits) (active; 1 open channel(s))>>
2019-06-25 15:54:33.865 IST: [helpers.console_QthreadPool] [ssh_exe_cmd] [197] [INFO] Executing the command
2019-06-25 15:54:33.957 IST: [helpers.console_QthreadPool] [ssh_exe_cmd] [207] [INFO] Going into the while loop
2019-06-25 15:55:18.970 IST: [helpers.console_QthreadPool] [ssh_exe_cmd] [215] [INFO] Got the data from the buffer
2019-06-25 15:55:18.971 IST: [helpers.console_QthreadPool] [run] [82] [DEBUG] ****Test Execution Completed*****
2019-06-25 15:55:18.972 IST: [helpers.console_QthreadPool] [run] [84] [DEBUG] Test Name Test002
2019-06-25 15:55:18.972 IST: [helpers.console_QthreadPool] [run] [88] [DEBUG] test_index - 2
2019-06-25 15:55:18.972 IST: [helpers.console_QthreadPool] [write_output] [267] [DEBUG] Writing to the file path = /home/shaik/Desktop/Working_DDTT/Device_Driver_Testing_Tool_mod/results/test_all_25 and test name = Test002
2019-06-25 15:55:18.972 IST: [helpers.console_QthreadPool] [run] [90] [DEBUG] len of index - 5
2019-06-25 15:55:18.972 IST: [helpers.output_write] [make_test_dir] [56] [INFO] In make_test_dir
2019-06-25 15:55:18.973 IST: [helpers.console_QthreadPool] [run] [93] [DEBUG] value = 40
2019-06-25 15:55:18.973 IST: [helpers.output_write] [change_to_script_directory] [112] [INFO] In change_to_script_directory
2019-06-25 15:55:18.975 IST: [helpers.console_QthreadPool] [run] [64] [INFO] ########################################
2019-06-25 15:55:18.976 IST: [helpers.output_write] [change_to_script_directory] [115] [DEBUG] after getting the path of the script /home/shaik/Desktop/Working_DDTT/Device_Driver_Testing_Tool_mod/helpers
2019-06-25 15:55:18.976 IST: [helpers.console_QthreadPool] [run] [65] [DEBUG] Trying for 3 time:
2019-06-25 15:55:18.976 IST: [helpers.output_write] [change_to_script_directory] [116] [DEBUG] Changing the dir to /home/shaik/Desktop/Working_DDTT/Device_Driver_Testing_Tool_mod/helpers
2019-06-25 15:55:18.976 IST: [helpers.console_QthreadPool] [run] [66] [INFO] ########################################
2019-06-25 15:55:18.977 IST: [helpers.output_write] [make_test_dir] [59] [DEBUG] Path with Test name = /home/shaik/Desktop/Working_DDTT/Device_Driver_Testing_Tool_mod/results/test_all_25/Test002
2019-06-25 15:55:18.977 IST: [helpers.console_QthreadPool] [run] [68] [DEBUG] global_constants.STOP_ENABLED
2019-06-25 15:55:18.977 IST: [helpers.console_QthreadPool] [run] [77] [DEBUG] Executing the test case Test003
2019-06-25 15:55:18.978 IST: [helpers.output_write] [get_time_stamp] [97] [INFO] In get_time_stamp
2019-06-25 15:55:18.978 IST: [helpers.console_QthreadPool] [ssh_exe_cmd] [174] [DEBUG] inside ssh_exe_cmd
2019-06-25 15:55:18.978 IST: [helpers.output_write] [get_time_stamp] [101] [DEBUG] Time Stamp Readable  2019_06_25-03h_55m_18s_PM
2019-06-25 15:55:18.979 IST: [helpers.console_QthreadPool] [ssh_exe_cmd] [175] [DEBUG] ret_val ssh_login function <paramiko.client.SSHClient object at 0x7f0c5c508ef0>
2019-06-25 15:55:18.979 IST: [helpers.output_write] [write_to_file] [76] [DEBUG] Changing the dir to /home/shaik/Desktop/Working_DDTT/Device_Driver_Testing_Tool_mod/results/test_all_25/Test002
2019-06-25 15:55:18.979 IST: [helpers.console_QthreadPool] [ssh_exe_cmd] [185] [DEBUG] Command to Execute ./runltp -s spi03 -p -l RUN_LTP_ON-2019_06_25-10h_25m_18s.log
2019-06-25 15:55:18.979 IST: [helpers.output_write] [write_to_file] [83] [DEBUG] The file name after joining = /home/shaik/Desktop/Working_DDTT/Device_Driver_Testing_Tool_mod/results/test_all_25/Test002/Test002 2019_06_25-03h_55m_18s_PM
2019-06-25 15:55:18.980 IST: [helpers.yaml_utils] [read_yml] [28] [DEBUG] Getting the password from config.yaml file
2019-06-25 15:55:18.980 IST: [helpers.output_write] [write_to_file] [85] [DEBUG] Writing Test case output to the file
2019-06-25 15:55:18.983 IST: [helpers.console_QthreadPool] [ssh_exe_cmd] [191] [DEBUG] ssh cmd is cd /opt/ltp/;echo 'neha123' | sudo -S ./runltp -s spi03 -p -l RUN_LTP_ON-2019_06_25-10h_25m_18s.log
2019-06-25 15:55:18.985 IST: [helpers.parser] [get_count] [25] [INFO] In get_count
2019-06-25 15:55:18.985 IST: [helpers.parser] [get_count] [37] [DEBUG] Test Passed = 1 and Test Failed = 0
2019-06-25 15:55:18.985 IST: [helpers.console_QthreadPool] [pie_chart_slot] [317] [DEBUG] Updating the PieChart
2019-06-25 15:55:19.014 IST: [helpers.console_QthreadPool] [ssh_exe_cmd] [195] [DEBUG] channel = <paramiko.Channel 2 (open) window=0 -> <paramiko.Transport at 0x4c1cde80 (cipher aes128-ctr, 128 bits) (active; 1 open channel(s))>>
2019-06-25 15:55:19.015 IST: [helpers.console_QthreadPool] [ssh_exe_cmd] [197] [INFO] Executing the command
2019-06-25 15:55:19.104 IST: [helpers.console_QthreadPool] [ssh_exe_cmd] [207] [INFO] Going into the while loop
2019-06-25 15:56:07.196 IST: [helpers.console_QthreadPool] [ssh_exe_cmd] [215] [INFO] Got the data from the buffer
2019-06-25 15:56:07.197 IST: [helpers.console_QthreadPool] [run] [82] [DEBUG] ****Test Execution Completed*****
2019-06-25 15:56:07.198 IST: [helpers.console_QthreadPool] [run] [84] [DEBUG] Test Name Test003
2019-06-25 15:56:07.198 IST: [helpers.console_QthreadPool] [run] [88] [DEBUG] test_index - 3
2019-06-25 15:56:07.199 IST: [helpers.console_QthreadPool] [write_output] [267] [DEBUG] Writing to the file path = /home/shaik/Desktop/Working_DDTT/Device_Driver_Testing_Tool_mod/results/test_all_25 and test name = Test003
2019-06-25 15:56:07.199 IST: [helpers.console_QthreadPool] [run] [90] [DEBUG] len of index - 5
2019-06-25 15:56:07.199 IST: [helpers.output_write] [make_test_dir] [56] [INFO] In make_test_dir
2019-06-25 15:56:07.200 IST: [helpers.console_QthreadPool] [run] [93] [DEBUG] value = 60
2019-06-25 15:56:07.200 IST: [helpers.output_write] [change_to_script_directory] [112] [INFO] In change_to_script_directory
2019-06-25 15:56:07.202 IST: [helpers.console_QthreadPool] [run] [64] [INFO] ########################################
2019-06-25 15:56:07.202 IST: [helpers.output_write] [change_to_script_directory] [115] [DEBUG] after getting the path of the script /home/shaik/Desktop/Working_DDTT/Device_Driver_Testing_Tool_mod/helpers
2019-06-25 15:56:07.202 IST: [helpers.console_QthreadPool] [run] [65] [DEBUG] Trying for 4 time:
2019-06-25 15:56:07.203 IST: [helpers.output_write] [change_to_script_directory] [116] [DEBUG] Changing the dir to /home/shaik/Desktop/Working_DDTT/Device_Driver_Testing_Tool_mod/helpers
2019-06-25 15:56:07.203 IST: [helpers.console_QthreadPool] [run] [66] [INFO] ########################################
2019-06-25 15:56:07.203 IST: [helpers.output_write] [make_test_dir] [59] [DEBUG] Path with Test name = /home/shaik/Desktop/Working_DDTT/Device_Driver_Testing_Tool_mod/results/test_all_25/Test003
2019-06-25 15:56:07.204 IST: [helpers.console_QthreadPool] [run] [68] [DEBUG] global_constants.STOP_ENABLED
2019-06-25 15:56:07.204 IST: [helpers.console_QthreadPool] [run] [77] [DEBUG] Executing the test case Test004
2019-06-25 15:56:07.204 IST: [helpers.output_write] [get_time_stamp] [97] [INFO] In get_time_stamp
2019-06-25 15:56:07.205 IST: [helpers.console_QthreadPool] [ssh_exe_cmd] [174] [DEBUG] inside ssh_exe_cmd
2019-06-25 15:56:07.205 IST: [helpers.output_write] [get_time_stamp] [101] [DEBUG] Time Stamp Readable  2019_06_25-03h_56m_07s_PM
2019-06-25 15:56:07.205 IST: [helpers.console_QthreadPool] [ssh_exe_cmd] [175] [DEBUG] ret_val ssh_login function <paramiko.client.SSHClient object at 0x7f0c5c508ef0>
2019-06-25 15:56:07.206 IST: [helpers.output_write] [write_to_file] [76] [DEBUG] Changing the dir to /home/shaik/Desktop/Working_DDTT/Device_Driver_Testing_Tool_mod/results/test_all_25/Test003
2019-06-25 15:56:07.206 IST: [helpers.console_QthreadPool] [ssh_exe_cmd] [185] [DEBUG] Command to Execute ./runltp -s spi04 -p -l RUN_LTP_ON-2019_06_25-10h_26m_07s.log
2019-06-25 15:56:07.206 IST: [helpers.output_write] [write_to_file] [83] [DEBUG] The file name after joining = /home/shaik/Desktop/Working_DDTT/Device_Driver_Testing_Tool_mod/results/test_all_25/Test003/Test003 2019_06_25-03h_56m_07s_PM
2019-06-25 15:56:07.206 IST: [helpers.yaml_utils] [read_yml] [28] [DEBUG] Getting the password from config.yaml file
2019-06-25 15:56:07.207 IST: [helpers.output_write] [write_to_file] [85] [DEBUG] Writing Test case output to the file
2019-06-25 15:56:07.209 IST: [helpers.console_QthreadPool] [ssh_exe_cmd] [191] [DEBUG] ssh cmd is cd /opt/ltp/;echo 'neha123' | sudo -S ./runltp -s spi04 -p -l RUN_LTP_ON-2019_06_25-10h_26m_07s.log
2019-06-25 15:56:07.210 IST: [helpers.parser] [get_count] [25] [INFO] In get_count
2019-06-25 15:56:07.211 IST: [helpers.parser] [get_count] [37] [DEBUG] Test Passed = 1 and Test Failed = 0
2019-06-25 15:56:07.211 IST: [helpers.console_QthreadPool] [pie_chart_slot] [317] [DEBUG] Updating the PieChart
2019-06-25 15:56:07.244 IST: [helpers.console_QthreadPool] [ssh_exe_cmd] [195] [DEBUG] channel = <paramiko.Channel 3 (open) window=0 -> <paramiko.Transport at 0x4c1cde80 (cipher aes128-ctr, 128 bits) (active; 1 open channel(s))>>
2019-06-25 15:56:07.244 IST: [helpers.console_QthreadPool] [ssh_exe_cmd] [197] [INFO] Executing the command
2019-06-25 15:56:07.336 IST: [helpers.console_QthreadPool] [ssh_exe_cmd] [207] [INFO] Going into the while loop
2019-06-25 15:56:53.354 IST: [helpers.console_QthreadPool] [ssh_exe_cmd] [215] [INFO] Got the data from the buffer
2019-06-25 15:56:53.355 IST: [helpers.console_QthreadPool] [run] [82] [DEBUG] ****Test Execution Completed*****
2019-06-25 15:56:53.356 IST: [helpers.console_QthreadPool] [run] [84] [DEBUG] Test Name Test004
2019-06-25 15:56:53.356 IST: [helpers.console_QthreadPool] [run] [88] [DEBUG] test_index - 4
2019-06-25 15:56:53.356 IST: [helpers.console_QthreadPool] [write_output] [267] [DEBUG] Writing to the file path = /home/shaik/Desktop/Working_DDTT/Device_Driver_Testing_Tool_mod/results/test_all_25 and test name = Test004
2019-06-25 15:56:53.356 IST: [helpers.console_QthreadPool] [run] [90] [DEBUG] len of index - 5
2019-06-25 15:56:53.357 IST: [helpers.output_write] [make_test_dir] [56] [INFO] In make_test_dir
2019-06-25 15:56:53.357 IST: [helpers.console_QthreadPool] [run] [93] [DEBUG] value = 80
2019-06-25 15:56:53.357 IST: [helpers.output_write] [change_to_script_directory] [112] [INFO] In change_to_script_directory
2019-06-25 15:56:53.359 IST: [helpers.console_QthreadPool] [run] [64] [INFO] ########################################
2019-06-25 15:56:53.360 IST: [helpers.output_write] [change_to_script_directory] [115] [DEBUG] after getting the path of the script /home/shaik/Desktop/Working_DDTT/Device_Driver_Testing_Tool_mod/helpers
2019-06-25 15:56:53.360 IST: [helpers.console_QthreadPool] [run] [65] [DEBUG] Trying for 5 time:
2019-06-25 15:56:53.360 IST: [helpers.output_write] [change_to_script_directory] [116] [DEBUG] Changing the dir to /home/shaik/Desktop/Working_DDTT/Device_Driver_Testing_Tool_mod/helpers
2019-06-25 15:56:53.360 IST: [helpers.console_QthreadPool] [run] [66] [INFO] ########################################
2019-06-25 15:56:53.361 IST: [helpers.output_write] [make_test_dir] [59] [DEBUG] Path with Test name = /home/shaik/Desktop/Working_DDTT/Device_Driver_Testing_Tool_mod/results/test_all_25/Test004
2019-06-25 15:56:53.361 IST: [helpers.console_QthreadPool] [run] [68] [DEBUG] global_constants.STOP_ENABLED
2019-06-25 15:56:53.361 IST: [helpers.console_QthreadPool] [run] [77] [DEBUG] Executing the test case Test005
2019-06-25 15:56:53.362 IST: [helpers.output_write] [get_time_stamp] [97] [INFO] In get_time_stamp
2019-06-25 15:56:53.362 IST: [helpers.console_QthreadPool] [ssh_exe_cmd] [174] [DEBUG] inside ssh_exe_cmd
2019-06-25 15:56:53.362 IST: [helpers.output_write] [get_time_stamp] [101] [DEBUG] Time Stamp Readable  2019_06_25-03h_56m_53s_PM
2019-06-25 15:56:53.363 IST: [helpers.console_QthreadPool] [ssh_exe_cmd] [175] [DEBUG] ret_val ssh_login function <paramiko.client.SSHClient object at 0x7f0c5c508ef0>
2019-06-25 15:56:53.363 IST: [helpers.output_write] [write_to_file] [76] [DEBUG] Changing the dir to /home/shaik/Desktop/Working_DDTT/Device_Driver_Testing_Tool_mod/results/test_all_25/Test004
2019-06-25 15:56:53.363 IST: [helpers.console_QthreadPool] [ssh_exe_cmd] [185] [DEBUG] Command to Execute ./runltp -s spi05 -p -l RUN_LTP_ON-2019_06_25-10h_26m_53s.log
2019-06-25 15:56:53.363 IST: [helpers.output_write] [write_to_file] [83] [DEBUG] The file name after joining = /home/shaik/Desktop/Working_DDTT/Device_Driver_Testing_Tool_mod/results/test_all_25/Test004/Test004 2019_06_25-03h_56m_53s_PM
2019-06-25 15:56:53.364 IST: [helpers.yaml_utils] [read_yml] [28] [DEBUG] Getting the password from config.yaml file
2019-06-25 15:56:53.364 IST: [helpers.output_write] [write_to_file] [85] [DEBUG] Writing Test case output to the file
2019-06-25 15:56:53.367 IST: [helpers.console_QthreadPool] [ssh_exe_cmd] [191] [DEBUG] ssh cmd is cd /opt/ltp/;echo 'neha123' | sudo -S ./runltp -s spi05 -p -l RUN_LTP_ON-2019_06_25-10h_26m_53s.log
2019-06-25 15:56:53.368 IST: [helpers.parser] [get_count] [25] [INFO] In get_count
2019-06-25 15:56:53.368 IST: [helpers.parser] [get_count] [37] [DEBUG] Test Passed = 1 and Test Failed = 0
2019-06-25 15:56:53.369 IST: [helpers.console_QthreadPool] [pie_chart_slot] [317] [DEBUG] Updating the PieChart
2019-06-25 15:56:53.404 IST: [helpers.console_QthreadPool] [ssh_exe_cmd] [195] [DEBUG] channel = <paramiko.Channel 4 (open) window=0 -> <paramiko.Transport at 0x4c1cde80 (cipher aes128-ctr, 128 bits) (active; 1 open channel(s))>>
2019-06-25 15:56:53.404 IST: [helpers.console_QthreadPool] [ssh_exe_cmd] [197] [INFO] Executing the command
2019-06-25 15:56:53.496 IST: [helpers.console_QthreadPool] [ssh_exe_cmd] [207] [INFO] Going into the while loop
2019-06-25 15:57:31.357 IST: [helpers.console_QthreadPool] [ssh_exe_cmd] [215] [INFO] Got the data from the buffer
2019-06-25 15:57:31.358 IST: [helpers.console_QthreadPool] [run] [82] [DEBUG] ****Test Execution Completed*****
2019-06-25 15:57:31.358 IST: [helpers.console_QthreadPool] [run] [84] [DEBUG] Test Name Test005
2019-06-25 15:57:31.359 IST: [helpers.console_QthreadPool] [run] [88] [DEBUG] test_index - 5
2019-06-25 15:57:31.359 IST: [helpers.console_QthreadPool] [write_output] [267] [DEBUG] Writing to the file path = /home/shaik/Desktop/Working_DDTT/Device_Driver_Testing_Tool_mod/results/test_all_25 and test name = Test005
2019-06-25 15:57:31.359 IST: [helpers.console_QthreadPool] [run] [90] [DEBUG] len of index - 5
2019-06-25 15:57:31.360 IST: [helpers.output_write] [make_test_dir] [56] [INFO] In make_test_dir
2019-06-25 15:57:31.360 IST: [helpers.console_QthreadPool] [run] [93] [DEBUG] value = 100
2019-06-25 15:57:31.360 IST: [helpers.output_write] [change_to_script_directory] [112] [INFO] In change_to_script_directory
2019-06-25 15:57:31.361 IST: [helpers.output_write] [change_to_script_directory] [115] [DEBUG] after getting the path of the script /home/shaik/Desktop/Working_DDTT/Device_Driver_Testing_Tool_mod/helpers
2019-06-25 15:57:31.363 IST: [helpers.console_QthreadPool] [run] [106] [INFO] ******Executed Test Cases******
2019-06-25 15:57:31.363 IST: [helpers.output_write] [change_to_script_directory] [116] [DEBUG] Changing the dir to /home/shaik/Desktop/Working_DDTT/Device_Driver_Testing_Tool_mod/helpers
2019-06-25 15:57:31.364 IST: [helpers.output_write] [make_test_dir] [59] [DEBUG] Path with Test name = /home/shaik/Desktop/Working_DDTT/Device_Driver_Testing_Tool_mod/results/test_all_25/Test005
2019-06-25 15:57:31.365 IST: [helpers.output_write] [get_time_stamp] [97] [INFO] In get_time_stamp
2019-06-25 15:57:31.365 IST: [helpers.output_write] [get_time_stamp] [101] [DEBUG] Time Stamp Readable  2019_06_25-03h_57m_31s_PM
2019-06-25 15:57:31.365 IST: [helpers.output_write] [write_to_file] [76] [DEBUG] Changing the dir to /home/shaik/Desktop/Working_DDTT/Device_Driver_Testing_Tool_mod/results/test_all_25/Test005
2019-06-25 15:57:31.365 IST: [helpers.output_write] [write_to_file] [83] [DEBUG] The file name after joining = /home/shaik/Desktop/Working_DDTT/Device_Driver_Testing_Tool_mod/results/test_all_25/Test005/Test005 2019_06_25-03h_57m_31s_PM
2019-06-25 15:57:31.365 IST: [helpers.output_write] [write_to_file] [85] [DEBUG] Writing Test case output to the file
2019-06-25 15:57:31.366 IST: [helpers.parser] [get_count] [25] [INFO] In get_count
2019-06-25 15:57:31.366 IST: [helpers.parser] [get_count] [37] [DEBUG] Test Passed = 1 and Test Failed = 0
2019-06-25 15:57:31.367 IST: [helpers.console_QthreadPool] [pie_chart_slot] [317] [DEBUG] Updating the PieChart
2019-06-25 16:38:40.584 IST: [helpers.actions] [clear_checked_items] [275] [INFO] Clearing the Selected items
2019-06-25 16:38:40.584 IST: [helpers.actions] [clear_checked_items] [280] [DEBUG] Checking whether the item is selected or not
2019-06-25 16:38:40.584 IST: [helpers.actions] [clear_checked_items] [284] [DEBUG] un checking the checked items
2019-06-25 16:38:40.584 IST: [helpers.actions] [clear_checked_items] [280] [DEBUG] Checking whether the item is selected or not
2019-06-25 16:38:40.585 IST: [helpers.actions] [clear_checked_items] [284] [DEBUG] un checking the checked items
2019-06-25 16:38:40.585 IST: [helpers.actions] [clear_checked_items] [280] [DEBUG] Checking whether the item is selected or not
2019-06-25 16:38:40.585 IST: [helpers.actions] [clear_checked_items] [284] [DEBUG] un checking the checked items
2019-06-25 16:38:40.585 IST: [helpers.actions] [clear_checked_items] [280] [DEBUG] Checking whether the item is selected or not
2019-06-25 16:38:40.585 IST: [helpers.actions] [clear_checked_items] [284] [DEBUG] un checking the checked items
2019-06-25 16:38:40.586 IST: [helpers.actions] [clear_checked_items] [280] [DEBUG] Checking whether the item is selected or not
2019-06-25 16:38:40.586 IST: [helpers.actions] [clear_checked_items] [284] [DEBUG] un checking the checked items
2019-06-25 16:38:40.586 IST: [helpers.actions] [clear_checked_items] [289] [DEBUG] unchecking select all check box
2019-06-25 16:38:40.586 IST: [helpers.actions] [clear_checked_items] [293] [DEBUG] Clearing the test Execution name in QLineEdit
2019-06-25 16:38:40.586 IST: [helpers.actions] [clear_checked_items] [296] [DEBUG] Clearing the output in the terminal
2019-06-25 16:38:45.305 IST: [helpers.common] [clear_QtableWidget] [13] [INFO] Getting the test cases from a file
2019-06-25 16:38:45.306 IST: [helpers.common] [clear_QtableWidget] [30] [DEBUG] Clearing the Test Cases
2019-06-25 16:38:45.309 IST: [helpers.actions] [populate_test_create_tab] [617] [INFO] Getting the test cases from a file
2019-06-25 16:38:45.310 IST: [helpers.actions] [populate_test_create_tab] [636] [DEBUG] Populating the test cases to the QTableWidget
2019-06-25 16:38:47.127 IST: [helpers.actions] [select_all] [326] [INFO] Selecting the All test cases
2019-06-25 16:38:47.128 IST: [helpers.actions] [select_all] [332] [DEBUG] Checking 0 Test case
2019-06-25 16:38:47.128 IST: [helpers.actions] [select_all] [332] [DEBUG] Checking 1 Test case
2019-06-25 16:38:47.128 IST: [helpers.actions] [select_all] [332] [DEBUG] Checking 2 Test case
2019-06-25 16:38:47.129 IST: [helpers.actions] [select_all] [332] [DEBUG] Checking 3 Test case
2019-06-25 16:38:47.129 IST: [helpers.actions] [select_all] [332] [DEBUG] Checking 4 Test case
2019-06-25 16:38:47.899 IST: [helpers.actions] [get_selected_items] [93] [INFO] Getting the selected items
2019-06-25 16:38:47.900 IST: [helpers.actions] [get_selected_items] [97] [INFO] Getting the selected items from QTableWidget
2019-06-25 16:38:47.900 IST: [helpers.actions] [get_selected_items] [103] [DEBUG] Checking each test cases 0
2019-06-25 16:38:47.900 IST: [helpers.actions] [get_selected_items] [107] [DEBUG] Appending the items to the List
2019-06-25 16:38:47.900 IST: [helpers.actions] [get_selected_items] [103] [DEBUG] Checking each test cases 1
2019-06-25 16:38:47.900 IST: [helpers.actions] [get_selected_items] [107] [DEBUG] Appending the items to the List
2019-06-25 16:38:47.901 IST: [helpers.actions] [get_selected_items] [103] [DEBUG] Checking each test cases 2
2019-06-25 16:38:47.901 IST: [helpers.actions] [get_selected_items] [107] [DEBUG] Appending the items to the List
2019-06-25 16:38:47.901 IST: [helpers.actions] [get_selected_items] [103] [DEBUG] Checking each test cases 3
2019-06-25 16:38:47.901 IST: [helpers.actions] [get_selected_items] [107] [DEBUG] Appending the items to the List
2019-06-25 16:38:47.902 IST: [helpers.actions] [get_selected_items] [103] [DEBUG] Checking each test cases 4
2019-06-25 16:38:47.902 IST: [helpers.actions] [get_selected_items] [107] [DEBUG] Appending the items to the List
2019-06-25 16:38:47.902 IST: [helpers.actions] [get_selected_items] [109] [INFO] Storing the checked items in a global variable
2019-06-25 16:38:47.907 IST: [helpers.actions] [get_selected_items] [155] [DEBUG] Valid Selection and Valid Test Case Name test_all
2019-06-25 16:38:48.966 IST: [helpers.actions] [on_start_button_clicked] [208] [INFO] Start Button Clicked
2019-06-25 16:38:48.966 IST: [helpers.actions] [on_start_button_clicked] [218] [INFO] Disabling the start button once execution has started
2019-06-25 16:38:48.967 IST: [helpers.actions] [on_start_button_clicked] [220] [INFO] Enabling stop button once execution has started
2019-06-25 16:38:48.967 IST: [helpers.actions] [on_start_button_clicked] [223] [DEBUG] Reading the password from config file
2019-06-25 16:38:48.967 IST: [helpers.yaml_utils] [read_yml] [28] [DEBUG] Getting the password from config.yaml file
2019-06-25 16:38:48.972 IST: [helpers.actions] [on_start_button_clicked] [238] [DEBUG] SPI test cases are executing
2019-06-25 16:38:48.972 IST: [helpers.actions] [load_selected_test_cases_to_tab] [434] [INFO] Getting the test cases from a file
2019-06-25 16:38:48.972 IST: [helpers.actions] [load_selected_test_cases_to_tab] [463] [DEBUG] Populating the test cases to the QTableWidget
2019-06-25 16:38:48.974 IST: [helpers.console_QthreadPool] [__init__] [40] [INFO] In Worker Class
2019-06-25 16:38:48.974 IST: [helpers.console_QthreadPool] [ssh_login] [127] [INFO] In ssh_login
2019-06-25 16:38:48.974 IST: [helpers.yaml_utils] [read_yml] [28] [DEBUG] Getting the password from config.yaml file
2019-06-25 16:38:48.977 IST: [helpers.console_QthreadPool] [ssh_login] [133] [DEBUG] Got the IP = 192.168.1.22
2019-06-25 16:38:48.977 IST: [helpers.yaml_utils] [read_yml] [28] [DEBUG] Getting the password from config.yaml file
2019-06-25 16:38:48.980 IST: [helpers.console_QthreadPool] [ssh_login] [135] [DEBUG] Got the User Name = pi
2019-06-25 16:38:48.980 IST: [helpers.yaml_utils] [read_yml] [28] [DEBUG] Getting the password from config.yaml file
2019-06-25 16:38:48.981 IST: [helpers.console_QthreadPool] [ssh_login] [138] [DEBUG] Got the SSH object <paramiko.client.SSHClient object at 0x7f0c4c49c668>
2019-06-25 16:38:48.990 IST: [helpers.console_QthreadPool] [ssh_login] [143] [INFO] Pingiing to 192.168.1.22
2019-06-25 16:38:48.990 IST: [helpers.ping] [ping_host] [14] [DEBUG] In method ping_host
2019-06-25 16:38:49.057 IST: [helpers.ping] [ping_host] [18] [DEBUG] Result of ping = <subprocess.Popen object at 0x7f0c5c517c88>
2019-06-25 16:38:49.477 IST: [helpers.console_QthreadPool] [ssh_login] [155] [DEBUG] connected to host 192.168.1.22 with user name pi
2019-06-25 16:38:49.480 IST: [helpers.output_write] [create_dir_structure] [126] [INFO] In create_dir_structure
2019-06-25 16:38:49.480 IST: [helpers.console_QthreadPool] [run] [53] [INFO] In Run method
2019-06-25 16:38:49.480 IST: [helpers.output_write] [change_to_script_directory] [112] [INFO] In change_to_script_directory
2019-06-25 16:38:49.481 IST: [helpers.console_QthreadPool] [run] [55] [INFO] Executing the selected Test cases
2019-06-25 16:38:49.481 IST: [helpers.output_write] [change_to_script_directory] [115] [DEBUG] after getting the path of the script /home/shaik/Desktop/Working_DDTT/Device_Driver_Testing_Tool_mod/helpers
2019-06-25 16:38:49.482 IST: [helpers.console_QthreadPool] [run] [64] [INFO] ########################################
2019-06-25 16:38:49.482 IST: [helpers.output_write] [change_to_script_directory] [116] [DEBUG] Changing the dir to /home/shaik/Desktop/Working_DDTT/Device_Driver_Testing_Tool_mod/helpers
2019-06-25 16:38:49.482 IST: [helpers.console_QthreadPool] [run] [65] [DEBUG] Trying for 1 time:
2019-06-25 16:38:49.483 IST: [helpers.output_write] [create_dir_structure] [134] [DEBUG] Path to be Created = /home/shaik/Desktop/Working_DDTT/Device_Driver_Testing_Tool_mod/results/test_all
2019-06-25 16:38:49.483 IST: [helpers.console_QthreadPool] [run] [66] [INFO] ########################################
2019-06-25 16:38:49.483 IST: [helpers.console_QthreadPool] [run] [68] [DEBUG] global_constants.STOP_ENABLED
2019-06-25 16:38:49.484 IST: [helpers.console_QthreadPool] [run] [77] [DEBUG] Executing the test case Test001
2019-06-25 16:38:49.484 IST: [helpers.console_QthreadPool] [ssh_exe_cmd] [174] [DEBUG] inside ssh_exe_cmd
2019-06-25 16:38:49.484 IST: [helpers.output_write] [create_dir_structure] [141] [DEBUG] Path = /home/shaik/Desktop/Working_DDTT/Device_Driver_Testing_Tool_mod/results/test_all
2019-06-25 16:38:49.484 IST: [helpers.console_QthreadPool] [ssh_exe_cmd] [175] [DEBUG] ret_val ssh_login function <paramiko.client.SSHClient object at 0x7f0c4c49c668>
2019-06-25 16:38:49.485 IST: [helpers.console_QthreadPool] [ssh_exe_cmd] [185] [DEBUG] Command to Execute ./runltp -s spi01 -p -l RUN_LTP_ON-2019_06_25-11h_08m_49s.log
2019-06-25 16:38:49.485 IST: [helpers.yaml_utils] [read_yml] [28] [DEBUG] Getting the password from config.yaml file
2019-06-25 16:38:49.488 IST: [helpers.console_QthreadPool] [ssh_exe_cmd] [191] [DEBUG] ssh cmd is cd /opt/ltp/;echo 'neha123' | sudo -S ./runltp -s spi01 -p -l RUN_LTP_ON-2019_06_25-11h_08m_49s.log
2019-06-25 16:38:49.489 IST: [helpers.parser] [get_count] [25] [INFO] In get_count
2019-06-25 16:38:49.490 IST: [helpers.parser] [get_count] [37] [DEBUG] Test Passed = 0 and Test Failed = 0
2019-06-25 16:38:49.681 IST: [helpers.console_QthreadPool] [ssh_exe_cmd] [195] [DEBUG] channel = <paramiko.Channel 0 (open) window=0 -> <paramiko.Transport at 0x5c517c88 (cipher aes128-ctr, 128 bits) (active; 1 open channel(s))>>
2019-06-25 16:38:49.682 IST: [helpers.console_QthreadPool] [ssh_exe_cmd] [197] [INFO] Executing the command
2019-06-25 16:38:49.770 IST: [helpers.console_QthreadPool] [ssh_exe_cmd] [207] [INFO] Going into the while loop
2019-06-25 16:39:20.614 IST: [helpers.console_QthreadPool] [ssh_exe_cmd] [215] [INFO] Got the data from the buffer
2019-06-25 16:39:20.615 IST: [helpers.console_QthreadPool] [run] [82] [DEBUG] ****Test Execution Completed*****
2019-06-25 16:39:20.615 IST: [helpers.console_QthreadPool] [run] [84] [DEBUG] Test Name Test001
2019-06-25 16:39:20.615 IST: [helpers.console_QthreadPool] [run] [88] [DEBUG] test_index - 1
2019-06-25 16:39:20.616 IST: [helpers.console_QthreadPool] [run] [90] [DEBUG] len of index - 5
2019-06-25 16:39:20.616 IST: [helpers.console_QthreadPool] [run] [93] [DEBUG] value = 20
2019-06-25 16:39:20.616 IST: [helpers.console_QthreadPool] [run] [64] [INFO] ########################################
2019-06-25 16:39:20.616 IST: [helpers.console_QthreadPool] [run] [65] [DEBUG] Trying for 2 time:
2019-06-25 16:39:20.617 IST: [helpers.console_QthreadPool] [run] [66] [INFO] ########################################
2019-06-25 16:39:20.617 IST: [helpers.console_QthreadPool] [run] [68] [DEBUG] global_constants.STOP_ENABLED
2019-06-25 16:39:20.617 IST: [helpers.console_QthreadPool] [run] [77] [DEBUG] Executing the test case Test002
2019-06-25 16:39:20.617 IST: [helpers.console_QthreadPool] [ssh_exe_cmd] [174] [DEBUG] inside ssh_exe_cmd
2019-06-25 16:39:20.617 IST: [helpers.console_QthreadPool] [ssh_exe_cmd] [175] [DEBUG] ret_val ssh_login function <paramiko.client.SSHClient object at 0x7f0c4c49c668>
2019-06-25 16:39:20.617 IST: [helpers.console_QthreadPool] [ssh_exe_cmd] [185] [DEBUG] Command to Execute ./runltp -s spi02 -p -l RUN_LTP_ON-2019_06_25-11h_09m_20s.log
2019-06-25 16:39:20.618 IST: [helpers.yaml_utils] [read_yml] [28] [DEBUG] Getting the password from config.yaml file
2019-06-25 16:39:20.620 IST: [helpers.console_QthreadPool] [ssh_exe_cmd] [191] [DEBUG] ssh cmd is cd /opt/ltp/;echo 'neha123' | sudo -S ./runltp -s spi02 -p -l RUN_LTP_ON-2019_06_25-11h_09m_20s.log
2019-06-25 16:39:20.621 IST: [helpers.console_QthreadPool] [write_output] [267] [DEBUG] Writing to the file path = /home/shaik/Desktop/Working_DDTT/Device_Driver_Testing_Tool_mod/results/test_all and test name = Test001
2019-06-25 16:39:20.621 IST: [helpers.output_write] [make_test_dir] [56] [INFO] In make_test_dir
2019-06-25 16:39:20.622 IST: [helpers.output_write] [change_to_script_directory] [112] [INFO] In change_to_script_directory
2019-06-25 16:39:20.622 IST: [helpers.output_write] [change_to_script_directory] [115] [DEBUG] after getting the path of the script /home/shaik/Desktop/Working_DDTT/Device_Driver_Testing_Tool_mod/helpers
2019-06-25 16:39:20.622 IST: [helpers.output_write] [change_to_script_directory] [116] [DEBUG] Changing the dir to /home/shaik/Desktop/Working_DDTT/Device_Driver_Testing_Tool_mod/helpers
2019-06-25 16:39:20.622 IST: [helpers.output_write] [make_test_dir] [59] [DEBUG] Path with Test name = /home/shaik/Desktop/Working_DDTT/Device_Driver_Testing_Tool_mod/results/test_all/Test001
2019-06-25 16:39:20.623 IST: [helpers.output_write] [get_time_stamp] [97] [INFO] In get_time_stamp
2019-06-25 16:39:20.623 IST: [helpers.output_write] [get_time_stamp] [101] [DEBUG] Time Stamp Readable  2019_06_25-04h_39m_20s_PM
2019-06-25 16:39:20.623 IST: [helpers.output_write] [write_to_file] [76] [DEBUG] Changing the dir to /home/shaik/Desktop/Working_DDTT/Device_Driver_Testing_Tool_mod/results/test_all/Test001
2019-06-25 16:39:20.623 IST: [helpers.output_write] [write_to_file] [83] [DEBUG] The file name after joining = /home/shaik/Desktop/Working_DDTT/Device_Driver_Testing_Tool_mod/results/test_all/Test001/Test001 2019_06_25-04h_39m_20s_PM
2019-06-25 16:39:20.623 IST: [helpers.output_write] [write_to_file] [85] [DEBUG] Writing Test case output to the file
2019-06-25 16:39:20.634 IST: [helpers.parser] [get_count] [25] [INFO] In get_count
2019-06-25 16:39:20.635 IST: [helpers.parser] [get_count] [37] [DEBUG] Test Passed = 1 and Test Failed = 0
2019-06-25 16:39:20.635 IST: [helpers.console_QthreadPool] [pie_chart_slot] [317] [DEBUG] Updating the PieChart
2019-06-25 16:39:20.657 IST: [helpers.console_QthreadPool] [ssh_exe_cmd] [195] [DEBUG] channel = <paramiko.Channel 1 (open) window=0 -> <paramiko.Transport at 0x5c517c88 (cipher aes128-ctr, 128 bits) (active; 1 open channel(s))>>
2019-06-25 16:39:20.657 IST: [helpers.console_QthreadPool] [ssh_exe_cmd] [197] [INFO] Executing the command
2019-06-25 16:39:20.744 IST: [helpers.console_QthreadPool] [ssh_exe_cmd] [207] [INFO] Going into the while loop
2019-06-25 16:39:57.719 IST: [helpers.console_QthreadPool] [ssh_exe_cmd] [215] [INFO] Got the data from the buffer
2019-06-25 16:39:57.721 IST: [helpers.console_QthreadPool] [run] [82] [DEBUG] ****Test Execution Completed*****
2019-06-25 16:39:57.721 IST: [helpers.console_QthreadPool] [run] [84] [DEBUG] Test Name Test002
2019-06-25 16:39:57.721 IST: [helpers.console_QthreadPool] [run] [88] [DEBUG] test_index - 2
2019-06-25 16:39:57.721 IST: [helpers.console_QthreadPool] [run] [90] [DEBUG] len of index - 5
2019-06-25 16:39:57.721 IST: [helpers.console_QthreadPool] [run] [93] [DEBUG] value = 40
2019-06-25 16:39:57.721 IST: [helpers.console_QthreadPool] [run] [64] [INFO] ########################################
2019-06-25 16:39:57.722 IST: [helpers.console_QthreadPool] [run] [65] [DEBUG] Trying for 3 time:
2019-06-25 16:39:57.722 IST: [helpers.console_QthreadPool] [run] [66] [INFO] ########################################
2019-06-25 16:39:57.722 IST: [helpers.console_QthreadPool] [run] [68] [DEBUG] global_constants.STOP_ENABLED
2019-06-25 16:39:57.722 IST: [helpers.console_QthreadPool] [run] [77] [DEBUG] Executing the test case Test003
2019-06-25 16:39:57.722 IST: [helpers.console_QthreadPool] [ssh_exe_cmd] [174] [DEBUG] inside ssh_exe_cmd
2019-06-25 16:39:57.722 IST: [helpers.console_QthreadPool] [ssh_exe_cmd] [175] [DEBUG] ret_val ssh_login function <paramiko.client.SSHClient object at 0x7f0c4c49c668>
2019-06-25 16:39:57.722 IST: [helpers.console_QthreadPool] [ssh_exe_cmd] [185] [DEBUG] Command to Execute ./runltp -s spi03 -p -l RUN_LTP_ON-2019_06_25-11h_09m_57s.log
2019-06-25 16:39:57.722 IST: [helpers.yaml_utils] [read_yml] [28] [DEBUG] Getting the password from config.yaml file
2019-06-25 16:39:57.724 IST: [helpers.console_QthreadPool] [ssh_exe_cmd] [191] [DEBUG] ssh cmd is cd /opt/ltp/;echo 'neha123' | sudo -S ./runltp -s spi03 -p -l RUN_LTP_ON-2019_06_25-11h_09m_57s.log
2019-06-25 16:39:57.724 IST: [helpers.console_QthreadPool] [write_output] [267] [DEBUG] Writing to the file path = /home/shaik/Desktop/Working_DDTT/Device_Driver_Testing_Tool_mod/results/test_all and test name = Test002
2019-06-25 16:39:57.725 IST: [helpers.output_write] [make_test_dir] [56] [INFO] In make_test_dir
2019-06-25 16:39:57.725 IST: [helpers.output_write] [change_to_script_directory] [112] [INFO] In change_to_script_directory
2019-06-25 16:39:57.725 IST: [helpers.output_write] [change_to_script_directory] [115] [DEBUG] after getting the path of the script /home/shaik/Desktop/Working_DDTT/Device_Driver_Testing_Tool_mod/helpers
2019-06-25 16:39:57.725 IST: [helpers.output_write] [change_to_script_directory] [116] [DEBUG] Changing the dir to /home/shaik/Desktop/Working_DDTT/Device_Driver_Testing_Tool_mod/helpers
2019-06-25 16:39:57.725 IST: [helpers.output_write] [make_test_dir] [59] [DEBUG] Path with Test name = /home/shaik/Desktop/Working_DDTT/Device_Driver_Testing_Tool_mod/results/test_all/Test002
2019-06-25 16:39:57.725 IST: [helpers.output_write] [get_time_stamp] [97] [INFO] In get_time_stamp
2019-06-25 16:39:57.725 IST: [helpers.output_write] [get_time_stamp] [101] [DEBUG] Time Stamp Readable  2019_06_25-04h_39m_57s_PM
2019-06-25 16:39:57.725 IST: [helpers.output_write] [write_to_file] [76] [DEBUG] Changing the dir to /home/shaik/Desktop/Working_DDTT/Device_Driver_Testing_Tool_mod/results/test_all/Test002
2019-06-25 16:39:57.725 IST: [helpers.output_write] [write_to_file] [83] [DEBUG] The file name after joining = /home/shaik/Desktop/Working_DDTT/Device_Driver_Testing_Tool_mod/results/test_all/Test002/Test002 2019_06_25-04h_39m_57s_PM
2019-06-25 16:39:57.726 IST: [helpers.output_write] [write_to_file] [85] [DEBUG] Writing Test case output to the file
2019-06-25 16:39:57.750 IST: [helpers.parser] [get_count] [25] [INFO] In get_count
2019-06-25 16:39:57.751 IST: [helpers.parser] [get_count] [37] [DEBUG] Test Passed = 1 and Test Failed = 0
2019-06-25 16:39:57.751 IST: [helpers.console_QthreadPool] [pie_chart_slot] [317] [DEBUG] Updating the PieChart
2019-06-25 16:39:57.776 IST: [helpers.console_QthreadPool] [ssh_exe_cmd] [195] [DEBUG] channel = <paramiko.Channel 2 (open) window=0 -> <paramiko.Transport at 0x5c517c88 (cipher aes128-ctr, 128 bits) (active; 1 open channel(s))>>
2019-06-25 16:39:57.777 IST: [helpers.console_QthreadPool] [ssh_exe_cmd] [197] [INFO] Executing the command
2019-06-25 16:39:57.869 IST: [helpers.console_QthreadPool] [ssh_exe_cmd] [207] [INFO] Going into the while loop
2019-06-25 16:40:43.144 IST: [helpers.console_QthreadPool] [ssh_exe_cmd] [215] [INFO] Got the data from the buffer
2019-06-25 16:40:43.146 IST: [helpers.console_QthreadPool] [run] [82] [DEBUG] ****Test Execution Completed*****
2019-06-25 16:40:43.146 IST: [helpers.console_QthreadPool] [run] [84] [DEBUG] Test Name Test003
2019-06-25 16:40:43.147 IST: [helpers.console_QthreadPool] [run] [88] [DEBUG] test_index - 3
2019-06-25 16:40:43.147 IST: [helpers.console_QthreadPool] [write_output] [267] [DEBUG] Writing to the file path = /home/shaik/Desktop/Working_DDTT/Device_Driver_Testing_Tool_mod/results/test_all and test name = Test003
2019-06-25 16:40:43.147 IST: [helpers.console_QthreadPool] [run] [90] [DEBUG] len of index - 5
2019-06-25 16:40:43.148 IST: [helpers.output_write] [make_test_dir] [56] [INFO] In make_test_dir
2019-06-25 16:40:43.148 IST: [helpers.console_QthreadPool] [run] [93] [DEBUG] value = 60
2019-06-25 16:40:43.148 IST: [helpers.output_write] [change_to_script_directory] [112] [INFO] In change_to_script_directory
2019-06-25 16:40:43.154 IST: [helpers.output_write] [change_to_script_directory] [115] [DEBUG] after getting the path of the script /home/shaik/Desktop/Working_DDTT/Device_Driver_Testing_Tool_mod/helpers
2019-06-25 16:40:43.155 IST: [helpers.console_QthreadPool] [run] [64] [INFO] ########################################
2019-06-25 16:40:43.155 IST: [helpers.output_write] [change_to_script_directory] [116] [DEBUG] Changing the dir to /home/shaik/Desktop/Working_DDTT/Device_Driver_Testing_Tool_mod/helpers
2019-06-25 16:40:43.157 IST: [helpers.console_QthreadPool] [run] [65] [DEBUG] Trying for 4 time:
2019-06-25 16:40:43.157 IST: [helpers.output_write] [make_test_dir] [59] [DEBUG] Path with Test name = /home/shaik/Desktop/Working_DDTT/Device_Driver_Testing_Tool_mod/results/test_all/Test003
2019-06-25 16:40:43.157 IST: [helpers.console_QthreadPool] [run] [66] [INFO] ########################################
2019-06-25 16:40:43.158 IST: [helpers.output_write] [get_time_stamp] [97] [INFO] In get_time_stamp
2019-06-25 16:40:43.158 IST: [helpers.console_QthreadPool] [run] [68] [DEBUG] global_constants.STOP_ENABLED
2019-06-25 16:40:43.158 IST: [helpers.output_write] [get_time_stamp] [101] [DEBUG] Time Stamp Readable  2019_06_25-04h_40m_43s_PM
2019-06-25 16:40:43.159 IST: [helpers.console_QthreadPool] [run] [77] [DEBUG] Executing the test case Test004
2019-06-25 16:40:43.159 IST: [helpers.output_write] [write_to_file] [76] [DEBUG] Changing the dir to /home/shaik/Desktop/Working_DDTT/Device_Driver_Testing_Tool_mod/results/test_all/Test003
2019-06-25 16:40:43.159 IST: [helpers.console_QthreadPool] [ssh_exe_cmd] [174] [DEBUG] inside ssh_exe_cmd
2019-06-25 16:40:43.159 IST: [helpers.output_write] [write_to_file] [83] [DEBUG] The file name after joining = /home/shaik/Desktop/Working_DDTT/Device_Driver_Testing_Tool_mod/results/test_all/Test003/Test003 2019_06_25-04h_40m_43s_PM
2019-06-25 16:40:43.160 IST: [helpers.console_QthreadPool] [ssh_exe_cmd] [175] [DEBUG] ret_val ssh_login function <paramiko.client.SSHClient object at 0x7f0c4c49c668>
2019-06-25 16:40:43.160 IST: [helpers.output_write] [write_to_file] [85] [DEBUG] Writing Test case output to the file
2019-06-25 16:40:43.160 IST: [helpers.console_QthreadPool] [ssh_exe_cmd] [185] [DEBUG] Command to Execute ./runltp -s spi04 -p -l RUN_LTP_ON-2019_06_25-11h_10m_43s.log
2019-06-25 16:40:43.160 IST: [helpers.yaml_utils] [read_yml] [28] [DEBUG] Getting the password from config.yaml file
2019-06-25 16:40:43.163 IST: [helpers.console_QthreadPool] [ssh_exe_cmd] [191] [DEBUG] ssh cmd is cd /opt/ltp/;echo 'neha123' | sudo -S ./runltp -s spi04 -p -l RUN_LTP_ON-2019_06_25-11h_10m_43s.log
2019-06-25 16:40:43.175 IST: [helpers.parser] [get_count] [25] [INFO] In get_count
2019-06-25 16:40:43.175 IST: [helpers.parser] [get_count] [37] [DEBUG] Test Passed = 1 and Test Failed = 0
2019-06-25 16:40:43.175 IST: [helpers.console_QthreadPool] [pie_chart_slot] [317] [DEBUG] Updating the PieChart
2019-06-25 16:40:43.206 IST: [helpers.console_QthreadPool] [ssh_exe_cmd] [195] [DEBUG] channel = <paramiko.Channel 3 (open) window=0 -> <paramiko.Transport at 0x5c517c88 (cipher aes128-ctr, 128 bits) (active; 1 open channel(s))>>
2019-06-25 16:40:43.206 IST: [helpers.console_QthreadPool] [ssh_exe_cmd] [197] [INFO] Executing the command
2019-06-25 16:40:43.298 IST: [helpers.console_QthreadPool] [ssh_exe_cmd] [207] [INFO] Going into the while loop
2019-06-25 16:41:15.991 IST: [helpers.console_QthreadPool] [ssh_exe_cmd] [215] [INFO] Got the data from the buffer
2019-06-25 16:41:15.992 IST: [helpers.console_QthreadPool] [run] [82] [DEBUG] ****Test Execution Completed*****
2019-06-25 16:41:15.992 IST: [helpers.console_QthreadPool] [run] [84] [DEBUG] Test Name Test004
2019-06-25 16:41:15.993 IST: [helpers.console_QthreadPool] [run] [88] [DEBUG] test_index - 4
2019-06-25 16:41:15.993 IST: [helpers.console_QthreadPool] [write_output] [267] [DEBUG] Writing to the file path = /home/shaik/Desktop/Working_DDTT/Device_Driver_Testing_Tool_mod/results/test_all and test name = Test004
2019-06-25 16:41:15.993 IST: [helpers.console_QthreadPool] [run] [90] [DEBUG] len of index - 5
2019-06-25 16:41:15.993 IST: [helpers.output_write] [make_test_dir] [56] [INFO] In make_test_dir
2019-06-25 16:41:15.994 IST: [helpers.console_QthreadPool] [run] [93] [DEBUG] value = 80
2019-06-25 16:41:15.994 IST: [helpers.output_write] [change_to_script_directory] [112] [INFO] In change_to_script_directory
2019-06-25 16:41:15.996 IST: [helpers.console_QthreadPool] [run] [64] [INFO] ########################################
2019-06-25 16:41:15.996 IST: [helpers.output_write] [change_to_script_directory] [115] [DEBUG] after getting the path of the script /home/shaik/Desktop/Working_DDTT/Device_Driver_Testing_Tool_mod/helpers
2019-06-25 16:41:15.996 IST: [helpers.console_QthreadPool] [run] [65] [DEBUG] Trying for 5 time:
2019-06-25 16:41:15.997 IST: [helpers.output_write] [change_to_script_directory] [116] [DEBUG] Changing the dir to /home/shaik/Desktop/Working_DDTT/Device_Driver_Testing_Tool_mod/helpers
2019-06-25 16:41:15.997 IST: [helpers.console_QthreadPool] [run] [66] [INFO] ########################################
2019-06-25 16:41:15.997 IST: [helpers.output_write] [make_test_dir] [59] [DEBUG] Path with Test name = /home/shaik/Desktop/Working_DDTT/Device_Driver_Testing_Tool_mod/results/test_all/Test004
2019-06-25 16:41:15.998 IST: [helpers.console_QthreadPool] [run] [68] [DEBUG] global_constants.STOP_ENABLED
2019-06-25 16:41:15.998 IST: [helpers.console_QthreadPool] [run] [77] [DEBUG] Executing the test case Test005
2019-06-25 16:41:15.999 IST: [helpers.output_write] [get_time_stamp] [97] [INFO] In get_time_stamp
2019-06-25 16:41:15.999 IST: [helpers.console_QthreadPool] [ssh_exe_cmd] [174] [DEBUG] inside ssh_exe_cmd
2019-06-25 16:41:15.999 IST: [helpers.output_write] [get_time_stamp] [101] [DEBUG] Time Stamp Readable  2019_06_25-04h_41m_15s_PM
2019-06-25 16:41:15.1000 IST: [helpers.console_QthreadPool] [ssh_exe_cmd] [175] [DEBUG] ret_val ssh_login function <paramiko.client.SSHClient object at 0x7f0c4c49c668>
2019-06-25 16:41:16.000 IST: [helpers.output_write] [write_to_file] [76] [DEBUG] Changing the dir to /home/shaik/Desktop/Working_DDTT/Device_Driver_Testing_Tool_mod/results/test_all/Test004
2019-06-25 16:41:16.000 IST: [helpers.console_QthreadPool] [ssh_exe_cmd] [185] [DEBUG] Command to Execute ./runltp -s spi05 -p -l RUN_LTP_ON-2019_06_25-11h_11m_15s.log
2019-06-25 16:41:16.001 IST: [helpers.output_write] [write_to_file] [83] [DEBUG] The file name after joining = /home/shaik/Desktop/Working_DDTT/Device_Driver_Testing_Tool_mod/results/test_all/Test004/Test004 2019_06_25-04h_41m_15s_PM
2019-06-25 16:41:16.001 IST: [helpers.yaml_utils] [read_yml] [28] [DEBUG] Getting the password from config.yaml file
2019-06-25 16:41:16.002 IST: [helpers.output_write] [write_to_file] [85] [DEBUG] Writing Test case output to the file
2019-06-25 16:41:16.005 IST: [helpers.console_QthreadPool] [ssh_exe_cmd] [191] [DEBUG] ssh cmd is cd /opt/ltp/;echo 'neha123' | sudo -S ./runltp -s spi05 -p -l RUN_LTP_ON-2019_06_25-11h_11m_15s.log
2019-06-25 16:41:16.016 IST: [helpers.parser] [get_count] [25] [INFO] In get_count
2019-06-25 16:41:16.016 IST: [helpers.parser] [get_count] [37] [DEBUG] Test Passed = 1 and Test Failed = 0
2019-06-25 16:41:16.016 IST: [helpers.console_QthreadPool] [pie_chart_slot] [317] [DEBUG] Updating the PieChart
2019-06-25 16:41:16.036 IST: [helpers.console_QthreadPool] [ssh_exe_cmd] [195] [DEBUG] channel = <paramiko.Channel 4 (open) window=0 -> <paramiko.Transport at 0x5c517c88 (cipher aes128-ctr, 128 bits) (active; 1 open channel(s))>>
2019-06-25 16:41:16.036 IST: [helpers.console_QthreadPool] [ssh_exe_cmd] [197] [INFO] Executing the command
2019-06-25 16:41:16.125 IST: [helpers.console_QthreadPool] [ssh_exe_cmd] [207] [INFO] Going into the while loop
2019-06-25 16:41:58.783 IST: [helpers.console_QthreadPool] [ssh_exe_cmd] [215] [INFO] Got the data from the buffer
2019-06-25 16:41:58.784 IST: [helpers.console_QthreadPool] [run] [82] [DEBUG] ****Test Execution Completed*****
2019-06-25 16:41:58.785 IST: [helpers.console_QthreadPool] [run] [84] [DEBUG] Test Name Test005
2019-06-25 16:41:58.785 IST: [helpers.console_QthreadPool] [run] [88] [DEBUG] test_index - 5
2019-06-25 16:41:58.785 IST: [helpers.console_QthreadPool] [write_output] [267] [DEBUG] Writing to the file path = /home/shaik/Desktop/Working_DDTT/Device_Driver_Testing_Tool_mod/results/test_all and test name = Test005
2019-06-25 16:41:58.785 IST: [helpers.console_QthreadPool] [run] [90] [DEBUG] len of index - 5
2019-06-25 16:41:58.785 IST: [helpers.output_write] [make_test_dir] [56] [INFO] In make_test_dir
2019-06-25 16:41:58.786 IST: [helpers.console_QthreadPool] [run] [93] [DEBUG] value = 100
2019-06-25 16:41:58.786 IST: [helpers.output_write] [change_to_script_directory] [112] [INFO] In change_to_script_directory
2019-06-25 16:41:58.788 IST: [helpers.console_QthreadPool] [run] [106] [INFO] ******Executed Test Cases******
2019-06-25 16:41:58.788 IST: [helpers.output_write] [change_to_script_directory] [115] [DEBUG] after getting the path of the script /home/shaik/Desktop/Working_DDTT/Device_Driver_Testing_Tool_mod/helpers
2019-06-25 16:41:58.789 IST: [helpers.output_write] [change_to_script_directory] [116] [DEBUG] Changing the dir to /home/shaik/Desktop/Working_DDTT/Device_Driver_Testing_Tool_mod/helpers
2019-06-25 16:41:58.789 IST: [helpers.output_write] [make_test_dir] [59] [DEBUG] Path with Test name = /home/shaik/Desktop/Working_DDTT/Device_Driver_Testing_Tool_mod/results/test_all/Test005
2019-06-25 16:41:58.790 IST: [helpers.output_write] [get_time_stamp] [97] [INFO] In get_time_stamp
2019-06-25 16:41:58.790 IST: [helpers.output_write] [get_time_stamp] [101] [DEBUG] Time Stamp Readable  2019_06_25-04h_41m_58s_PM
2019-06-25 16:41:58.790 IST: [helpers.output_write] [write_to_file] [76] [DEBUG] Changing the dir to /home/shaik/Desktop/Working_DDTT/Device_Driver_Testing_Tool_mod/results/test_all/Test005
2019-06-25 16:41:58.790 IST: [helpers.output_write] [write_to_file] [83] [DEBUG] The file name after joining = /home/shaik/Desktop/Working_DDTT/Device_Driver_Testing_Tool_mod/results/test_all/Test005/Test005 2019_06_25-04h_41m_58s_PM
2019-06-25 16:41:58.790 IST: [helpers.output_write] [write_to_file] [85] [DEBUG] Writing Test case output to the file
2019-06-25 16:41:58.807 IST: [helpers.parser] [get_count] [25] [INFO] In get_count
2019-06-25 16:41:58.807 IST: [helpers.parser] [get_count] [37] [DEBUG] Test Passed = 1 and Test Failed = 0
2019-06-25 16:41:58.807 IST: [helpers.console_QthreadPool] [pie_chart_slot] [317] [DEBUG] Updating the PieChart
