2019-06-25 15:01:23.950 IST: [helpers.actions] [on_interface_changed] [177] [INFO] Interface QCombobox is changed to I2C
2019-06-25 15:01:25.182 IST: [helpers.actions] [on_device_changed] [187] [INFO] Device QCombobox is changed to ADC
2019-06-25 15:01:29.010 IST: [helpers.actions] [on_interface_changed] [177] [INFO] Interface QCombobox is changed to bitbSPI
2019-06-25 15:01:30.393 IST: [helpers.actions] [on_device_changed] [187] [INFO] Device QCombobox is changed to RTC
2019-06-25 15:01:35.554 IST: [helpers.actions] [on_interface_changed] [177] [INFO] Interface QCombobox is changed to I2C
2019-06-25 15:01:37.285 IST: [helpers.actions] [on_interface_changed] [177] [INFO] Interface QCombobox is changed to SPI
2019-06-25 15:01:38.117 IST: [helpers.actions] [on_device_changed] [187] [INFO] Device QCombobox is changed to ADC
2019-06-25 15:01:42.399 IST: [helpers.common] [clear_QtableWidget] [13] [INFO] Getting the test cases from a file
2019-06-25 15:01:42.400 IST: [helpers.common] [clear_QtableWidget] [40] [ERROR] 'Ui_MainWindow' object has no attribute 'count'
Traceback (most recent call last):
  File "/home/shaik/Desktop/Working_DDTT/Device_Driver_Testing_Tool_mod/helpers/common.py", line 29, in clear_QtableWidget
    self.gui_utils.tableWidget.setRowCount(self.gui_utils.count)
AttributeError: 'Ui_MainWindow' object has no attribute 'count'
2019-06-25 15:01:42.423 IST: [helpers.actions] [populate_test_create_tab] [617] [INFO] Getting the test cases from a file
2019-06-25 15:01:42.424 IST: [helpers.actions] [populate_test_create_tab] [636] [DEBUG] Populating the test cases to the QTableWidget
2019-06-25 15:01:44.445 IST: [helpers.actions] [select_all] [326] [INFO] Selecting the All test cases
2019-06-25 15:01:44.446 IST: [helpers.actions] [select_all] [332] [DEBUG] Checking 0 Test case
2019-06-25 15:01:44.446 IST: [helpers.actions] [select_all] [332] [DEBUG] Checking 1 Test case
2019-06-25 15:01:44.446 IST: [helpers.actions] [select_all] [332] [DEBUG] Checking 2 Test case
2019-06-25 15:01:44.446 IST: [helpers.actions] [select_all] [332] [DEBUG] Checking 3 Test case
2019-06-25 15:01:44.446 IST: [helpers.actions] [select_all] [332] [DEBUG] Checking 4 Test case
2019-06-25 15:01:45.580 IST: [helpers.actions] [get_selected_items] [93] [INFO] Getting the selected items
2019-06-25 15:01:45.581 IST: [helpers.actions] [get_selected_items] [97] [INFO] Getting the selected items from QTableWidget
2019-06-25 15:01:45.581 IST: [helpers.actions] [get_selected_items] [103] [DEBUG] Checking each test cases 0
2019-06-25 15:01:45.581 IST: [helpers.actions] [get_selected_items] [107] [DEBUG] Appending the items to the List
2019-06-25 15:01:45.582 IST: [helpers.actions] [get_selected_items] [103] [DEBUG] Checking each test cases 1
2019-06-25 15:01:45.582 IST: [helpers.actions] [get_selected_items] [107] [DEBUG] Appending the items to the List
2019-06-25 15:01:45.582 IST: [helpers.actions] [get_selected_items] [103] [DEBUG] Checking each test cases 2
2019-06-25 15:01:45.582 IST: [helpers.actions] [get_selected_items] [107] [DEBUG] Appending the items to the List
2019-06-25 15:01:45.583 IST: [helpers.actions] [get_selected_items] [103] [DEBUG] Checking each test cases 3
2019-06-25 15:01:45.583 IST: [helpers.actions] [get_selected_items] [107] [DEBUG] Appending the items to the List
2019-06-25 15:01:45.583 IST: [helpers.actions] [get_selected_items] [103] [DEBUG] Checking each test cases 4
2019-06-25 15:01:45.584 IST: [helpers.actions] [get_selected_items] [107] [DEBUG] Appending the items to the List
2019-06-25 15:01:45.584 IST: [helpers.actions] [get_selected_items] [109] [INFO] Storing the checked items in a global variable
2019-06-25 15:01:45.587 IST: [helpers.actions] [get_selected_items] [155] [DEBUG] Valid Selection and Valid Test Case Name test_all
2019-06-25 15:01:46.744 IST: [helpers.actions] [on_start_button_clicked] [208] [INFO] Start Button Clicked
2019-06-25 15:01:46.744 IST: [helpers.actions] [on_start_button_clicked] [218] [INFO] Disabling the start button once execution has started
2019-06-25 15:01:46.745 IST: [helpers.actions] [on_start_button_clicked] [220] [INFO] Enabling stop button once execution has started
2019-06-25 15:01:46.745 IST: [helpers.actions] [on_start_button_clicked] [223] [DEBUG] Reading the password from config file
2019-06-25 15:01:46.745 IST: [helpers.yaml_utils] [read_yml] [28] [DEBUG] Getting the password from config.yaml file
2019-06-25 15:01:46.775 IST: [helpers.actions] [on_start_button_clicked] [238] [DEBUG] SPI test cases are executing
2019-06-25 15:01:46.775 IST: [helpers.actions] [load_selected_test_cases_to_tab] [434] [INFO] Getting the test cases from a file
2019-06-25 15:01:46.775 IST: [helpers.actions] [load_selected_test_cases_to_tab] [463] [DEBUG] Populating the test cases to the QTableWidget
2019-06-25 15:01:46.778 IST: [helpers.console_QthreadPool] [__init__] [40] [INFO] In Worker Class
2019-06-25 15:01:46.778 IST: [helpers.console_QthreadPool] [ssh_login] [127] [INFO] In ssh_login
2019-06-25 15:01:46.778 IST: [helpers.yaml_utils] [read_yml] [28] [DEBUG] Getting the password from config.yaml file
2019-06-25 15:01:46.780 IST: [helpers.console_QthreadPool] [ssh_login] [133] [DEBUG] Got the IP = 192.168.1.6
2019-06-25 15:01:46.781 IST: [helpers.yaml_utils] [read_yml] [28] [DEBUG] Getting the password from config.yaml file
2019-06-25 15:01:46.783 IST: [helpers.console_QthreadPool] [ssh_login] [135] [DEBUG] Got the User Name = shaik
2019-06-25 15:01:46.783 IST: [helpers.yaml_utils] [read_yml] [28] [DEBUG] Getting the password from config.yaml file
2019-06-25 15:01:46.785 IST: [helpers.console_QthreadPool] [ssh_login] [138] [DEBUG] Got the SSH object <paramiko.client.SSHClient object at 0x7fd134798c50>
2019-06-25 15:01:47.228 IST: [helpers.console_QthreadPool] [ssh_login] [143] [INFO] Pingiing to 192.168.1.6
2019-06-25 15:01:47.228 IST: [helpers.ping] [ping_host] [14] [DEBUG] In method ping_host
2019-06-25 15:01:47.561 IST: [helpers.ping] [ping_host] [18] [DEBUG] Result of ping = <subprocess.Popen object at 0x7fd134798da0>
2019-06-25 15:01:48.496 IST: [helpers.console_QthreadPool] [ssh_login] [155] [DEBUG] connected to host 192.168.1.6 with user name shaik
2019-06-25 15:01:48.863 IST: [helpers.output_write] [create_dir_structure] [126] [INFO] In create_dir_structure
2019-06-25 15:01:48.863 IST: [helpers.console_QthreadPool] [run] [53] [INFO] In Run method
2019-06-25 15:01:48.864 IST: [helpers.output_write] [change_to_script_directory] [112] [INFO] In change_to_script_directory
2019-06-25 15:01:48.864 IST: [helpers.console_QthreadPool] [run] [55] [INFO] Executing the selected Test cases
2019-06-25 15:01:48.864 IST: [helpers.output_write] [change_to_script_directory] [115] [DEBUG] after getting the path of the script /home/shaik/Desktop/Working_DDTT/Device_Driver_Testing_Tool_mod/helpers
2019-06-25 15:01:48.864 IST: [helpers.console_QthreadPool] [run] [64] [INFO] ########################################
2019-06-25 15:01:48.865 IST: [helpers.output_write] [change_to_script_directory] [116] [DEBUG] Changing the dir to /home/shaik/Desktop/Working_DDTT/Device_Driver_Testing_Tool_mod/helpers
2019-06-25 15:01:48.865 IST: [helpers.console_QthreadPool] [run] [65] [DEBUG] Trying for 1 time:
2019-06-25 15:01:48.865 IST: [helpers.output_write] [create_dir_structure] [134] [DEBUG] Path to be Created = /home/shaik/Desktop/Working_DDTT/Device_Driver_Testing_Tool_mod/results/test_all
2019-06-25 15:01:48.865 IST: [helpers.console_QthreadPool] [run] [66] [INFO] ########################################
2019-06-25 15:01:48.865 IST: [helpers.console_QthreadPool] [run] [68] [DEBUG] global_constants.STOP_ENABLED
2019-06-25 15:01:48.866 IST: [helpers.console_QthreadPool] [run] [77] [DEBUG] Executing the test case Test001
2019-06-25 15:01:48.866 IST: [helpers.console_QthreadPool] [ssh_exe_cmd] [174] [DEBUG] inside ssh_exe_cmd
2019-06-25 15:01:48.866 IST: [helpers.console_QthreadPool] [ssh_exe_cmd] [175] [DEBUG] ret_val ssh_login function <paramiko.client.SSHClient object at 0x7fd134798c50>
2019-06-25 15:01:48.866 IST: [helpers.console_QthreadPool] [ssh_exe_cmd] [185] [DEBUG] Command to Execute ./runltp -s spi01 -p -l RUN_LTP_ON-2019_06_25-09h_31m_48s.log
2019-06-25 15:01:48.867 IST: [helpers.yaml_utils] [read_yml] [28] [DEBUG] Getting the password from config.yaml file
2019-06-25 15:01:48.869 IST: [helpers.console_QthreadPool] [ssh_exe_cmd] [191] [DEBUG] ssh cmd is cd /opt/ltp/;echo 'sayyu@8gesl' | sudo -S ./runltp -s spi01 -p -l RUN_LTP_ON-2019_06_25-09h_31m_48s.log
2019-06-25 15:01:48.932 IST: [helpers.output_write] [create_dir_structure] [141] [DEBUG] Path = /home/shaik/Desktop/Working_DDTT/Device_Driver_Testing_Tool_mod/results/test_all
2019-06-25 15:01:48.933 IST: [helpers.parser] [get_count] [25] [INFO] In get_count
2019-06-25 15:01:48.933 IST: [helpers.parser] [get_count] [37] [DEBUG] Test Passed = 0 and Test Failed = 0
2019-06-25 15:01:50.549 IST: [helpers.console_QthreadPool] [ssh_exe_cmd] [195] [DEBUG] channel = <paramiko.Channel 0 (open) window=0 -> <paramiko.Transport at 0x34798da0 (cipher aes128-ctr, 128 bits) (active; 1 open channel(s))>>
2019-06-25 15:01:50.549 IST: [helpers.console_QthreadPool] [ssh_exe_cmd] [197] [INFO] Executing the command
2019-06-25 15:01:51.446 IST: [helpers.console_QthreadPool] [ssh_exe_cmd] [207] [INFO] Going into the while loop
2019-06-25 15:01:56.413 IST: [helpers.console_QthreadPool] [ssh_exe_cmd] [215] [INFO] Got the data from the buffer
2019-06-25 15:01:56.463 IST: [helpers.console_QthreadPool] [run] [82] [DEBUG] ****Test Execution Completed*****
2019-06-25 15:01:56.464 IST: [helpers.console_QthreadPool] [run] [84] [DEBUG] Test Name Test001
2019-06-25 15:01:56.464 IST: [helpers.console_QthreadPool] [run] [88] [DEBUG] test_index - 1
2019-06-25 15:01:56.464 IST: [helpers.console_QthreadPool] [write_output] [267] [DEBUG] Writing to the file path = /home/shaik/Desktop/Working_DDTT/Device_Driver_Testing_Tool_mod/results/test_all and test name = Test001
2019-06-25 15:01:56.464 IST: [helpers.console_QthreadPool] [run] [90] [DEBUG] len of index - 5
2019-06-25 15:01:56.465 IST: [helpers.output_write] [make_test_dir] [56] [INFO] In make_test_dir
2019-06-25 15:01:56.465 IST: [helpers.console_QthreadPool] [run] [93] [DEBUG] value = 20
2019-06-25 15:01:56.465 IST: [helpers.output_write] [change_to_script_directory] [112] [INFO] In change_to_script_directory
2019-06-25 15:01:56.466 IST: [helpers.output_write] [change_to_script_directory] [115] [DEBUG] after getting the path of the script /home/shaik/Desktop/Working_DDTT/Device_Driver_Testing_Tool_mod/helpers
2019-06-25 15:01:56.539 IST: [helpers.console_QthreadPool] [run] [64] [INFO] ########################################
2019-06-25 15:01:56.540 IST: [helpers.output_write] [change_to_script_directory] [116] [DEBUG] Changing the dir to /home/shaik/Desktop/Working_DDTT/Device_Driver_Testing_Tool_mod/helpers
2019-06-25 15:01:56.540 IST: [helpers.console_QthreadPool] [run] [65] [DEBUG] Trying for 2 time:
2019-06-25 15:01:56.540 IST: [helpers.output_write] [make_test_dir] [59] [DEBUG] Path with Test name = /home/shaik/Desktop/Working_DDTT/Device_Driver_Testing_Tool_mod/results/test_all/Test001
2019-06-25 15:01:56.540 IST: [helpers.console_QthreadPool] [run] [66] [INFO] ########################################
2019-06-25 15:01:56.541 IST: [helpers.console_QthreadPool] [run] [68] [DEBUG] global_constants.STOP_ENABLED
2019-06-25 15:01:56.541 IST: [helpers.console_QthreadPool] [run] [77] [DEBUG] Executing the test case Test002
2019-06-25 15:01:56.541 IST: [helpers.console_QthreadPool] [ssh_exe_cmd] [174] [DEBUG] inside ssh_exe_cmd
2019-06-25 15:01:56.542 IST: [helpers.console_QthreadPool] [ssh_exe_cmd] [175] [DEBUG] ret_val ssh_login function <paramiko.client.SSHClient object at 0x7fd134798c50>
2019-06-25 15:01:56.542 IST: [helpers.console_QthreadPool] [ssh_exe_cmd] [185] [DEBUG] Command to Execute ./runltp -s spi02 -p -l RUN_LTP_ON-2019_06_25-09h_31m_56s.log
2019-06-25 15:01:56.542 IST: [helpers.yaml_utils] [read_yml] [28] [DEBUG] Getting the password from config.yaml file
2019-06-25 15:01:56.567 IST: [helpers.console_QthreadPool] [ssh_exe_cmd] [191] [DEBUG] ssh cmd is cd /opt/ltp/;echo 'sayyu@8gesl' | sudo -S ./runltp -s spi02 -p -l RUN_LTP_ON-2019_06_25-09h_31m_56s.log
2019-06-25 15:01:56.568 IST: [helpers.console_QthreadPool] [ssh_exe_cmd] [195] [DEBUG] channel = <paramiko.Channel 1 (open) window=0 -> <paramiko.Transport at 0x34798da0 (cipher aes128-ctr, 128 bits) (active; 1 open channel(s))>>
2019-06-25 15:01:56.568 IST: [helpers.console_QthreadPool] [ssh_exe_cmd] [197] [INFO] Executing the command
2019-06-25 15:01:56.577 IST: [helpers.output_write] [get_time_stamp] [97] [INFO] In get_time_stamp
2019-06-25 15:01:56.578 IST: [helpers.output_write] [get_time_stamp] [101] [DEBUG] Time Stamp Readable  2019_06_25-03h_01m_56s_PM
2019-06-25 15:01:56.578 IST: [helpers.output_write] [write_to_file] [76] [DEBUG] Changing the dir to /home/shaik/Desktop/Working_DDTT/Device_Driver_Testing_Tool_mod/results/test_all/Test001
2019-06-25 15:01:56.578 IST: [helpers.output_write] [write_to_file] [83] [DEBUG] The file name after joining = /home/shaik/Desktop/Working_DDTT/Device_Driver_Testing_Tool_mod/results/test_all/Test001/Test001 2019_06_25-03h_01m_56s_PM
2019-06-25 15:01:56.578 IST: [helpers.output_write] [write_to_file] [85] [DEBUG] Writing Test case output to the file
2019-06-25 15:01:56.578 IST: [helpers.parser] [get_count] [25] [INFO] In get_count
2019-06-25 15:01:56.579 IST: [helpers.parser] [get_count] [37] [DEBUG] Test Passed = 0 and Test Failed = 1
2019-06-25 15:01:56.579 IST: [helpers.console_QthreadPool] [pie_chart_slot] [317] [DEBUG] Updating the PieChart
2019-06-25 15:01:57.037 IST: [helpers.console_QthreadPool] [ssh_exe_cmd] [207] [INFO] Going into the while loop
2019-06-25 15:02:00.628 IST: [helpers.console_QthreadPool] [ssh_exe_cmd] [215] [INFO] Got the data from the buffer
2019-06-25 15:02:00.666 IST: [helpers.console_QthreadPool] [run] [82] [DEBUG] ****Test Execution Completed*****
2019-06-25 15:02:00.666 IST: [helpers.console_QthreadPool] [run] [84] [DEBUG] Test Name Test002
2019-06-25 15:02:00.667 IST: [helpers.console_QthreadPool] [run] [88] [DEBUG] test_index - 2
2019-06-25 15:02:00.667 IST: [helpers.console_QthreadPool] [write_output] [267] [DEBUG] Writing to the file path = /home/shaik/Desktop/Working_DDTT/Device_Driver_Testing_Tool_mod/results/test_all and test name = Test002
2019-06-25 15:02:00.667 IST: [helpers.console_QthreadPool] [run] [90] [DEBUG] len of index - 5
2019-06-25 15:02:00.667 IST: [helpers.output_write] [make_test_dir] [56] [INFO] In make_test_dir
2019-06-25 15:02:00.667 IST: [helpers.console_QthreadPool] [run] [93] [DEBUG] value = 40
2019-06-25 15:02:00.668 IST: [helpers.output_write] [change_to_script_directory] [112] [INFO] In change_to_script_directory
2019-06-25 15:02:00.670 IST: [helpers.console_QthreadPool] [run] [64] [INFO] ########################################
2019-06-25 15:02:00.670 IST: [helpers.output_write] [change_to_script_directory] [115] [DEBUG] after getting the path of the script /home/shaik/Desktop/Working_DDTT/Device_Driver_Testing_Tool_mod/helpers
2019-06-25 15:02:00.670 IST: [helpers.console_QthreadPool] [run] [65] [DEBUG] Trying for 3 time:
2019-06-25 15:02:00.670 IST: [helpers.output_write] [change_to_script_directory] [116] [DEBUG] Changing the dir to /home/shaik/Desktop/Working_DDTT/Device_Driver_Testing_Tool_mod/helpers
2019-06-25 15:02:00.671 IST: [helpers.console_QthreadPool] [run] [66] [INFO] ########################################
2019-06-25 15:02:00.671 IST: [helpers.output_write] [make_test_dir] [59] [DEBUG] Path with Test name = /home/shaik/Desktop/Working_DDTT/Device_Driver_Testing_Tool_mod/results/test_all/Test002
2019-06-25 15:02:00.671 IST: [helpers.console_QthreadPool] [run] [68] [DEBUG] global_constants.STOP_ENABLED
2019-06-25 15:02:00.671 IST: [helpers.output_write] [get_time_stamp] [97] [INFO] In get_time_stamp
2019-06-25 15:02:00.672 IST: [helpers.console_QthreadPool] [run] [77] [DEBUG] Executing the test case Test003
2019-06-25 15:02:00.672 IST: [helpers.output_write] [get_time_stamp] [101] [DEBUG] Time Stamp Readable  2019_06_25-03h_02m_00s_PM
2019-06-25 15:02:00.672 IST: [helpers.console_QthreadPool] [ssh_exe_cmd] [174] [DEBUG] inside ssh_exe_cmd
2019-06-25 15:02:00.672 IST: [helpers.output_write] [write_to_file] [76] [DEBUG] Changing the dir to /home/shaik/Desktop/Working_DDTT/Device_Driver_Testing_Tool_mod/results/test_all/Test002
2019-06-25 15:02:00.673 IST: [helpers.console_QthreadPool] [ssh_exe_cmd] [175] [DEBUG] ret_val ssh_login function <paramiko.client.SSHClient object at 0x7fd134798c50>
2019-06-25 15:02:00.673 IST: [helpers.output_write] [write_to_file] [83] [DEBUG] The file name after joining = /home/shaik/Desktop/Working_DDTT/Device_Driver_Testing_Tool_mod/results/test_all/Test002/Test002 2019_06_25-03h_02m_00s_PM
2019-06-25 15:02:00.673 IST: [helpers.console_QthreadPool] [ssh_exe_cmd] [185] [DEBUG] Command to Execute ./runltp -s spi03 -p -l RUN_LTP_ON-2019_06_25-09h_32m_00s.log
2019-06-25 15:02:00.673 IST: [helpers.output_write] [write_to_file] [85] [DEBUG] Writing Test case output to the file
2019-06-25 15:02:00.674 IST: [helpers.yaml_utils] [read_yml] [28] [DEBUG] Getting the password from config.yaml file
2019-06-25 15:02:00.674 IST: [helpers.parser] [get_count] [25] [INFO] In get_count
2019-06-25 15:02:00.674 IST: [helpers.parser] [get_count] [37] [DEBUG] Test Passed = 0 and Test Failed = 1
2019-06-25 15:02:00.675 IST: [helpers.console_QthreadPool] [pie_chart_slot] [317] [DEBUG] Updating the PieChart
2019-06-25 15:02:00.691 IST: [helpers.console_QthreadPool] [ssh_exe_cmd] [191] [DEBUG] ssh cmd is cd /opt/ltp/;echo 'sayyu@8gesl' | sudo -S ./runltp -s spi03 -p -l RUN_LTP_ON-2019_06_25-09h_32m_00s.log
2019-06-25 15:02:00.692 IST: [helpers.console_QthreadPool] [ssh_exe_cmd] [195] [DEBUG] channel = <paramiko.Channel 2 (open) window=0 -> <paramiko.Transport at 0x34798da0 (cipher aes128-ctr, 128 bits) (active; 1 open channel(s))>>
2019-06-25 15:02:00.692 IST: [helpers.console_QthreadPool] [ssh_exe_cmd] [197] [INFO] Executing the command
2019-06-25 15:02:00.956 IST: [helpers.console_QthreadPool] [ssh_exe_cmd] [207] [INFO] Going into the while loop
2019-06-25 15:02:03.931 IST: [helpers.console_QthreadPool] [ssh_exe_cmd] [215] [INFO] Got the data from the buffer
2019-06-25 15:02:03.997 IST: [helpers.console_QthreadPool] [run] [82] [DEBUG] ****Test Execution Completed*****
2019-06-25 15:02:03.998 IST: [helpers.console_QthreadPool] [run] [84] [DEBUG] Test Name Test003
2019-06-25 15:02:03.998 IST: [helpers.console_QthreadPool] [run] [88] [DEBUG] test_index - 3
2019-06-25 15:02:03.998 IST: [helpers.console_QthreadPool] [run] [90] [DEBUG] len of index - 5
2019-06-25 15:02:03.998 IST: [helpers.console_QthreadPool] [write_output] [267] [DEBUG] Writing to the file path = /home/shaik/Desktop/Working_DDTT/Device_Driver_Testing_Tool_mod/results/test_all and test name = Test003
2019-06-25 15:02:03.998 IST: [helpers.console_QthreadPool] [run] [93] [DEBUG] value = 60
2019-06-25 15:02:03.998 IST: [helpers.output_write] [make_test_dir] [56] [INFO] In make_test_dir
2019-06-25 15:02:03.1000 IST: [helpers.console_QthreadPool] [run] [64] [INFO] ########################################
2019-06-25 15:02:03.1000 IST: [helpers.output_write] [change_to_script_directory] [112] [INFO] In change_to_script_directory
2019-06-25 15:02:04.000 IST: [helpers.console_QthreadPool] [run] [65] [DEBUG] Trying for 4 time:
2019-06-25 15:02:04.000 IST: [helpers.output_write] [change_to_script_directory] [115] [DEBUG] after getting the path of the script /home/shaik/Desktop/Working_DDTT/Device_Driver_Testing_Tool_mod/helpers
2019-06-25 15:02:04.001 IST: [helpers.console_QthreadPool] [run] [66] [INFO] ########################################
2019-06-25 15:02:04.001 IST: [helpers.output_write] [change_to_script_directory] [116] [DEBUG] Changing the dir to /home/shaik/Desktop/Working_DDTT/Device_Driver_Testing_Tool_mod/helpers
2019-06-25 15:02:04.001 IST: [helpers.console_QthreadPool] [run] [68] [DEBUG] global_constants.STOP_ENABLED
2019-06-25 15:02:04.001 IST: [helpers.output_write] [make_test_dir] [59] [DEBUG] Path with Test name = /home/shaik/Desktop/Working_DDTT/Device_Driver_Testing_Tool_mod/results/test_all/Test003
2019-06-25 15:02:04.002 IST: [helpers.console_QthreadPool] [run] [77] [DEBUG] Executing the test case Test004
2019-06-25 15:02:04.002 IST: [helpers.console_QthreadPool] [ssh_exe_cmd] [174] [DEBUG] inside ssh_exe_cmd
2019-06-25 15:02:04.002 IST: [helpers.output_write] [get_time_stamp] [97] [INFO] In get_time_stamp
2019-06-25 15:02:04.002 IST: [helpers.console_QthreadPool] [ssh_exe_cmd] [175] [DEBUG] ret_val ssh_login function <paramiko.client.SSHClient object at 0x7fd134798c50>
2019-06-25 15:02:04.002 IST: [helpers.output_write] [get_time_stamp] [101] [DEBUG] Time Stamp Readable  2019_06_25-03h_02m_04s_PM
2019-06-25 15:02:04.003 IST: [helpers.console_QthreadPool] [ssh_exe_cmd] [185] [DEBUG] Command to Execute ./runltp -s spi04 -p -l RUN_LTP_ON-2019_06_25-09h_32m_03s.log
2019-06-25 15:02:04.003 IST: [helpers.output_write] [write_to_file] [76] [DEBUG] Changing the dir to /home/shaik/Desktop/Working_DDTT/Device_Driver_Testing_Tool_mod/results/test_all/Test003
2019-06-25 15:02:04.003 IST: [helpers.yaml_utils] [read_yml] [28] [DEBUG] Getting the password from config.yaml file
2019-06-25 15:02:04.003 IST: [helpers.output_write] [write_to_file] [83] [DEBUG] The file name after joining = /home/shaik/Desktop/Working_DDTT/Device_Driver_Testing_Tool_mod/results/test_all/Test003/Test003 2019_06_25-03h_02m_04s_PM
2019-06-25 15:02:04.003 IST: [helpers.yaml_utils] [read_yml] [35] [ERROR] Unable get the IP:SSH_PASSWD from config file [Errno 2] No such file or directory: '../resources/config.yaml'
Traceback (most recent call last):
  File "/home/shaik/Desktop/Working_DDTT/Device_Driver_Testing_Tool_mod/helpers/yaml_utils.py", line 29, in read_yml
    with open('../resources/config.yaml', 'r') as file_obj:
FileNotFoundError: [Errno 2] No such file or directory: '../resources/config.yaml'
2019-06-25 15:02:04.004 IST: [helpers.output_write] [write_to_file] [85] [DEBUG] Writing Test case output to the file
2019-06-25 15:02:04.009 IST: [helpers.console_QthreadPool] [ssh_exe_cmd] [191] [DEBUG] ssh cmd is cd /opt/ltp/;echo 'None' | sudo -S ./runltp -s spi04 -p -l RUN_LTP_ON-2019_06_25-09h_32m_03s.log
2019-06-25 15:02:04.010 IST: [helpers.console_QthreadPool] [ssh_exe_cmd] [195] [DEBUG] channel = <paramiko.Channel 3 (open) window=0 -> <paramiko.Transport at 0x34798da0 (cipher aes128-ctr, 128 bits) (active; 1 open channel(s))>>
2019-06-25 15:02:04.010 IST: [helpers.console_QthreadPool] [ssh_exe_cmd] [197] [INFO] Executing the command
2019-06-25 15:02:04.021 IST: [helpers.parser] [get_count] [25] [INFO] In get_count
2019-06-25 15:02:04.021 IST: [helpers.parser] [get_count] [37] [DEBUG] Test Passed = 0 and Test Failed = 1
2019-06-25 15:02:04.021 IST: [helpers.console_QthreadPool] [pie_chart_slot] [317] [DEBUG] Updating the PieChart
2019-06-25 15:02:05.866 IST: [helpers.console_QthreadPool] [ssh_exe_cmd] [207] [INFO] Going into the while loop
2019-06-25 15:02:05.867 IST: [helpers.console_QthreadPool] [ssh_exe_cmd] [215] [INFO] Got the data from the buffer
2019-06-25 15:02:05.868 IST: [helpers.console_QthreadPool] [run] [82] [DEBUG] ****Test Execution Completed*****
2019-06-25 15:02:05.868 IST: [helpers.console_QthreadPool] [run] [84] [DEBUG] Test Name Test004
2019-06-25 15:02:05.868 IST: [helpers.console_QthreadPool] [run] [88] [DEBUG] test_index - 4
2019-06-25 15:02:05.869 IST: [helpers.console_QthreadPool] [write_output] [267] [DEBUG] Writing to the file path = /home/shaik/Desktop/Working_DDTT/Device_Driver_Testing_Tool_mod/results/test_all and test name = Test004
2019-06-25 15:02:05.869 IST: [helpers.console_QthreadPool] [run] [90] [DEBUG] len of index - 5
2019-06-25 15:02:05.869 IST: [helpers.output_write] [make_test_dir] [56] [INFO] In make_test_dir
2019-06-25 15:02:05.869 IST: [helpers.console_QthreadPool] [run] [93] [DEBUG] value = 80
2019-06-25 15:02:05.869 IST: [helpers.output_write] [change_to_script_directory] [112] [INFO] In change_to_script_directory
2019-06-25 15:02:05.870 IST: [helpers.output_write] [change_to_script_directory] [115] [DEBUG] after getting the path of the script /home/shaik/Desktop/Working_DDTT/Device_Driver_Testing_Tool_mod/helpers
2019-06-25 15:02:05.872 IST: [helpers.console_QthreadPool] [run] [64] [INFO] ########################################
2019-06-25 15:02:05.872 IST: [helpers.output_write] [change_to_script_directory] [116] [DEBUG] Changing the dir to /home/shaik/Desktop/Working_DDTT/Device_Driver_Testing_Tool_mod/helpers
2019-06-25 15:02:05.872 IST: [helpers.console_QthreadPool] [run] [65] [DEBUG] Trying for 5 time:
2019-06-25 15:02:05.873 IST: [helpers.output_write] [make_test_dir] [59] [DEBUG] Path with Test name = /home/shaik/Desktop/Working_DDTT/Device_Driver_Testing_Tool_mod/results/test_all/Test004
2019-06-25 15:02:05.873 IST: [helpers.console_QthreadPool] [run] [66] [INFO] ########################################
2019-06-25 15:02:05.873 IST: [helpers.console_QthreadPool] [run] [68] [DEBUG] global_constants.STOP_ENABLED
2019-06-25 15:02:05.874 IST: [helpers.output_write] [get_time_stamp] [97] [INFO] In get_time_stamp
2019-06-25 15:02:05.874 IST: [helpers.console_QthreadPool] [run] [77] [DEBUG] Executing the test case Test005
2019-06-25 15:02:05.874 IST: [helpers.output_write] [get_time_stamp] [101] [DEBUG] Time Stamp Readable  2019_06_25-03h_02m_05s_PM
2019-06-25 15:02:05.874 IST: [helpers.console_QthreadPool] [ssh_exe_cmd] [174] [DEBUG] inside ssh_exe_cmd
2019-06-25 15:02:05.874 IST: [helpers.output_write] [write_to_file] [76] [DEBUG] Changing the dir to /home/shaik/Desktop/Working_DDTT/Device_Driver_Testing_Tool_mod/results/test_all/Test004
2019-06-25 15:02:05.875 IST: [helpers.console_QthreadPool] [ssh_exe_cmd] [175] [DEBUG] ret_val ssh_login function <paramiko.client.SSHClient object at 0x7fd134798c50>
2019-06-25 15:02:05.875 IST: [helpers.output_write] [write_to_file] [83] [DEBUG] The file name after joining = /home/shaik/Desktop/Working_DDTT/Device_Driver_Testing_Tool_mod/results/test_all/Test004/Test004 2019_06_25-03h_02m_05s_PM
2019-06-25 15:02:05.875 IST: [helpers.console_QthreadPool] [ssh_exe_cmd] [185] [DEBUG] Command to Execute ./runltp -s spi05 -p -l RUN_LTP_ON-2019_06_25-09h_32m_05s.log
2019-06-25 15:02:05.875 IST: [helpers.output_write] [write_to_file] [85] [DEBUG] Writing Test case output to the file
2019-06-25 15:02:05.875 IST: [helpers.yaml_utils] [read_yml] [28] [DEBUG] Getting the password from config.yaml file
2019-06-25 15:02:05.876 IST: [helpers.parser] [get_count] [25] [INFO] In get_count
2019-06-25 15:02:05.878 IST: [helpers.console_QthreadPool] [ssh_exe_cmd] [191] [DEBUG] ssh cmd is cd /opt/ltp/;echo 'sayyu@8gesl' | sudo -S ./runltp -s spi05 -p -l RUN_LTP_ON-2019_06_25-09h_32m_05s.log
2019-06-25 15:02:05.879 IST: [helpers.parser] [get_count] [37] [DEBUG] Test Passed = 0 and Test Failed = 0
2019-06-25 15:02:05.880 IST: [helpers.console_QthreadPool] [pie_chart_slot] [317] [DEBUG] Updating the PieChart
2019-06-25 15:02:05.913 IST: [helpers.console_QthreadPool] [ssh_exe_cmd] [195] [DEBUG] channel = <paramiko.Channel 4 (open) window=0 -> <paramiko.Transport at 0x34798da0 (cipher aes128-ctr, 128 bits) (active; 1 open channel(s))>>
2019-06-25 15:02:05.913 IST: [helpers.console_QthreadPool] [ssh_exe_cmd] [197] [INFO] Executing the command
2019-06-25 15:02:05.942 IST: [helpers.console_QthreadPool] [ssh_exe_cmd] [207] [INFO] Going into the while loop
2019-06-25 15:02:08.283 IST: [helpers.console_QthreadPool] [ssh_exe_cmd] [215] [INFO] Got the data from the buffer
2019-06-25 15:02:08.475 IST: [helpers.console_QthreadPool] [run] [82] [DEBUG] ****Test Execution Completed*****
2019-06-25 15:02:08.475 IST: [helpers.console_QthreadPool] [run] [84] [DEBUG] Test Name Test005
2019-06-25 15:02:08.475 IST: [helpers.console_QthreadPool] [run] [88] [DEBUG] test_index - 5
2019-06-25 15:02:08.475 IST: [helpers.console_QthreadPool] [write_output] [267] [DEBUG] Writing to the file path = /home/shaik/Desktop/Working_DDTT/Device_Driver_Testing_Tool_mod/results/test_all and test name = Test005
2019-06-25 15:02:08.475 IST: [helpers.console_QthreadPool] [run] [90] [DEBUG] len of index - 5
2019-06-25 15:02:08.476 IST: [helpers.output_write] [make_test_dir] [56] [INFO] In make_test_dir
2019-06-25 15:02:08.476 IST: [helpers.console_QthreadPool] [run] [93] [DEBUG] value = 100
2019-06-25 15:02:08.476 IST: [helpers.output_write] [change_to_script_directory] [112] [INFO] In change_to_script_directory
2019-06-25 15:02:08.477 IST: [helpers.console_QthreadPool] [run] [106] [INFO] ******Executed Test Cases******
2019-06-25 15:02:08.477 IST: [helpers.output_write] [change_to_script_directory] [115] [DEBUG] after getting the path of the script /home/shaik/Desktop/Working_DDTT/Device_Driver_Testing_Tool_mod/helpers
2019-06-25 15:02:08.478 IST: [helpers.output_write] [change_to_script_directory] [116] [DEBUG] Changing the dir to /home/shaik/Desktop/Working_DDTT/Device_Driver_Testing_Tool_mod/helpers
2019-06-25 15:02:08.478 IST: [helpers.output_write] [make_test_dir] [59] [DEBUG] Path with Test name = /home/shaik/Desktop/Working_DDTT/Device_Driver_Testing_Tool_mod/results/test_all/Test005
2019-06-25 15:02:08.478 IST: [helpers.output_write] [get_time_stamp] [97] [INFO] In get_time_stamp
2019-06-25 15:02:08.478 IST: [helpers.output_write] [get_time_stamp] [101] [DEBUG] Time Stamp Readable  2019_06_25-03h_02m_08s_PM
2019-06-25 15:02:08.478 IST: [helpers.output_write] [write_to_file] [76] [DEBUG] Changing the dir to /home/shaik/Desktop/Working_DDTT/Device_Driver_Testing_Tool_mod/results/test_all/Test005
2019-06-25 15:02:08.478 IST: [helpers.output_write] [write_to_file] [83] [DEBUG] The file name after joining = /home/shaik/Desktop/Working_DDTT/Device_Driver_Testing_Tool_mod/results/test_all/Test005/Test005 2019_06_25-03h_02m_08s_PM
2019-06-25 15:02:08.478 IST: [helpers.output_write] [write_to_file] [85] [DEBUG] Writing Test case output to the file
2019-06-25 15:02:08.478 IST: [helpers.parser] [get_count] [25] [INFO] In get_count
2019-06-25 15:02:08.479 IST: [helpers.parser] [get_count] [37] [DEBUG] Test Passed = 0 and Test Failed = 1
2019-06-25 15:02:08.479 IST: [helpers.console_QthreadPool] [pie_chart_slot] [317] [DEBUG] Updating the PieChart
2019-06-25 15:02:16.800 IST: [helpers.actions] [clear_checked_items] [275] [INFO] Clearing the Selected items
2019-06-25 15:02:16.800 IST: [helpers.actions] [clear_checked_items] [280] [DEBUG] Checking whether the item is selected or not
2019-06-25 15:02:16.801 IST: [helpers.actions] [clear_checked_items] [284] [DEBUG] un checking the checked items
2019-06-25 15:02:16.801 IST: [helpers.actions] [clear_checked_items] [280] [DEBUG] Checking whether the item is selected or not
2019-06-25 15:02:16.801 IST: [helpers.actions] [clear_checked_items] [284] [DEBUG] un checking the checked items
2019-06-25 15:02:16.801 IST: [helpers.actions] [clear_checked_items] [280] [DEBUG] Checking whether the item is selected or not
2019-06-25 15:02:16.801 IST: [helpers.actions] [clear_checked_items] [284] [DEBUG] un checking the checked items
2019-06-25 15:02:16.802 IST: [helpers.actions] [clear_checked_items] [280] [DEBUG] Checking whether the item is selected or not
2019-06-25 15:02:16.802 IST: [helpers.actions] [clear_checked_items] [284] [DEBUG] un checking the checked items
2019-06-25 15:02:16.802 IST: [helpers.actions] [clear_checked_items] [280] [DEBUG] Checking whether the item is selected or not
2019-06-25 15:02:16.802 IST: [helpers.actions] [clear_checked_items] [284] [DEBUG] un checking the checked items
2019-06-25 15:02:16.803 IST: [helpers.actions] [clear_checked_items] [289] [DEBUG] unchecking select all check box
2019-06-25 15:02:16.803 IST: [helpers.actions] [clear_checked_items] [293] [DEBUG] Clearing the test Execution name in QLineEdit
2019-06-25 15:02:16.803 IST: [helpers.actions] [clear_checked_items] [296] [DEBUG] Clearing the output in the terminal
2019-06-25 15:03:38.774 IST: [helpers.actions] [select_all] [326] [INFO] Selecting the All test cases
2019-06-25 15:03:38.775 IST: [helpers.actions] [select_all] [332] [DEBUG] Checking 0 Test case
2019-06-25 15:03:38.775 IST: [helpers.actions] [select_all] [332] [DEBUG] Checking 1 Test case
2019-06-25 15:03:38.775 IST: [helpers.actions] [select_all] [332] [DEBUG] Checking 2 Test case
2019-06-25 15:03:38.775 IST: [helpers.actions] [select_all] [332] [DEBUG] Checking 3 Test case
2019-06-25 15:03:38.776 IST: [helpers.actions] [select_all] [332] [DEBUG] Checking 4 Test case
2019-06-25 15:03:41.891 IST: [helpers.actions] [select_all] [326] [INFO] Selecting the All test cases
2019-06-25 15:03:41.892 IST: [helpers.actions] [select_all] [339] [DEBUG] UnChecking 0 Test case
2019-06-25 15:03:41.892 IST: [helpers.actions] [select_all] [339] [DEBUG] UnChecking 1 Test case
2019-06-25 15:03:41.892 IST: [helpers.actions] [select_all] [339] [DEBUG] UnChecking 2 Test case
2019-06-25 15:03:41.893 IST: [helpers.actions] [select_all] [339] [DEBUG] UnChecking 3 Test case
2019-06-25 15:03:41.893 IST: [helpers.actions] [select_all] [339] [DEBUG] UnChecking 4 Test case
2019-06-25 15:03:44.657 IST: [helpers.actions] [get_selected_items] [93] [INFO] Getting the selected items
2019-06-25 15:03:44.658 IST: [helpers.actions] [get_selected_items] [97] [INFO] Getting the selected items from QTableWidget
2019-06-25 15:03:44.658 IST: [helpers.actions] [get_selected_items] [103] [DEBUG] Checking each test cases 1
2019-06-25 15:03:44.658 IST: [helpers.actions] [get_selected_items] [107] [DEBUG] Appending the items to the List
2019-06-25 15:03:44.658 IST: [helpers.actions] [get_selected_items] [103] [DEBUG] Checking each test cases 3
2019-06-25 15:03:44.658 IST: [helpers.actions] [get_selected_items] [107] [DEBUG] Appending the items to the List
2019-06-25 15:03:44.659 IST: [helpers.actions] [get_selected_items] [109] [INFO] Storing the checked items in a global variable
2019-06-25 15:03:44.680 IST: [helpers.actions] [get_selected_items] [138] [DEBUG] No test case name
2019-06-25 15:03:52.380 IST: [helpers.actions] [get_selected_items] [93] [INFO] Getting the selected items
2019-06-25 15:03:52.380 IST: [helpers.actions] [get_selected_items] [97] [INFO] Getting the selected items from QTableWidget
2019-06-25 15:03:52.381 IST: [helpers.actions] [get_selected_items] [103] [DEBUG] Checking each test cases 1
2019-06-25 15:03:52.381 IST: [helpers.actions] [get_selected_items] [107] [DEBUG] Appending the items to the List
2019-06-25 15:03:52.381 IST: [helpers.actions] [get_selected_items] [103] [DEBUG] Checking each test cases 3
2019-06-25 15:03:52.381 IST: [helpers.actions] [get_selected_items] [107] [DEBUG] Appending the items to the List
2019-06-25 15:03:52.382 IST: [helpers.actions] [get_selected_items] [109] [INFO] Storing the checked items in a global variable
2019-06-25 15:03:52.384 IST: [helpers.actions] [get_selected_items] [155] [DEBUG] Valid Selection and Valid Test Case Name test_demo
2019-06-25 15:03:53.689 IST: [helpers.actions] [on_start_button_clicked] [208] [INFO] Start Button Clicked
2019-06-25 15:03:53.689 IST: [helpers.actions] [on_start_button_clicked] [218] [INFO] Disabling the start button once execution has started
2019-06-25 15:03:53.690 IST: [helpers.actions] [on_start_button_clicked] [220] [INFO] Enabling stop button once execution has started
2019-06-25 15:03:53.690 IST: [helpers.actions] [on_start_button_clicked] [223] [DEBUG] Reading the password from config file
2019-06-25 15:03:53.690 IST: [helpers.yaml_utils] [read_yml] [28] [DEBUG] Getting the password from config.yaml file
2019-06-25 15:03:53.694 IST: [helpers.actions] [on_start_button_clicked] [238] [DEBUG] SPI test cases are executing
2019-06-25 15:03:53.694 IST: [helpers.actions] [load_selected_test_cases_to_tab] [434] [INFO] Getting the test cases from a file
2019-06-25 15:03:53.695 IST: [helpers.actions] [load_selected_test_cases_to_tab] [463] [DEBUG] Populating the test cases to the QTableWidget
2019-06-25 15:03:53.703 IST: [helpers.console_QthreadPool] [__init__] [40] [INFO] In Worker Class
2019-06-25 15:03:53.704 IST: [helpers.console_QthreadPool] [ssh_login] [127] [INFO] In ssh_login
2019-06-25 15:03:53.704 IST: [helpers.yaml_utils] [read_yml] [28] [DEBUG] Getting the password from config.yaml file
2019-06-25 15:03:53.705 IST: [helpers.console_QthreadPool] [ssh_login] [133] [DEBUG] Got the IP = 192.168.1.6
2019-06-25 15:03:53.705 IST: [helpers.yaml_utils] [read_yml] [28] [DEBUG] Getting the password from config.yaml file
2019-06-25 15:03:53.706 IST: [helpers.console_QthreadPool] [ssh_login] [135] [DEBUG] Got the User Name = shaik
2019-06-25 15:03:53.706 IST: [helpers.yaml_utils] [read_yml] [28] [DEBUG] Getting the password from config.yaml file
2019-06-25 15:03:53.707 IST: [helpers.console_QthreadPool] [ssh_login] [138] [DEBUG] Got the SSH object <paramiko.client.SSHClient object at 0x7fd1470375f8>
2019-06-25 15:03:53.733 IST: [helpers.console_QthreadPool] [ssh_login] [143] [INFO] Pingiing to 192.168.1.6
2019-06-25 15:03:53.733 IST: [helpers.ping] [ping_host] [14] [DEBUG] In method ping_host
2019-06-25 15:03:53.850 IST: [helpers.ping] [ping_host] [18] [DEBUG] Result of ping = <subprocess.Popen object at 0x7fd12473eb38>
2019-06-25 15:03:54.244 IST: [helpers.console_QthreadPool] [ssh_login] [155] [DEBUG] connected to host 192.168.1.6 with user name shaik
2019-06-25 15:03:54.246 IST: [helpers.output_write] [create_dir_structure] [126] [INFO] In create_dir_structure
2019-06-25 15:03:54.246 IST: [helpers.output_write] [change_to_script_directory] [112] [INFO] In change_to_script_directory
2019-06-25 15:03:54.246 IST: [helpers.console_QthreadPool] [run] [53] [INFO] In Run method
2019-06-25 15:03:54.247 IST: [helpers.output_write] [change_to_script_directory] [115] [DEBUG] after getting the path of the script /home/shaik/Desktop/Working_DDTT/Device_Driver_Testing_Tool_mod/helpers
2019-06-25 15:03:54.247 IST: [helpers.console_QthreadPool] [run] [55] [INFO] Executing the selected Test cases
2019-06-25 15:03:54.247 IST: [helpers.output_write] [change_to_script_directory] [116] [DEBUG] Changing the dir to /home/shaik/Desktop/Working_DDTT/Device_Driver_Testing_Tool_mod/helpers
2019-06-25 15:03:54.248 IST: [helpers.console_QthreadPool] [run] [64] [INFO] ########################################
2019-06-25 15:03:54.248 IST: [helpers.output_write] [create_dir_structure] [134] [DEBUG] Path to be Created = /home/shaik/Desktop/Working_DDTT/Device_Driver_Testing_Tool_mod/results/test_demo
2019-06-25 15:03:54.248 IST: [helpers.console_QthreadPool] [run] [65] [DEBUG] Trying for 2 time:
2019-06-25 15:03:54.248 IST: [helpers.console_QthreadPool] [run] [66] [INFO] ########################################
2019-06-25 15:03:54.249 IST: [helpers.console_QthreadPool] [run] [68] [DEBUG] global_constants.STOP_ENABLED
2019-06-25 15:03:54.249 IST: [helpers.console_QthreadPool] [run] [77] [DEBUG] Executing the test case Test002
2019-06-25 15:03:54.249 IST: [helpers.console_QthreadPool] [ssh_exe_cmd] [174] [DEBUG] inside ssh_exe_cmd
2019-06-25 15:03:54.249 IST: [helpers.console_QthreadPool] [ssh_exe_cmd] [175] [DEBUG] ret_val ssh_login function <paramiko.client.SSHClient object at 0x7fd1470375f8>
2019-06-25 15:03:54.249 IST: [helpers.console_QthreadPool] [ssh_exe_cmd] [185] [DEBUG] Command to Execute ./runltp -s spi02 -p -l RUN_LTP_ON-2019_06_25-09h_33m_54s.log
2019-06-25 15:03:54.249 IST: [helpers.yaml_utils] [read_yml] [28] [DEBUG] Getting the password from config.yaml file
2019-06-25 15:03:54.252 IST: [helpers.console_QthreadPool] [ssh_exe_cmd] [191] [DEBUG] ssh cmd is cd /opt/ltp/;echo 'sayyu@8gesl' | sudo -S ./runltp -s spi02 -p -l RUN_LTP_ON-2019_06_25-09h_33m_54s.log
2019-06-25 15:03:54.324 IST: [helpers.output_write] [create_dir_structure] [141] [DEBUG] Path = /home/shaik/Desktop/Working_DDTT/Device_Driver_Testing_Tool_mod/results/test_demo
2019-06-25 15:03:54.324 IST: [helpers.parser] [get_count] [25] [INFO] In get_count
2019-06-25 15:03:54.325 IST: [helpers.parser] [get_count] [37] [DEBUG] Test Passed = 0 and Test Failed = 0
2019-06-25 15:03:54.961 IST: [helpers.console_QthreadPool] [ssh_exe_cmd] [195] [DEBUG] channel = <paramiko.Channel 0 (open) window=0 -> <paramiko.Transport at 0x2473eb38 (cipher aes128-ctr, 128 bits) (active; 1 open channel(s))>>
2019-06-25 15:03:54.961 IST: [helpers.console_QthreadPool] [ssh_exe_cmd] [197] [INFO] Executing the command
2019-06-25 15:03:54.984 IST: [helpers.console_QthreadPool] [ssh_exe_cmd] [207] [INFO] Going into the while loop
2019-06-25 15:03:57.762 IST: [helpers.console_QthreadPool] [ssh_exe_cmd] [215] [INFO] Got the data from the buffer
2019-06-25 15:03:57.967 IST: [helpers.console_QthreadPool] [run] [82] [DEBUG] ****Test Execution Completed*****
2019-06-25 15:03:57.968 IST: [helpers.console_QthreadPool] [run] [84] [DEBUG] Test Name Test002
2019-06-25 15:03:57.968 IST: [helpers.console_QthreadPool] [run] [88] [DEBUG] test_index - 1
2019-06-25 15:03:57.968 IST: [helpers.console_QthreadPool] [run] [90] [DEBUG] len of index - 2
2019-06-25 15:03:57.968 IST: [helpers.console_QthreadPool] [run] [93] [DEBUG] value = 50
2019-06-25 15:03:57.969 IST: [helpers.console_QthreadPool] [write_output] [267] [DEBUG] Writing to the file path = /home/shaik/Desktop/Working_DDTT/Device_Driver_Testing_Tool_mod/results/test_demo and test name = Test002
2019-06-25 15:03:57.969 IST: [helpers.output_write] [make_test_dir] [56] [INFO] In make_test_dir
2019-06-25 15:03:57.998 IST: [helpers.console_QthreadPool] [run] [64] [INFO] ########################################
2019-06-25 15:03:57.998 IST: [helpers.output_write] [change_to_script_directory] [112] [INFO] In change_to_script_directory
2019-06-25 15:03:57.998 IST: [helpers.console_QthreadPool] [run] [65] [DEBUG] Trying for 4 time:
2019-06-25 15:03:57.998 IST: [helpers.output_write] [change_to_script_directory] [115] [DEBUG] after getting the path of the script /home/shaik/Desktop/Working_DDTT/Device_Driver_Testing_Tool_mod/helpers
2019-06-25 15:03:57.999 IST: [helpers.console_QthreadPool] [run] [66] [INFO] ########################################
2019-06-25 15:03:57.999 IST: [helpers.output_write] [change_to_script_directory] [116] [DEBUG] Changing the dir to /home/shaik/Desktop/Working_DDTT/Device_Driver_Testing_Tool_mod/helpers
2019-06-25 15:03:57.999 IST: [helpers.console_QthreadPool] [run] [68] [DEBUG] global_constants.STOP_ENABLED
2019-06-25 15:03:57.999 IST: [helpers.console_QthreadPool] [run] [77] [DEBUG] Executing the test case Test004
2019-06-25 15:03:57.999 IST: [helpers.output_write] [make_test_dir] [59] [DEBUG] Path with Test name = /home/shaik/Desktop/Working_DDTT/Device_Driver_Testing_Tool_mod/results/test_demo/Test002
2019-06-25 15:03:57.1000 IST: [helpers.console_QthreadPool] [ssh_exe_cmd] [174] [DEBUG] inside ssh_exe_cmd
2019-06-25 15:03:58.000 IST: [helpers.console_QthreadPool] [ssh_exe_cmd] [175] [DEBUG] ret_val ssh_login function <paramiko.client.SSHClient object at 0x7fd1470375f8>
2019-06-25 15:03:58.000 IST: [helpers.console_QthreadPool] [ssh_exe_cmd] [185] [DEBUG] Command to Execute ./runltp -s spi04 -p -l RUN_LTP_ON-2019_06_25-09h_33m_57s.log
2019-06-25 15:03:58.001 IST: [helpers.yaml_utils] [read_yml] [28] [DEBUG] Getting the password from config.yaml file
2019-06-25 15:03:58.001 IST: [helpers.output_write] [get_time_stamp] [97] [INFO] In get_time_stamp
2019-06-25 15:03:58.005 IST: [helpers.console_QthreadPool] [ssh_exe_cmd] [191] [DEBUG] ssh cmd is cd /opt/ltp/;echo 'sayyu@8gesl' | sudo -S ./runltp -s spi04 -p -l RUN_LTP_ON-2019_06_25-09h_33m_57s.log
2019-06-25 15:03:58.005 IST: [helpers.output_write] [get_time_stamp] [101] [DEBUG] Time Stamp Readable  2019_06_25-03h_03m_58s_PM
2019-06-25 15:03:58.006 IST: [helpers.output_write] [write_to_file] [76] [DEBUG] Changing the dir to /home/shaik/Desktop/Working_DDTT/Device_Driver_Testing_Tool_mod/results/test_demo/Test002
2019-06-25 15:03:58.006 IST: [helpers.console_QthreadPool] [ssh_exe_cmd] [195] [DEBUG] channel = <paramiko.Channel 1 (open) window=0 -> <paramiko.Transport at 0x2473eb38 (cipher aes128-ctr, 128 bits) (active; 1 open channel(s))>>
2019-06-25 15:03:58.007 IST: [helpers.console_QthreadPool] [ssh_exe_cmd] [197] [INFO] Executing the command
2019-06-25 15:03:58.007 IST: [helpers.output_write] [write_to_file] [83] [DEBUG] The file name after joining = /home/shaik/Desktop/Working_DDTT/Device_Driver_Testing_Tool_mod/results/test_demo/Test002/Test002 2019_06_25-03h_03m_58s_PM
2019-06-25 15:03:58.007 IST: [helpers.output_write] [write_to_file] [85] [DEBUG] Writing Test case output to the file
2019-06-25 15:03:58.008 IST: [helpers.parser] [get_count] [25] [INFO] In get_count
2019-06-25 15:03:58.008 IST: [helpers.parser] [get_count] [37] [DEBUG] Test Passed = 0 and Test Failed = 1
2019-06-25 15:03:58.008 IST: [helpers.console_QthreadPool] [pie_chart_slot] [317] [DEBUG] Updating the PieChart
2019-06-25 15:03:58.031 IST: [helpers.console_QthreadPool] [ssh_exe_cmd] [207] [INFO] Going into the while loop
2019-06-25 15:04:00.322 IST: [helpers.console_QthreadPool] [ssh_exe_cmd] [215] [INFO] Got the data from the buffer
2019-06-25 15:04:00.324 IST: [helpers.console_QthreadPool] [run] [82] [DEBUG] ****Test Execution Completed*****
2019-06-25 15:04:00.324 IST: [helpers.console_QthreadPool] [run] [84] [DEBUG] Test Name Test004
2019-06-25 15:04:00.324 IST: [helpers.console_QthreadPool] [run] [88] [DEBUG] test_index - 2
2019-06-25 15:04:00.324 IST: [helpers.console_QthreadPool] [write_output] [267] [DEBUG] Writing to the file path = /home/shaik/Desktop/Working_DDTT/Device_Driver_Testing_Tool_mod/results/test_demo and test name = Test004
2019-06-25 15:04:00.324 IST: [helpers.console_QthreadPool] [run] [90] [DEBUG] len of index - 2
2019-06-25 15:04:00.324 IST: [helpers.output_write] [make_test_dir] [56] [INFO] In make_test_dir
2019-06-25 15:04:00.325 IST: [helpers.console_QthreadPool] [run] [93] [DEBUG] value = 100
2019-06-25 15:04:00.325 IST: [helpers.output_write] [change_to_script_directory] [112] [INFO] In change_to_script_directory
2019-06-25 15:04:00.326 IST: [helpers.console_QthreadPool] [run] [106] [INFO] ******Executed Test Cases******
2019-06-25 15:04:00.326 IST: [helpers.output_write] [change_to_script_directory] [115] [DEBUG] after getting the path of the script /home/shaik/Desktop/Working_DDTT/Device_Driver_Testing_Tool_mod/helpers
2019-06-25 15:04:00.326 IST: [helpers.output_write] [change_to_script_directory] [116] [DEBUG] Changing the dir to /home/shaik/Desktop/Working_DDTT/Device_Driver_Testing_Tool_mod/helpers
2019-06-25 15:04:00.327 IST: [helpers.output_write] [make_test_dir] [59] [DEBUG] Path with Test name = /home/shaik/Desktop/Working_DDTT/Device_Driver_Testing_Tool_mod/results/test_demo/Test004
2019-06-25 15:04:00.327 IST: [helpers.output_write] [get_time_stamp] [97] [INFO] In get_time_stamp
2019-06-25 15:04:00.327 IST: [helpers.output_write] [get_time_stamp] [101] [DEBUG] Time Stamp Readable  2019_06_25-03h_04m_00s_PM
2019-06-25 15:04:00.327 IST: [helpers.output_write] [write_to_file] [76] [DEBUG] Changing the dir to /home/shaik/Desktop/Working_DDTT/Device_Driver_Testing_Tool_mod/results/test_demo/Test004
2019-06-25 15:04:00.328 IST: [helpers.output_write] [write_to_file] [83] [DEBUG] The file name after joining = /home/shaik/Desktop/Working_DDTT/Device_Driver_Testing_Tool_mod/results/test_demo/Test004/Test004 2019_06_25-03h_04m_00s_PM
2019-06-25 15:04:00.328 IST: [helpers.output_write] [write_to_file] [85] [DEBUG] Writing Test case output to the file
2019-06-25 15:04:00.328 IST: [helpers.parser] [get_count] [25] [INFO] In get_count
2019-06-25 15:04:00.329 IST: [helpers.parser] [get_count] [37] [DEBUG] Test Passed = 0 and Test Failed = 1
2019-06-25 15:04:00.329 IST: [helpers.console_QthreadPool] [pie_chart_slot] [317] [DEBUG] Updating the PieChart
