2019-07-14 21:39:41.707 IST: [helpers.actions] [on_board_changed] [168] [INFO] Board QCombobox is changed RPI3
2019-07-14 21:39:44.462 IST: [helpers.actions] [on_interface_changed] [177] [INFO] Interface QCombobox is changed to SPI
2019-07-14 21:39:46.607 IST: [helpers.actions] [on_device_changed] [187] [INFO] Device QCombobox is changed to ADC
2019-07-14 21:39:48.842 IST: [helpers.actions] [on_submit_clicked] [352] [INFO] Submit button is clicked
2019-07-14 21:39:48.843 IST: [helpers.actions] [on_submit_clicked] [360] [INFO] The User selected "BOARD:"RPI3, "INTERFACE:"SPI, "DEVICE:"ADC
2019-07-14 21:39:48.843 IST: [helpers.actions] [on_submit_clicked] [364] [DEBUG] The File name Loaded RPI3_SPI_ADC
2019-07-14 21:39:48.844 IST: [helpers.actions] [on_submit_clicked] [366] [DEBUG] Getting back to current script directory
2019-07-14 21:39:48.844 IST: [helpers.output_write] [change_to_script_directory] [112] [INFO] In change_to_script_directory
2019-07-14 21:39:48.845 IST: [helpers.output_write] [change_to_script_directory] [115] [DEBUG] after getting the path of the script /home/sayyuf/Downloads/Device_Driver_Testing_Tool_backup/helpers
2019-07-14 21:39:48.845 IST: [helpers.output_write] [change_to_script_directory] [116] [DEBUG] Changing the dir to /home/sayyuf/Downloads/Device_Driver_Testing_Tool_backup/helpers
2019-07-14 21:39:48.846 IST: [helpers.actions] [on_submit_clicked] [369] [DEBUG] Opening the test case files
2019-07-14 21:39:48.846 IST: [helpers.actions] [on_submit_clicked] [371] [INFO] Getting the test cases from a file
2019-07-14 21:39:48.847 IST: [helpers.actions] [on_submit_clicked] [389] [DEBUG] Populating the test cases to the QTableWidget
2019-07-14 21:39:51.415 IST: [helpers.actions] [select_all] [326] [INFO] Selecting the All test cases
2019-07-14 21:39:51.416 IST: [helpers.actions] [select_all] [332] [DEBUG] Checking 0 Test case
2019-07-14 21:39:51.416 IST: [helpers.actions] [select_all] [332] [DEBUG] Checking 1 Test case
2019-07-14 21:39:51.417 IST: [helpers.actions] [select_all] [332] [DEBUG] Checking 2 Test case
2019-07-14 21:39:51.417 IST: [helpers.actions] [select_all] [332] [DEBUG] Checking 3 Test case
2019-07-14 21:39:51.417 IST: [helpers.actions] [select_all] [332] [DEBUG] Checking 4 Test case
2019-07-14 21:40:07.232 IST: [helpers.actions] [get_selected_items] [93] [INFO] Getting the selected items
2019-07-14 21:40:07.233 IST: [helpers.actions] [get_selected_items] [97] [INFO] Getting the selected items from QTableWidget
2019-07-14 21:40:07.233 IST: [helpers.actions] [get_selected_items] [103] [DEBUG] Checking each test cases 0
2019-07-14 21:40:07.233 IST: [helpers.actions] [get_selected_items] [107] [DEBUG] Appending the items to the List
2019-07-14 21:40:07.234 IST: [helpers.actions] [get_selected_items] [103] [DEBUG] Checking each test cases 1
2019-07-14 21:40:07.234 IST: [helpers.actions] [get_selected_items] [107] [DEBUG] Appending the items to the List
2019-07-14 21:40:07.234 IST: [helpers.actions] [get_selected_items] [103] [DEBUG] Checking each test cases 2
2019-07-14 21:40:07.235 IST: [helpers.actions] [get_selected_items] [107] [DEBUG] Appending the items to the List
2019-07-14 21:40:07.235 IST: [helpers.actions] [get_selected_items] [103] [DEBUG] Checking each test cases 3
2019-07-14 21:40:07.236 IST: [helpers.actions] [get_selected_items] [107] [DEBUG] Appending the items to the List
2019-07-14 21:40:07.236 IST: [helpers.actions] [get_selected_items] [103] [DEBUG] Checking each test cases 4
2019-07-14 21:40:07.236 IST: [helpers.actions] [get_selected_items] [107] [DEBUG] Appending the items to the List
2019-07-14 21:40:07.237 IST: [helpers.actions] [get_selected_items] [109] [INFO] Storing the checked items in a global variable
2019-07-14 21:40:07.243 IST: [helpers.actions] [get_selected_items] [155] [DEBUG] Valid Selection and Valid Test Case Name Test_all_in_18.04
2019-07-14 21:40:08.974 IST: [helpers.actions] [on_start_button_clicked] [208] [INFO] Start Button Clicked
2019-07-14 21:40:08.974 IST: [helpers.actions] [on_start_button_clicked] [218] [INFO] Disabling the start button once execution has started
2019-07-14 21:40:08.975 IST: [helpers.actions] [on_start_button_clicked] [220] [INFO] Enabling stop button once execution has started
2019-07-14 21:40:08.975 IST: [helpers.actions] [on_start_button_clicked] [223] [DEBUG] Reading the password from config file
2019-07-14 21:40:08.976 IST: [helpers.yaml_utils] [read_yml] [28] [DEBUG] Getting the password from config.yaml file
2019-07-14 21:40:08.979 IST: [helpers.actions] [on_start_button_clicked] [238] [DEBUG] SPI test cases are executing
2019-07-14 21:40:08.980 IST: [helpers.actions] [load_selected_test_cases_to_tab] [434] [INFO] Getting the test cases from a file
2019-07-14 21:40:08.980 IST: [helpers.actions] [load_selected_test_cases_to_tab] [463] [DEBUG] Populating the test cases to the QTableWidget
2019-07-14 21:40:09.062 IST: [helpers.console_QthreadPool] [__init__] [40] [INFO] In Worker Class
2019-07-14 21:40:09.062 IST: [helpers.console_QthreadPool] [ssh_login] [127] [INFO] In ssh_login
2019-07-14 21:40:09.063 IST: [helpers.yaml_utils] [read_yml] [28] [DEBUG] Getting the password from config.yaml file
2019-07-14 21:40:09.068 IST: [helpers.console_QthreadPool] [ssh_login] [133] [DEBUG] Got the IP = 192.168.0.125
2019-07-14 21:40:09.069 IST: [helpers.yaml_utils] [read_yml] [28] [DEBUG] Getting the password from config.yaml file
2019-07-14 21:40:09.074 IST: [helpers.console_QthreadPool] [ssh_login] [135] [DEBUG] Got the User Name = sayyuf
2019-07-14 21:40:09.075 IST: [helpers.yaml_utils] [read_yml] [28] [DEBUG] Getting the password from config.yaml file
2019-07-14 21:40:09.080 IST: [helpers.console_QthreadPool] [ssh_login] [138] [DEBUG] Got the SSH object <paramiko.client.SSHClient object at 0x7fa57804cfd0>
2019-07-14 21:40:09.110 IST: [helpers.console_QthreadPool] [ssh_login] [143] [INFO] Pingiing to 192.168.0.125
2019-07-14 21:40:09.110 IST: [helpers.ping] [ping_host] [14] [DEBUG] In method ping_host
2019-07-14 21:40:09.155 IST: [helpers.ping] [ping_host] [18] [DEBUG] Result of ping = <subprocess.Popen object at 0x7fa570076358>
2019-07-14 21:40:09.605 IST: [helpers.console_QthreadPool] [ssh_login] [155] [DEBUG] connected to host 192.168.0.125 with user name sayyuf
2019-07-14 21:40:09.611 IST: [helpers.output_write] [create_dir_structure] [126] [INFO] In create_dir_structure
2019-07-14 21:40:09.612 IST: [helpers.console_QthreadPool] [run] [53] [INFO] In Run method
2019-07-14 21:40:09.612 IST: [helpers.output_write] [change_to_script_directory] [112] [INFO] In change_to_script_directory
2019-07-14 21:40:09.612 IST: [helpers.console_QthreadPool] [run] [55] [INFO] Executing the selected Test cases
2019-07-14 21:40:09.612 IST: [helpers.output_write] [change_to_script_directory] [115] [DEBUG] after getting the path of the script /home/sayyuf/Downloads/Device_Driver_Testing_Tool_backup/helpers
2019-07-14 21:40:09.613 IST: [helpers.console_QthreadPool] [run] [64] [INFO] ########################################
2019-07-14 21:40:09.613 IST: [helpers.output_write] [change_to_script_directory] [116] [DEBUG] Changing the dir to /home/sayyuf/Downloads/Device_Driver_Testing_Tool_backup/helpers
2019-07-14 21:40:09.613 IST: [helpers.console_QthreadPool] [run] [65] [DEBUG] Trying for 1 time:
2019-07-14 21:40:09.613 IST: [helpers.output_write] [create_dir_structure] [134] [DEBUG] Path to be Created = /home/sayyuf/Downloads/Device_Driver_Testing_Tool_backup/results/RPI3/SPI/ADC/Test_all_in_18.04
2019-07-14 21:40:09.613 IST: [helpers.console_QthreadPool] [run] [66] [INFO] ########################################
2019-07-14 21:40:09.614 IST: [helpers.console_QthreadPool] [run] [68] [DEBUG] global_constants.STOP_ENABLED
2019-07-14 21:40:09.614 IST: [helpers.console_QthreadPool] [run] [77] [DEBUG] Executing the test case Test001
2019-07-14 21:40:09.615 IST: [helpers.console_QthreadPool] [ssh_exe_cmd] [174] [DEBUG] inside ssh_exe_cmd
2019-07-14 21:40:09.615 IST: [helpers.console_QthreadPool] [ssh_exe_cmd] [175] [DEBUG] ret_val ssh_login function <paramiko.client.SSHClient object at 0x7fa57804cfd0>
2019-07-14 21:40:09.613 IST: [helpers.output_write] [create_dir_structure] [141] [DEBUG] Path = /home/sayyuf/Downloads/Device_Driver_Testing_Tool_backup/results/RPI3/SPI/ADC/Test_all_in_18.04
2019-07-14 21:40:09.615 IST: [helpers.console_QthreadPool] [ssh_exe_cmd] [185] [DEBUG] Command to Execute ./runltp -s spi01 -p -l RUN_LTP_ON-2019_07_14-16h_10m_09s.log
2019-07-14 21:40:09.615 IST: [helpers.yaml_utils] [read_yml] [28] [DEBUG] Getting the password from config.yaml file
2019-07-14 21:40:09.618 IST: [helpers.console_QthreadPool] [ssh_exe_cmd] [191] [DEBUG] ssh cmd is cd /opt/ltp/;echo 'sayyu83414' | sudo -S ./runltp -s spi01 -p -l RUN_LTP_ON-2019_07_14-16h_10m_09s.log
2019-07-14 21:40:09.620 IST: [helpers.parser] [get_count] [25] [INFO] In get_count
2019-07-14 21:40:09.624 IST: [helpers.parser] [get_count] [37] [DEBUG] Test Passed = 0 and Test Failed = 0
2019-07-14 21:40:10.591 IST: [helpers.console_QthreadPool] [ssh_exe_cmd] [195] [DEBUG] channel = <paramiko.Channel 0 (open) window=0 -> <paramiko.Transport at 0x70076358 (cipher aes128-ctr, 128 bits) (active; 1 open channel(s))>>
2019-07-14 21:40:10.592 IST: [helpers.console_QthreadPool] [ssh_exe_cmd] [197] [INFO] Executing the command
2019-07-14 21:40:10.773 IST: [helpers.console_QthreadPool] [ssh_exe_cmd] [207] [INFO] Going into the while loop
2019-07-14 21:40:14.825 IST: [helpers.console_QthreadPool] [ssh_exe_cmd] [215] [INFO] Got the data from the buffer
2019-07-14 21:40:14.826 IST: [helpers.console_QthreadPool] [run] [82] [DEBUG] ****Test Execution Completed*****
2019-07-14 21:40:14.828 IST: [helpers.console_QthreadPool] [run] [84] [DEBUG] Test Name Test001
2019-07-14 21:40:14.830 IST: [helpers.console_QthreadPool] [run] [88] [DEBUG] test_index - 1
2019-07-14 21:40:14.831 IST: [helpers.console_QthreadPool] [run] [90] [DEBUG] len of index - 5
2019-07-14 21:40:14.831 IST: [helpers.console_QthreadPool] [run] [93] [DEBUG] value = 20
2019-07-14 21:40:14.832 IST: [helpers.console_QthreadPool] [run] [64] [INFO] ########################################
2019-07-14 21:40:14.832 IST: [helpers.console_QthreadPool] [run] [65] [DEBUG] Trying for 2 time:
2019-07-14 21:40:14.832 IST: [helpers.console_QthreadPool] [run] [66] [INFO] ########################################
2019-07-14 21:40:14.833 IST: [helpers.console_QthreadPool] [run] [68] [DEBUG] global_constants.STOP_ENABLED
2019-07-14 21:40:14.833 IST: [helpers.console_QthreadPool] [run] [77] [DEBUG] Executing the test case Test002
2019-07-14 21:40:14.833 IST: [helpers.console_QthreadPool] [ssh_exe_cmd] [174] [DEBUG] inside ssh_exe_cmd
2019-07-14 21:40:14.833 IST: [helpers.console_QthreadPool] [ssh_exe_cmd] [175] [DEBUG] ret_val ssh_login function <paramiko.client.SSHClient object at 0x7fa57804cfd0>
2019-07-14 21:40:14.834 IST: [helpers.console_QthreadPool] [ssh_exe_cmd] [185] [DEBUG] Command to Execute ./runltp -s spi02 -p -l RUN_LTP_ON-2019_07_14-16h_10m_14s.log
2019-07-14 21:40:14.834 IST: [helpers.yaml_utils] [read_yml] [28] [DEBUG] Getting the password from config.yaml file
2019-07-14 21:40:14.835 IST: [helpers.console_QthreadPool] [write_output] [267] [DEBUG] Writing to the file path = /home/sayyuf/Downloads/Device_Driver_Testing_Tool_backup/results/RPI3/SPI/ADC/Test_all_in_18.04 and test name = Test001
2019-07-14 21:40:14.836 IST: [helpers.output_write] [make_test_dir] [56] [INFO] In make_test_dir
2019-07-14 21:40:14.837 IST: [helpers.output_write] [change_to_script_directory] [112] [INFO] In change_to_script_directory
2019-07-14 21:40:14.837 IST: [helpers.output_write] [change_to_script_directory] [115] [DEBUG] after getting the path of the script /home/sayyuf/Downloads/Device_Driver_Testing_Tool_backup/helpers
2019-07-14 21:40:14.837 IST: [helpers.output_write] [change_to_script_directory] [116] [DEBUG] Changing the dir to /home/sayyuf/Downloads/Device_Driver_Testing_Tool_backup/helpers
2019-07-14 21:40:14.845 IST: [helpers.console_QthreadPool] [ssh_exe_cmd] [191] [DEBUG] ssh cmd is cd /opt/ltp/;echo 'sayyu83414' | sudo -S ./runltp -s spi02 -p -l RUN_LTP_ON-2019_07_14-16h_10m_14s.log
2019-07-14 21:40:14.846 IST: [helpers.output_write] [make_test_dir] [59] [DEBUG] Path with Test name = /home/sayyuf/Downloads/Device_Driver_Testing_Tool_backup/results/RPI3/SPI/ADC/Test_all_in_18.04/Test001
2019-07-14 21:40:14.848 IST: [helpers.output_write] [get_time_stamp] [97] [INFO] In get_time_stamp
2019-07-14 21:40:14.848 IST: [helpers.output_write] [get_time_stamp] [101] [DEBUG] Time Stamp Readable  2019_07_14-09h_40m_14s_PM
2019-07-14 21:40:14.849 IST: [helpers.output_write] [write_to_file] [76] [DEBUG] Changing the dir to /home/sayyuf/Downloads/Device_Driver_Testing_Tool_backup/results/RPI3/SPI/ADC/Test_all_in_18.04/Test001
2019-07-14 21:40:14.849 IST: [helpers.output_write] [write_to_file] [83] [DEBUG] The file name after joining = /home/sayyuf/Downloads/Device_Driver_Testing_Tool_backup/results/RPI3/SPI/ADC/Test_all_in_18.04/Test001/Test001 2019_07_14-09h_40m_14s_PM
2019-07-14 21:40:14.849 IST: [helpers.output_write] [write_to_file] [85] [DEBUG] Writing Test case output to the file
2019-07-14 21:40:14.850 IST: [helpers.parser] [get_count] [25] [INFO] In get_count
2019-07-14 21:40:14.851 IST: [helpers.parser] [get_count] [37] [DEBUG] Test Passed = 0 and Test Failed = 0
2019-07-14 21:40:14.852 IST: [helpers.console_QthreadPool] [pie_chart_slot] [317] [DEBUG] Updating the PieChart
2019-07-14 21:40:14.870 IST: [helpers.console_QthreadPool] [ssh_exe_cmd] [195] [DEBUG] channel = <paramiko.Channel 1 (open) window=0 -> <paramiko.Transport at 0x70076358 (cipher aes128-ctr, 128 bits) (active; 1 open channel(s))>>
2019-07-14 21:40:14.871 IST: [helpers.console_QthreadPool] [ssh_exe_cmd] [197] [INFO] Executing the command
2019-07-14 21:40:15.439 IST: [helpers.console_QthreadPool] [ssh_exe_cmd] [207] [INFO] Going into the while loop
2019-07-14 21:40:19.130 IST: [helpers.console_QthreadPool] [ssh_exe_cmd] [215] [INFO] Got the data from the buffer
2019-07-14 21:40:19.131 IST: [helpers.console_QthreadPool] [run] [82] [DEBUG] ****Test Execution Completed*****
2019-07-14 21:40:19.133 IST: [helpers.console_QthreadPool] [run] [84] [DEBUG] Test Name Test002
2019-07-14 21:40:19.134 IST: [helpers.console_QthreadPool] [run] [88] [DEBUG] test_index - 2
2019-07-14 21:40:19.135 IST: [helpers.console_QthreadPool] [run] [90] [DEBUG] len of index - 5
2019-07-14 21:40:19.136 IST: [helpers.console_QthreadPool] [run] [93] [DEBUG] value = 40
2019-07-14 21:40:19.136 IST: [helpers.console_QthreadPool] [run] [64] [INFO] ########################################
2019-07-14 21:40:19.137 IST: [helpers.console_QthreadPool] [run] [65] [DEBUG] Trying for 3 time:
2019-07-14 21:40:19.137 IST: [helpers.console_QthreadPool] [run] [66] [INFO] ########################################
2019-07-14 21:40:19.137 IST: [helpers.console_QthreadPool] [run] [68] [DEBUG] global_constants.STOP_ENABLED
2019-07-14 21:40:19.138 IST: [helpers.console_QthreadPool] [run] [77] [DEBUG] Executing the test case Test003
2019-07-14 21:40:19.138 IST: [helpers.console_QthreadPool] [ssh_exe_cmd] [174] [DEBUG] inside ssh_exe_cmd
2019-07-14 21:40:19.138 IST: [helpers.console_QthreadPool] [ssh_exe_cmd] [175] [DEBUG] ret_val ssh_login function <paramiko.client.SSHClient object at 0x7fa57804cfd0>
2019-07-14 21:40:19.139 IST: [helpers.console_QthreadPool] [ssh_exe_cmd] [185] [DEBUG] Command to Execute ./runltp -s spi03 -p -l RUN_LTP_ON-2019_07_14-16h_10m_19s.log
2019-07-14 21:40:19.139 IST: [helpers.yaml_utils] [read_yml] [28] [DEBUG] Getting the password from config.yaml file
2019-07-14 21:40:19.146 IST: [helpers.console_QthreadPool] [write_output] [267] [DEBUG] Writing to the file path = /home/sayyuf/Downloads/Device_Driver_Testing_Tool_backup/results/RPI3/SPI/ADC/Test_all_in_18.04 and test name = Test002
2019-07-14 21:40:19.147 IST: [helpers.output_write] [make_test_dir] [56] [INFO] In make_test_dir
2019-07-14 21:40:19.147 IST: [helpers.console_QthreadPool] [ssh_exe_cmd] [191] [DEBUG] ssh cmd is cd /opt/ltp/;echo 'sayyu83414' | sudo -S ./runltp -s spi03 -p -l RUN_LTP_ON-2019_07_14-16h_10m_19s.log
2019-07-14 21:40:19.148 IST: [helpers.output_write] [change_to_script_directory] [112] [INFO] In change_to_script_directory
2019-07-14 21:40:19.149 IST: [helpers.output_write] [change_to_script_directory] [115] [DEBUG] after getting the path of the script /home/sayyuf/Downloads/Device_Driver_Testing_Tool_backup/helpers
2019-07-14 21:40:19.150 IST: [helpers.output_write] [change_to_script_directory] [116] [DEBUG] Changing the dir to /home/sayyuf/Downloads/Device_Driver_Testing_Tool_backup/helpers
2019-07-14 21:40:19.150 IST: [helpers.output_write] [make_test_dir] [59] [DEBUG] Path with Test name = /home/sayyuf/Downloads/Device_Driver_Testing_Tool_backup/results/RPI3/SPI/ADC/Test_all_in_18.04/Test002
2019-07-14 21:40:19.151 IST: [helpers.output_write] [get_time_stamp] [97] [INFO] In get_time_stamp
2019-07-14 21:40:19.151 IST: [helpers.output_write] [get_time_stamp] [101] [DEBUG] Time Stamp Readable  2019_07_14-09h_40m_19s_PM
2019-07-14 21:40:19.152 IST: [helpers.output_write] [write_to_file] [76] [DEBUG] Changing the dir to /home/sayyuf/Downloads/Device_Driver_Testing_Tool_backup/results/RPI3/SPI/ADC/Test_all_in_18.04/Test002
2019-07-14 21:40:19.152 IST: [helpers.output_write] [write_to_file] [83] [DEBUG] The file name after joining = /home/sayyuf/Downloads/Device_Driver_Testing_Tool_backup/results/RPI3/SPI/ADC/Test_all_in_18.04/Test002/Test002 2019_07_14-09h_40m_19s_PM
2019-07-14 21:40:19.152 IST: [helpers.output_write] [write_to_file] [85] [DEBUG] Writing Test case output to the file
2019-07-14 21:40:19.153 IST: [helpers.parser] [get_count] [25] [INFO] In get_count
2019-07-14 21:40:19.154 IST: [helpers.parser] [get_count] [37] [DEBUG] Test Passed = 0 and Test Failed = 0
2019-07-14 21:40:19.155 IST: [helpers.console_QthreadPool] [pie_chart_slot] [317] [DEBUG] Updating the PieChart
2019-07-14 21:40:19.174 IST: [helpers.console_QthreadPool] [ssh_exe_cmd] [195] [DEBUG] channel = <paramiko.Channel 2 (open) window=0 -> <paramiko.Transport at 0x70076358 (cipher aes128-ctr, 128 bits) (active; 1 open channel(s))>>
2019-07-14 21:40:19.175 IST: [helpers.console_QthreadPool] [ssh_exe_cmd] [197] [INFO] Executing the command
2019-07-14 21:40:19.203 IST: [helpers.console_QthreadPool] [ssh_exe_cmd] [207] [INFO] Going into the while loop
2019-07-14 21:40:24.682 IST: [helpers.console_QthreadPool] [ssh_exe_cmd] [215] [INFO] Got the data from the buffer
2019-07-14 21:40:24.683 IST: [helpers.console_QthreadPool] [run] [82] [DEBUG] ****Test Execution Completed*****
2019-07-14 21:40:24.683 IST: [helpers.console_QthreadPool] [run] [84] [DEBUG] Test Name Test003
2019-07-14 21:40:24.683 IST: [helpers.console_QthreadPool] [run] [88] [DEBUG] test_index - 3
2019-07-14 21:40:24.683 IST: [helpers.console_QthreadPool] [write_output] [267] [DEBUG] Writing to the file path = /home/sayyuf/Downloads/Device_Driver_Testing_Tool_backup/results/RPI3/SPI/ADC/Test_all_in_18.04 and test name = Test003
2019-07-14 21:40:24.683 IST: [helpers.console_QthreadPool] [run] [90] [DEBUG] len of index - 5
2019-07-14 21:40:24.683 IST: [helpers.output_write] [make_test_dir] [56] [INFO] In make_test_dir
2019-07-14 21:40:24.684 IST: [helpers.console_QthreadPool] [run] [93] [DEBUG] value = 60
2019-07-14 21:40:24.684 IST: [helpers.output_write] [change_to_script_directory] [112] [INFO] In change_to_script_directory
2019-07-14 21:40:24.687 IST: [helpers.output_write] [change_to_script_directory] [115] [DEBUG] after getting the path of the script /home/sayyuf/Downloads/Device_Driver_Testing_Tool_backup/helpers
2019-07-14 21:40:24.687 IST: [helpers.console_QthreadPool] [run] [64] [INFO] ########################################
2019-07-14 21:40:24.687 IST: [helpers.output_write] [change_to_script_directory] [116] [DEBUG] Changing the dir to /home/sayyuf/Downloads/Device_Driver_Testing_Tool_backup/helpers
2019-07-14 21:40:24.688 IST: [helpers.console_QthreadPool] [run] [65] [DEBUG] Trying for 4 time:
2019-07-14 21:40:24.688 IST: [helpers.output_write] [make_test_dir] [59] [DEBUG] Path with Test name = /home/sayyuf/Downloads/Device_Driver_Testing_Tool_backup/results/RPI3/SPI/ADC/Test_all_in_18.04/Test003
2019-07-14 21:40:24.688 IST: [helpers.console_QthreadPool] [run] [66] [INFO] ########################################
2019-07-14 21:40:24.688 IST: [helpers.console_QthreadPool] [run] [68] [DEBUG] global_constants.STOP_ENABLED
2019-07-14 21:40:24.688 IST: [helpers.output_write] [get_time_stamp] [97] [INFO] In get_time_stamp
2019-07-14 21:40:24.688 IST: [helpers.console_QthreadPool] [run] [77] [DEBUG] Executing the test case Test004
2019-07-14 21:40:24.688 IST: [helpers.output_write] [get_time_stamp] [101] [DEBUG] Time Stamp Readable  2019_07_14-09h_40m_24s_PM
2019-07-14 21:40:24.689 IST: [helpers.console_QthreadPool] [ssh_exe_cmd] [174] [DEBUG] inside ssh_exe_cmd
2019-07-14 21:40:24.689 IST: [helpers.output_write] [write_to_file] [76] [DEBUG] Changing the dir to /home/sayyuf/Downloads/Device_Driver_Testing_Tool_backup/results/RPI3/SPI/ADC/Test_all_in_18.04/Test003
2019-07-14 21:40:24.689 IST: [helpers.console_QthreadPool] [ssh_exe_cmd] [175] [DEBUG] ret_val ssh_login function <paramiko.client.SSHClient object at 0x7fa57804cfd0>
2019-07-14 21:40:24.689 IST: [helpers.output_write] [write_to_file] [83] [DEBUG] The file name after joining = /home/sayyuf/Downloads/Device_Driver_Testing_Tool_backup/results/RPI3/SPI/ADC/Test_all_in_18.04/Test003/Test003 2019_07_14-09h_40m_24s_PM
2019-07-14 21:40:24.689 IST: [helpers.console_QthreadPool] [ssh_exe_cmd] [185] [DEBUG] Command to Execute ./runltp -s spi04 -p -l RUN_LTP_ON-2019_07_14-16h_10m_24s.log
2019-07-14 21:40:24.689 IST: [helpers.output_write] [write_to_file] [85] [DEBUG] Writing Test case output to the file
2019-07-14 21:40:24.690 IST: [helpers.yaml_utils] [read_yml] [28] [DEBUG] Getting the password from config.yaml file
2019-07-14 21:40:24.691 IST: [helpers.console_QthreadPool] [ssh_exe_cmd] [191] [DEBUG] ssh cmd is cd /opt/ltp/;echo 'sayyu83414' | sudo -S ./runltp -s spi04 -p -l RUN_LTP_ON-2019_07_14-16h_10m_24s.log
2019-07-14 21:40:24.691 IST: [helpers.parser] [get_count] [25] [INFO] In get_count
2019-07-14 21:40:24.692 IST: [helpers.parser] [get_count] [37] [DEBUG] Test Passed = 0 and Test Failed = 0
2019-07-14 21:40:24.692 IST: [helpers.console_QthreadPool] [pie_chart_slot] [317] [DEBUG] Updating the PieChart
2019-07-14 21:40:24.727 IST: [helpers.console_QthreadPool] [ssh_exe_cmd] [195] [DEBUG] channel = <paramiko.Channel 3 (open) window=0 -> <paramiko.Transport at 0x70076358 (cipher aes128-ctr, 128 bits) (active; 1 open channel(s))>>
2019-07-14 21:40:24.727 IST: [helpers.console_QthreadPool] [ssh_exe_cmd] [197] [INFO] Executing the command
2019-07-14 21:40:24.756 IST: [helpers.console_QthreadPool] [ssh_exe_cmd] [207] [INFO] Going into the while loop
2019-07-14 21:40:27.865 IST: [helpers.console_QthreadPool] [ssh_exe_cmd] [215] [INFO] Got the data from the buffer
2019-07-14 21:40:27.866 IST: [helpers.console_QthreadPool] [run] [82] [DEBUG] ****Test Execution Completed*****
2019-07-14 21:40:27.867 IST: [helpers.console_QthreadPool] [run] [84] [DEBUG] Test Name Test004
2019-07-14 21:40:27.868 IST: [helpers.console_QthreadPool] [run] [88] [DEBUG] test_index - 4
2019-07-14 21:40:27.869 IST: [helpers.console_QthreadPool] [write_output] [267] [DEBUG] Writing to the file path = /home/sayyuf/Downloads/Device_Driver_Testing_Tool_backup/results/RPI3/SPI/ADC/Test_all_in_18.04 and test name = Test004
2019-07-14 21:40:27.869 IST: [helpers.console_QthreadPool] [run] [90] [DEBUG] len of index - 5
2019-07-14 21:40:27.870 IST: [helpers.output_write] [make_test_dir] [56] [INFO] In make_test_dir
2019-07-14 21:40:27.871 IST: [helpers.console_QthreadPool] [run] [93] [DEBUG] value = 80
2019-07-14 21:40:27.871 IST: [helpers.output_write] [change_to_script_directory] [112] [INFO] In change_to_script_directory
2019-07-14 21:40:27.872 IST: [helpers.output_write] [change_to_script_directory] [115] [DEBUG] after getting the path of the script /home/sayyuf/Downloads/Device_Driver_Testing_Tool_backup/helpers
2019-07-14 21:40:27.876 IST: [helpers.console_QthreadPool] [run] [64] [INFO] ########################################
2019-07-14 21:40:27.877 IST: [helpers.output_write] [change_to_script_directory] [116] [DEBUG] Changing the dir to /home/sayyuf/Downloads/Device_Driver_Testing_Tool_backup/helpers
2019-07-14 21:40:27.878 IST: [helpers.console_QthreadPool] [run] [65] [DEBUG] Trying for 5 time:
2019-07-14 21:40:27.879 IST: [helpers.output_write] [make_test_dir] [59] [DEBUG] Path with Test name = /home/sayyuf/Downloads/Device_Driver_Testing_Tool_backup/results/RPI3/SPI/ADC/Test_all_in_18.04/Test004
2019-07-14 21:40:27.879 IST: [helpers.console_QthreadPool] [run] [66] [INFO] ########################################
2019-07-14 21:40:27.880 IST: [helpers.console_QthreadPool] [run] [68] [DEBUG] global_constants.STOP_ENABLED
2019-07-14 21:40:27.881 IST: [helpers.output_write] [get_time_stamp] [97] [INFO] In get_time_stamp
2019-07-14 21:40:27.882 IST: [helpers.console_QthreadPool] [run] [77] [DEBUG] Executing the test case Test005
2019-07-14 21:40:27.882 IST: [helpers.output_write] [get_time_stamp] [101] [DEBUG] Time Stamp Readable  2019_07_14-09h_40m_27s_PM
2019-07-14 21:40:27.883 IST: [helpers.console_QthreadPool] [ssh_exe_cmd] [174] [DEBUG] inside ssh_exe_cmd
2019-07-14 21:40:27.884 IST: [helpers.output_write] [write_to_file] [76] [DEBUG] Changing the dir to /home/sayyuf/Downloads/Device_Driver_Testing_Tool_backup/results/RPI3/SPI/ADC/Test_all_in_18.04/Test004
2019-07-14 21:40:27.885 IST: [helpers.console_QthreadPool] [ssh_exe_cmd] [175] [DEBUG] ret_val ssh_login function <paramiko.client.SSHClient object at 0x7fa57804cfd0>
2019-07-14 21:40:27.885 IST: [helpers.output_write] [write_to_file] [83] [DEBUG] The file name after joining = /home/sayyuf/Downloads/Device_Driver_Testing_Tool_backup/results/RPI3/SPI/ADC/Test_all_in_18.04/Test004/Test004 2019_07_14-09h_40m_27s_PM
2019-07-14 21:40:27.886 IST: [helpers.console_QthreadPool] [ssh_exe_cmd] [185] [DEBUG] Command to Execute ./runltp -s spi05 -p -l RUN_LTP_ON-2019_07_14-16h_10m_27s.log
2019-07-14 21:40:27.886 IST: [helpers.output_write] [write_to_file] [85] [DEBUG] Writing Test case output to the file
2019-07-14 21:40:27.887 IST: [helpers.yaml_utils] [read_yml] [28] [DEBUG] Getting the password from config.yaml file
2019-07-14 21:40:27.892 IST: [helpers.console_QthreadPool] [ssh_exe_cmd] [191] [DEBUG] ssh cmd is cd /opt/ltp/;echo 'sayyu83414' | sudo -S ./runltp -s spi05 -p -l RUN_LTP_ON-2019_07_14-16h_10m_27s.log
2019-07-14 21:40:27.893 IST: [helpers.parser] [get_count] [25] [INFO] In get_count
2019-07-14 21:40:27.895 IST: [helpers.parser] [get_count] [37] [DEBUG] Test Passed = 0 and Test Failed = 0
2019-07-14 21:40:27.896 IST: [helpers.console_QthreadPool] [pie_chart_slot] [317] [DEBUG] Updating the PieChart
2019-07-14 21:40:27.910 IST: [helpers.console_QthreadPool] [ssh_exe_cmd] [195] [DEBUG] channel = <paramiko.Channel 4 (open) window=0 -> <paramiko.Transport at 0x70076358 (cipher aes128-ctr, 128 bits) (active; 1 open channel(s))>>
2019-07-14 21:40:27.911 IST: [helpers.console_QthreadPool] [ssh_exe_cmd] [197] [INFO] Executing the command
2019-07-14 21:40:27.943 IST: [helpers.console_QthreadPool] [ssh_exe_cmd] [207] [INFO] Going into the while loop
2019-07-14 21:40:31.036 IST: [helpers.console_QthreadPool] [ssh_exe_cmd] [215] [INFO] Got the data from the buffer
2019-07-14 21:40:31.037 IST: [helpers.console_QthreadPool] [run] [82] [DEBUG] ****Test Execution Completed*****
2019-07-14 21:40:31.038 IST: [helpers.console_QthreadPool] [run] [84] [DEBUG] Test Name Test005
2019-07-14 21:40:31.039 IST: [helpers.console_QthreadPool] [run] [88] [DEBUG] test_index - 5
2019-07-14 21:40:31.040 IST: [helpers.console_QthreadPool] [write_output] [267] [DEBUG] Writing to the file path = /home/sayyuf/Downloads/Device_Driver_Testing_Tool_backup/results/RPI3/SPI/ADC/Test_all_in_18.04 and test name = Test005
2019-07-14 21:40:31.040 IST: [helpers.console_QthreadPool] [run] [90] [DEBUG] len of index - 5
2019-07-14 21:40:31.041 IST: [helpers.output_write] [make_test_dir] [56] [INFO] In make_test_dir
2019-07-14 21:40:31.041 IST: [helpers.console_QthreadPool] [run] [93] [DEBUG] value = 100
2019-07-14 21:40:31.042 IST: [helpers.output_write] [change_to_script_directory] [112] [INFO] In change_to_script_directory
2019-07-14 21:40:31.047 IST: [helpers.console_QthreadPool] [run] [106] [INFO] ******Executed Test Cases******
2019-07-14 21:40:31.048 IST: [helpers.output_write] [change_to_script_directory] [115] [DEBUG] after getting the path of the script /home/sayyuf/Downloads/Device_Driver_Testing_Tool_backup/helpers
2019-07-14 21:40:31.048 IST: [helpers.output_write] [change_to_script_directory] [116] [DEBUG] Changing the dir to /home/sayyuf/Downloads/Device_Driver_Testing_Tool_backup/helpers
2019-07-14 21:40:31.048 IST: [helpers.output_write] [make_test_dir] [59] [DEBUG] Path with Test name = /home/sayyuf/Downloads/Device_Driver_Testing_Tool_backup/results/RPI3/SPI/ADC/Test_all_in_18.04/Test005
2019-07-14 21:40:31.049 IST: [helpers.output_write] [get_time_stamp] [97] [INFO] In get_time_stamp
2019-07-14 21:40:31.049 IST: [helpers.output_write] [get_time_stamp] [101] [DEBUG] Time Stamp Readable  2019_07_14-09h_40m_31s_PM
2019-07-14 21:40:31.049 IST: [helpers.output_write] [write_to_file] [76] [DEBUG] Changing the dir to /home/sayyuf/Downloads/Device_Driver_Testing_Tool_backup/results/RPI3/SPI/ADC/Test_all_in_18.04/Test005
2019-07-14 21:40:31.049 IST: [helpers.output_write] [write_to_file] [83] [DEBUG] The file name after joining = /home/sayyuf/Downloads/Device_Driver_Testing_Tool_backup/results/RPI3/SPI/ADC/Test_all_in_18.04/Test005/Test005 2019_07_14-09h_40m_31s_PM
2019-07-14 21:40:31.049 IST: [helpers.output_write] [write_to_file] [85] [DEBUG] Writing Test case output to the file
2019-07-14 21:40:31.049 IST: [helpers.parser] [get_count] [25] [INFO] In get_count
2019-07-14 21:40:31.050 IST: [helpers.parser] [get_count] [37] [DEBUG] Test Passed = 0 and Test Failed = 0
2019-07-14 21:40:31.050 IST: [helpers.console_QthreadPool] [pie_chart_slot] [317] [DEBUG] Updating the PieChart
