2019-06-25 17:06:22.053 IST: [helpers.actions] [on_interface_changed] [177] [INFO] Interface QCombobox is changed to SPI
2019-06-25 17:06:23.263 IST: [helpers.actions] [on_device_changed] [187] [INFO] Device QCombobox is changed to ADC
2019-06-25 17:06:50.540 IST: [helpers.common] [clear_QtableWidget] [13] [INFO] Getting the test cases from a file
2019-06-25 17:06:50.541 IST: [helpers.common] [clear_QtableWidget] [40] [ERROR] 'Ui_MainWindow' object has no attribute 'count'
Traceback (most recent call last):
  File "/home/shaik/Desktop/Working_DDTT/Device_Driver_Testing_Tool_mod/helpers/common.py", line 29, in clear_QtableWidget
    self.gui_utils.tableWidget.setRowCount(self.gui_utils.count)
AttributeError: 'Ui_MainWindow' object has no attribute 'count'
2019-06-25 17:06:50.556 IST: [helpers.actions] [populate_test_create_tab] [617] [INFO] Getting the test cases from a file
2019-06-25 17:06:50.556 IST: [helpers.actions] [populate_test_create_tab] [636] [DEBUG] Populating the test cases to the QTableWidget
2019-06-25 17:06:59.197 IST: [helpers.actions] [select_all] [326] [INFO] Selecting the All test cases
2019-06-25 17:06:59.197 IST: [helpers.actions] [select_all] [332] [DEBUG] Checking 0 Test case
2019-06-25 17:06:59.198 IST: [helpers.actions] [select_all] [332] [DEBUG] Checking 1 Test case
2019-06-25 17:06:59.198 IST: [helpers.actions] [select_all] [332] [DEBUG] Checking 2 Test case
2019-06-25 17:06:59.198 IST: [helpers.actions] [select_all] [332] [DEBUG] Checking 3 Test case
2019-06-25 17:06:59.198 IST: [helpers.actions] [select_all] [332] [DEBUG] Checking 4 Test case
2019-06-25 17:06:59.198 IST: [helpers.actions] [select_all] [332] [DEBUG] Checking 5 Test case
2019-06-25 17:07:03.192 IST: [helpers.actions] [get_selected_items] [93] [INFO] Getting the selected items
2019-06-25 17:07:03.192 IST: [helpers.actions] [get_selected_items] [97] [INFO] Getting the selected items from QTableWidget
2019-06-25 17:07:03.192 IST: [helpers.actions] [get_selected_items] [103] [DEBUG] Checking each test cases 0
2019-06-25 17:07:03.193 IST: [helpers.actions] [get_selected_items] [107] [DEBUG] Appending the items to the List
2019-06-25 17:07:03.193 IST: [helpers.actions] [get_selected_items] [103] [DEBUG] Checking each test cases 1
2019-06-25 17:07:03.193 IST: [helpers.actions] [get_selected_items] [107] [DEBUG] Appending the items to the List
2019-06-25 17:07:03.193 IST: [helpers.actions] [get_selected_items] [103] [DEBUG] Checking each test cases 2
2019-06-25 17:07:03.194 IST: [helpers.actions] [get_selected_items] [107] [DEBUG] Appending the items to the List
2019-06-25 17:07:03.194 IST: [helpers.actions] [get_selected_items] [103] [DEBUG] Checking each test cases 3
2019-06-25 17:07:03.194 IST: [helpers.actions] [get_selected_items] [107] [DEBUG] Appending the items to the List
2019-06-25 17:07:03.194 IST: [helpers.actions] [get_selected_items] [103] [DEBUG] Checking each test cases 4
2019-06-25 17:07:03.195 IST: [helpers.actions] [get_selected_items] [107] [DEBUG] Appending the items to the List
2019-06-25 17:07:03.195 IST: [helpers.actions] [get_selected_items] [103] [DEBUG] Checking each test cases 5
2019-06-25 17:07:03.195 IST: [helpers.actions] [get_selected_items] [107] [DEBUG] Appending the items to the List
2019-06-25 17:07:03.195 IST: [helpers.actions] [get_selected_items] [109] [INFO] Storing the checked items in a global variable
2019-06-25 17:07:03.200 IST: [helpers.actions] [get_selected_items] [155] [DEBUG] Valid Selection and Valid Test Case Name test_all_spi
2019-06-25 17:07:11.831 IST: [helpers.common] [clear_QtableWidget] [13] [INFO] Getting the test cases from a file
2019-06-25 17:07:11.832 IST: [helpers.common] [clear_QtableWidget] [30] [DEBUG] Clearing the Test Cases
2019-06-25 17:07:11.836 IST: [helpers.actions] [populate_test_create_tab] [617] [INFO] Getting the test cases from a file
2019-06-25 17:07:11.836 IST: [helpers.actions] [populate_test_create_tab] [636] [DEBUG] Populating the test cases to the QTableWidget
2019-06-25 17:07:13.597 IST: [helpers.actions] [select_all] [326] [INFO] Selecting the All test cases
2019-06-25 17:07:13.597 IST: [helpers.actions] [select_all] [339] [DEBUG] UnChecking 0 Test case
2019-06-25 17:07:13.598 IST: [helpers.actions] [select_all] [339] [DEBUG] UnChecking 1 Test case
2019-06-25 17:07:13.598 IST: [helpers.actions] [select_all] [339] [DEBUG] UnChecking 2 Test case
2019-06-25 17:07:13.598 IST: [helpers.actions] [select_all] [339] [DEBUG] UnChecking 3 Test case
2019-06-25 17:07:13.598 IST: [helpers.actions] [select_all] [339] [DEBUG] UnChecking 4 Test case
2019-06-25 17:07:13.951 IST: [helpers.actions] [select_all] [326] [INFO] Selecting the All test cases
2019-06-25 17:07:13.951 IST: [helpers.actions] [select_all] [332] [DEBUG] Checking 0 Test case
2019-06-25 17:07:13.951 IST: [helpers.actions] [select_all] [332] [DEBUG] Checking 1 Test case
2019-06-25 17:07:13.952 IST: [helpers.actions] [select_all] [332] [DEBUG] Checking 2 Test case
2019-06-25 17:07:13.952 IST: [helpers.actions] [select_all] [332] [DEBUG] Checking 3 Test case
2019-06-25 17:07:13.952 IST: [helpers.actions] [select_all] [332] [DEBUG] Checking 4 Test case
2019-06-25 17:07:15.305 IST: [helpers.actions] [get_selected_items] [93] [INFO] Getting the selected items
2019-06-25 17:07:15.305 IST: [helpers.actions] [get_selected_items] [97] [INFO] Getting the selected items from QTableWidget
2019-06-25 17:07:15.306 IST: [helpers.actions] [get_selected_items] [103] [DEBUG] Checking each test cases 0
2019-06-25 17:07:15.306 IST: [helpers.actions] [get_selected_items] [107] [DEBUG] Appending the items to the List
2019-06-25 17:07:15.306 IST: [helpers.actions] [get_selected_items] [103] [DEBUG] Checking each test cases 1
2019-06-25 17:07:15.306 IST: [helpers.actions] [get_selected_items] [107] [DEBUG] Appending the items to the List
2019-06-25 17:07:15.307 IST: [helpers.actions] [get_selected_items] [103] [DEBUG] Checking each test cases 2
2019-06-25 17:07:15.307 IST: [helpers.actions] [get_selected_items] [107] [DEBUG] Appending the items to the List
2019-06-25 17:07:15.307 IST: [helpers.actions] [get_selected_items] [103] [DEBUG] Checking each test cases 3
2019-06-25 17:07:15.307 IST: [helpers.actions] [get_selected_items] [107] [DEBUG] Appending the items to the List
2019-06-25 17:07:15.307 IST: [helpers.actions] [get_selected_items] [103] [DEBUG] Checking each test cases 4
2019-06-25 17:07:15.308 IST: [helpers.actions] [get_selected_items] [107] [DEBUG] Appending the items to the List
2019-06-25 17:07:15.308 IST: [helpers.actions] [get_selected_items] [109] [INFO] Storing the checked items in a global variable
2019-06-25 17:07:15.313 IST: [helpers.actions] [get_selected_items] [155] [DEBUG] Valid Selection and Valid Test Case Name test_all
2019-06-25 17:07:18.347 IST: [helpers.actions] [on_start_button_clicked] [208] [INFO] Start Button Clicked
2019-06-25 17:07:18.347 IST: [helpers.actions] [on_start_button_clicked] [218] [INFO] Disabling the start button once execution has started
2019-06-25 17:07:18.348 IST: [helpers.actions] [on_start_button_clicked] [220] [INFO] Enabling stop button once execution has started
2019-06-25 17:07:18.348 IST: [helpers.actions] [on_start_button_clicked] [223] [DEBUG] Reading the password from config file
2019-06-25 17:07:18.348 IST: [helpers.yaml_utils] [read_yml] [28] [DEBUG] Getting the password from config.yaml file
2019-06-25 17:07:18.386 IST: [helpers.actions] [on_start_button_clicked] [238] [DEBUG] SPI test cases are executing
2019-06-25 17:07:18.386 IST: [helpers.actions] [load_selected_test_cases_to_tab] [434] [INFO] Getting the test cases from a file
2019-06-25 17:07:18.386 IST: [helpers.actions] [load_selected_test_cases_to_tab] [463] [DEBUG] Populating the test cases to the QTableWidget
2019-06-25 17:07:18.388 IST: [helpers.console_QthreadPool] [__init__] [40] [INFO] In Worker Class
2019-06-25 17:07:18.388 IST: [helpers.console_QthreadPool] [ssh_login] [127] [INFO] In ssh_login
2019-06-25 17:07:18.388 IST: [helpers.yaml_utils] [read_yml] [28] [DEBUG] Getting the password from config.yaml file
2019-06-25 17:07:18.389 IST: [helpers.console_QthreadPool] [ssh_login] [133] [DEBUG] Got the IP = 192.168.1.22
2019-06-25 17:07:18.389 IST: [helpers.yaml_utils] [read_yml] [28] [DEBUG] Getting the password from config.yaml file
2019-06-25 17:07:18.390 IST: [helpers.console_QthreadPool] [ssh_login] [135] [DEBUG] Got the User Name = pi
2019-06-25 17:07:18.390 IST: [helpers.yaml_utils] [read_yml] [28] [DEBUG] Getting the password from config.yaml file
2019-06-25 17:07:18.391 IST: [helpers.console_QthreadPool] [ssh_login] [138] [DEBUG] Got the SSH object <paramiko.client.SSHClient object at 0x7f445c082080>
2019-06-25 17:07:18.442 IST: [helpers.console_QthreadPool] [ssh_login] [143] [INFO] Pingiing to 192.168.1.22
2019-06-25 17:07:18.442 IST: [helpers.ping] [ping_host] [14] [DEBUG] In method ping_host
2019-06-25 17:07:18.452 IST: [helpers.ping] [ping_host] [18] [DEBUG] Result of ping = <subprocess.Popen object at 0x7f445c082d30>
2019-06-25 17:07:18.844 IST: [helpers.console_QthreadPool] [ssh_login] [155] [DEBUG] connected to host 192.168.1.22 with user name pi
2019-06-25 17:07:18.849 IST: [helpers.output_write] [create_dir_structure] [126] [INFO] In create_dir_structure
2019-06-25 17:07:18.850 IST: [helpers.output_write] [change_to_script_directory] [112] [INFO] In change_to_script_directory
2019-06-25 17:07:18.850 IST: [helpers.output_write] [change_to_script_directory] [115] [DEBUG] after getting the path of the script /home/shaik/Desktop/Working_DDTT/Device_Driver_Testing_Tool_mod/helpers
2019-06-25 17:07:18.850 IST: [helpers.output_write] [change_to_script_directory] [116] [DEBUG] Changing the dir to /home/shaik/Desktop/Working_DDTT/Device_Driver_Testing_Tool_mod/helpers
2019-06-25 17:07:18.850 IST: [helpers.console_QthreadPool] [run] [53] [INFO] In Run method
2019-06-25 17:07:18.851 IST: [helpers.console_QthreadPool] [run] [55] [INFO] Executing the selected Test cases
2019-06-25 17:07:18.851 IST: [helpers.console_QthreadPool] [run] [64] [INFO] ########################################
2019-06-25 17:07:18.852 IST: [helpers.output_write] [create_dir_structure] [134] [DEBUG] Path to be Created = /home/shaik/Desktop/Working_DDTT/Device_Driver_Testing_Tool_mod/results/test_all
2019-06-25 17:07:18.852 IST: [helpers.console_QthreadPool] [run] [65] [DEBUG] Trying for 1 time:
2019-06-25 17:07:18.852 IST: [helpers.console_QthreadPool] [run] [66] [INFO] ########################################
2019-06-25 17:07:18.852 IST: [helpers.console_QthreadPool] [run] [68] [DEBUG] global_constants.STOP_ENABLED
2019-06-25 17:07:18.853 IST: [helpers.console_QthreadPool] [run] [77] [DEBUG] Executing the test case Test001
2019-06-25 17:07:18.853 IST: [helpers.console_QthreadPool] [ssh_exe_cmd] [174] [DEBUG] inside ssh_exe_cmd
2019-06-25 17:07:18.853 IST: [helpers.console_QthreadPool] [ssh_exe_cmd] [175] [DEBUG] ret_val ssh_login function <paramiko.client.SSHClient object at 0x7f445c082080>
2019-06-25 17:07:18.853 IST: [helpers.output_write] [create_dir_structure] [141] [DEBUG] Path = /home/shaik/Desktop/Working_DDTT/Device_Driver_Testing_Tool_mod/results/test_all
2019-06-25 17:07:18.853 IST: [helpers.console_QthreadPool] [ssh_exe_cmd] [185] [DEBUG] Command to Execute ./runltp -s spi01 -p -l RUN_LTP_ON-2019_06_25-11h_37m_18s.log
2019-06-25 17:07:18.854 IST: [helpers.parser] [get_count] [25] [INFO] In get_count
2019-06-25 17:07:18.854 IST: [helpers.yaml_utils] [read_yml] [28] [DEBUG] Getting the password from config.yaml file
2019-06-25 17:07:18.855 IST: [helpers.parser] [get_count] [37] [DEBUG] Test Passed = 0 and Test Failed = 0
2019-06-25 17:07:18.859 IST: [helpers.console_QthreadPool] [ssh_exe_cmd] [191] [DEBUG] ssh cmd is cd /opt/ltp/;echo 'neha123' | sudo -S ./runltp -s spi01 -p -l RUN_LTP_ON-2019_06_25-11h_37m_18s.log
2019-06-25 17:07:19.049 IST: [helpers.console_QthreadPool] [ssh_exe_cmd] [195] [DEBUG] channel = <paramiko.Channel 0 (open) window=0 -> <paramiko.Transport at 0x5c082d30 (cipher aes128-ctr, 128 bits) (active; 1 open channel(s))>>
2019-06-25 17:07:19.050 IST: [helpers.console_QthreadPool] [ssh_exe_cmd] [197] [INFO] Executing the command
2019-06-25 17:07:19.138 IST: [helpers.console_QthreadPool] [ssh_exe_cmd] [207] [INFO] Going into the while loop
2019-06-25 17:07:52.949 IST: [helpers.console_QthreadPool] [ssh_exe_cmd] [215] [INFO] Got the data from the buffer
2019-06-25 17:07:52.950 IST: [helpers.console_QthreadPool] [run] [82] [DEBUG] ****Test Execution Completed*****
2019-06-25 17:07:52.950 IST: [helpers.console_QthreadPool] [run] [84] [DEBUG] Test Name Test001
2019-06-25 17:07:52.950 IST: [helpers.console_QthreadPool] [run] [88] [DEBUG] test_index - 1
2019-06-25 17:07:52.950 IST: [helpers.console_QthreadPool] [run] [90] [DEBUG] len of index - 5
2019-06-25 17:07:52.951 IST: [helpers.console_QthreadPool] [write_output] [267] [DEBUG] Writing to the file path = /home/shaik/Desktop/Working_DDTT/Device_Driver_Testing_Tool_mod/results/test_all and test name = Test001
2019-06-25 17:07:52.951 IST: [helpers.console_QthreadPool] [run] [93] [DEBUG] value = 20
2019-06-25 17:07:52.951 IST: [helpers.output_write] [make_test_dir] [56] [INFO] In make_test_dir
2019-06-25 17:07:52.957 IST: [helpers.output_write] [change_to_script_directory] [112] [INFO] In change_to_script_directory
2019-06-25 17:07:52.957 IST: [helpers.console_QthreadPool] [run] [64] [INFO] ########################################
2019-06-25 17:07:52.957 IST: [helpers.output_write] [change_to_script_directory] [115] [DEBUG] after getting the path of the script /home/shaik/Desktop/Working_DDTT/Device_Driver_Testing_Tool_mod/helpers
2019-06-25 17:07:52.958 IST: [helpers.console_QthreadPool] [run] [65] [DEBUG] Trying for 2 time:
2019-06-25 17:07:52.958 IST: [helpers.output_write] [change_to_script_directory] [116] [DEBUG] Changing the dir to /home/shaik/Desktop/Working_DDTT/Device_Driver_Testing_Tool_mod/helpers
2019-06-25 17:07:52.958 IST: [helpers.console_QthreadPool] [run] [66] [INFO] ########################################
2019-06-25 17:07:52.959 IST: [helpers.output_write] [make_test_dir] [59] [DEBUG] Path with Test name = /home/shaik/Desktop/Working_DDTT/Device_Driver_Testing_Tool_mod/results/test_all/Test001
2019-06-25 17:07:52.959 IST: [helpers.console_QthreadPool] [run] [68] [DEBUG] global_constants.STOP_ENABLED
2019-06-25 17:07:52.959 IST: [helpers.console_QthreadPool] [run] [77] [DEBUG] Executing the test case Test002
2019-06-25 17:07:52.959 IST: [helpers.output_write] [get_time_stamp] [97] [INFO] In get_time_stamp
2019-06-25 17:07:52.960 IST: [helpers.output_write] [get_time_stamp] [101] [DEBUG] Time Stamp Readable  2019_06_25-05h_07m_52s_PM
2019-06-25 17:07:52.960 IST: [helpers.console_QthreadPool] [ssh_exe_cmd] [174] [DEBUG] inside ssh_exe_cmd
2019-06-25 17:07:52.960 IST: [helpers.console_QthreadPool] [ssh_exe_cmd] [175] [DEBUG] ret_val ssh_login function <paramiko.client.SSHClient object at 0x7f445c082080>
2019-06-25 17:07:52.960 IST: [helpers.console_QthreadPool] [ssh_exe_cmd] [185] [DEBUG] Command to Execute ./runltp -s spi02 -p -l RUN_LTP_ON-2019_06_25-11h_37m_52s.log
2019-06-25 17:07:52.960 IST: [helpers.yaml_utils] [read_yml] [28] [DEBUG] Getting the password from config.yaml file
2019-06-25 17:07:52.960 IST: [helpers.output_write] [write_to_file] [76] [DEBUG] Changing the dir to /home/shaik/Desktop/Working_DDTT/Device_Driver_Testing_Tool_mod/results/test_all/Test001
2019-06-25 17:07:52.965 IST: [helpers.console_QthreadPool] [ssh_exe_cmd] [191] [DEBUG] ssh cmd is cd /opt/ltp/;echo 'neha123' | sudo -S ./runltp -s spi02 -p -l RUN_LTP_ON-2019_06_25-11h_37m_52s.log
2019-06-25 17:07:52.965 IST: [helpers.output_write] [write_to_file] [83] [DEBUG] The file name after joining = /home/shaik/Desktop/Working_DDTT/Device_Driver_Testing_Tool_mod/results/test_all/Test001/Test001 2019_06_25-05h_07m_52s_PM
2019-06-25 17:07:52.965 IST: [helpers.output_write] [write_to_file] [85] [DEBUG] Writing Test case output to the file
2019-06-25 17:07:52.966 IST: [helpers.parser] [get_count] [25] [INFO] In get_count
2019-06-25 17:07:52.966 IST: [helpers.parser] [get_count] [37] [DEBUG] Test Passed = 1 and Test Failed = 0
2019-06-25 17:07:52.966 IST: [helpers.console_QthreadPool] [pie_chart_slot] [317] [DEBUG] Updating the PieChart
2019-06-25 17:07:52.999 IST: [helpers.console_QthreadPool] [ssh_exe_cmd] [195] [DEBUG] channel = <paramiko.Channel 1 (open) window=0 -> <paramiko.Transport at 0x5c082d30 (cipher aes128-ctr, 128 bits) (active; 1 open channel(s))>>
2019-06-25 17:07:52.999 IST: [helpers.console_QthreadPool] [ssh_exe_cmd] [197] [INFO] Executing the command
2019-06-25 17:07:53.089 IST: [helpers.console_QthreadPool] [ssh_exe_cmd] [207] [INFO] Going into the while loop
2019-06-25 17:08:42.201 IST: [helpers.console_QthreadPool] [ssh_exe_cmd] [215] [INFO] Got the data from the buffer
2019-06-25 17:08:42.202 IST: [helpers.console_QthreadPool] [run] [82] [DEBUG] ****Test Execution Completed*****
2019-06-25 17:08:42.202 IST: [helpers.console_QthreadPool] [run] [84] [DEBUG] Test Name Test002
2019-06-25 17:08:42.202 IST: [helpers.console_QthreadPool] [run] [88] [DEBUG] test_index - 2
2019-06-25 17:08:42.202 IST: [helpers.console_QthreadPool] [write_output] [267] [DEBUG] Writing to the file path = /home/shaik/Desktop/Working_DDTT/Device_Driver_Testing_Tool_mod/results/test_all and test name = Test002
2019-06-25 17:08:42.202 IST: [helpers.console_QthreadPool] [run] [90] [DEBUG] len of index - 5
2019-06-25 17:08:42.203 IST: [helpers.output_write] [make_test_dir] [56] [INFO] In make_test_dir
2019-06-25 17:08:42.203 IST: [helpers.console_QthreadPool] [run] [93] [DEBUG] value = 40
2019-06-25 17:08:42.203 IST: [helpers.output_write] [change_to_script_directory] [112] [INFO] In change_to_script_directory
2019-06-25 17:08:42.204 IST: [helpers.console_QthreadPool] [run] [64] [INFO] ########################################
2019-06-25 17:08:42.204 IST: [helpers.output_write] [change_to_script_directory] [115] [DEBUG] after getting the path of the script /home/shaik/Desktop/Working_DDTT/Device_Driver_Testing_Tool_mod/helpers
2019-06-25 17:08:42.204 IST: [helpers.console_QthreadPool] [run] [65] [DEBUG] Trying for 3 time:
2019-06-25 17:08:42.204 IST: [helpers.output_write] [change_to_script_directory] [116] [DEBUG] Changing the dir to /home/shaik/Desktop/Working_DDTT/Device_Driver_Testing_Tool_mod/helpers
2019-06-25 17:08:42.204 IST: [helpers.console_QthreadPool] [run] [66] [INFO] ########################################
2019-06-25 17:08:42.205 IST: [helpers.output_write] [make_test_dir] [59] [DEBUG] Path with Test name = /home/shaik/Desktop/Working_DDTT/Device_Driver_Testing_Tool_mod/results/test_all/Test002
2019-06-25 17:08:42.205 IST: [helpers.console_QthreadPool] [run] [68] [DEBUG] global_constants.STOP_ENABLED
2019-06-25 17:08:42.205 IST: [helpers.output_write] [get_time_stamp] [97] [INFO] In get_time_stamp
2019-06-25 17:08:42.205 IST: [helpers.console_QthreadPool] [run] [77] [DEBUG] Executing the test case Test003
2019-06-25 17:08:42.205 IST: [helpers.output_write] [get_time_stamp] [101] [DEBUG] Time Stamp Readable  2019_06_25-05h_08m_42s_PM
2019-06-25 17:08:42.205 IST: [helpers.console_QthreadPool] [ssh_exe_cmd] [174] [DEBUG] inside ssh_exe_cmd
2019-06-25 17:08:42.205 IST: [helpers.output_write] [write_to_file] [76] [DEBUG] Changing the dir to /home/shaik/Desktop/Working_DDTT/Device_Driver_Testing_Tool_mod/results/test_all/Test002
2019-06-25 17:08:42.205 IST: [helpers.console_QthreadPool] [ssh_exe_cmd] [175] [DEBUG] ret_val ssh_login function <paramiko.client.SSHClient object at 0x7f445c082080>
2019-06-25 17:08:42.206 IST: [helpers.output_write] [write_to_file] [83] [DEBUG] The file name after joining = /home/shaik/Desktop/Working_DDTT/Device_Driver_Testing_Tool_mod/results/test_all/Test002/Test002 2019_06_25-05h_08m_42s_PM
2019-06-25 17:08:42.206 IST: [helpers.console_QthreadPool] [ssh_exe_cmd] [185] [DEBUG] Command to Execute ./runltp -s spi03 -p -l RUN_LTP_ON-2019_06_25-11h_38m_42s.log
2019-06-25 17:08:42.206 IST: [helpers.output_write] [write_to_file] [85] [DEBUG] Writing Test case output to the file
2019-06-25 17:08:42.206 IST: [helpers.yaml_utils] [read_yml] [28] [DEBUG] Getting the password from config.yaml file
2019-06-25 17:08:42.208 IST: [helpers.console_QthreadPool] [ssh_exe_cmd] [191] [DEBUG] ssh cmd is cd /opt/ltp/;echo 'neha123' | sudo -S ./runltp -s spi03 -p -l RUN_LTP_ON-2019_06_25-11h_38m_42s.log
2019-06-25 17:08:42.208 IST: [helpers.parser] [get_count] [25] [INFO] In get_count
2019-06-25 17:08:42.209 IST: [helpers.parser] [get_count] [37] [DEBUG] Test Passed = 1 and Test Failed = 0
2019-06-25 17:08:42.209 IST: [helpers.console_QthreadPool] [pie_chart_slot] [317] [DEBUG] Updating the PieChart
2019-06-25 17:08:42.248 IST: [helpers.console_QthreadPool] [ssh_exe_cmd] [195] [DEBUG] channel = <paramiko.Channel 2 (open) window=0 -> <paramiko.Transport at 0x5c082d30 (cipher aes128-ctr, 128 bits) (active; 1 open channel(s))>>
2019-06-25 17:08:42.249 IST: [helpers.console_QthreadPool] [ssh_exe_cmd] [197] [INFO] Executing the command
2019-06-25 17:08:42.337 IST: [helpers.console_QthreadPool] [ssh_exe_cmd] [207] [INFO] Going into the while loop
2019-06-25 17:09:17.210 IST: [helpers.console_QthreadPool] [ssh_exe_cmd] [215] [INFO] Got the data from the buffer
2019-06-25 17:09:17.211 IST: [helpers.console_QthreadPool] [run] [82] [DEBUG] ****Test Execution Completed*****
2019-06-25 17:09:17.211 IST: [helpers.console_QthreadPool] [run] [84] [DEBUG] Test Name Test003
2019-06-25 17:09:17.211 IST: [helpers.console_QthreadPool] [run] [88] [DEBUG] test_index - 3
2019-06-25 17:09:17.212 IST: [helpers.console_QthreadPool] [write_output] [267] [DEBUG] Writing to the file path = /home/shaik/Desktop/Working_DDTT/Device_Driver_Testing_Tool_mod/results/test_all and test name = Test003
2019-06-25 17:09:17.212 IST: [helpers.console_QthreadPool] [run] [90] [DEBUG] len of index - 5
2019-06-25 17:09:17.212 IST: [helpers.output_write] [make_test_dir] [56] [INFO] In make_test_dir
2019-06-25 17:09:17.212 IST: [helpers.console_QthreadPool] [run] [93] [DEBUG] value = 60
2019-06-25 17:09:17.213 IST: [helpers.output_write] [change_to_script_directory] [112] [INFO] In change_to_script_directory
2019-06-25 17:09:17.215 IST: [helpers.console_QthreadPool] [run] [64] [INFO] ########################################
2019-06-25 17:09:17.215 IST: [helpers.output_write] [change_to_script_directory] [115] [DEBUG] after getting the path of the script /home/shaik/Desktop/Working_DDTT/Device_Driver_Testing_Tool_mod/helpers
2019-06-25 17:09:17.215 IST: [helpers.console_QthreadPool] [run] [65] [DEBUG] Trying for 4 time:
2019-06-25 17:09:17.216 IST: [helpers.output_write] [change_to_script_directory] [116] [DEBUG] Changing the dir to /home/shaik/Desktop/Working_DDTT/Device_Driver_Testing_Tool_mod/helpers
2019-06-25 17:09:17.216 IST: [helpers.console_QthreadPool] [run] [66] [INFO] ########################################
2019-06-25 17:09:17.217 IST: [helpers.console_QthreadPool] [run] [68] [DEBUG] global_constants.STOP_ENABLED
2019-06-25 17:09:17.217 IST: [helpers.output_write] [make_test_dir] [59] [DEBUG] Path with Test name = /home/shaik/Desktop/Working_DDTT/Device_Driver_Testing_Tool_mod/results/test_all/Test003
2019-06-25 17:09:17.217 IST: [helpers.console_QthreadPool] [run] [77] [DEBUG] Executing the test case Test004
2019-06-25 17:09:17.218 IST: [helpers.console_QthreadPool] [ssh_exe_cmd] [174] [DEBUG] inside ssh_exe_cmd
2019-06-25 17:09:17.218 IST: [helpers.output_write] [get_time_stamp] [97] [INFO] In get_time_stamp
2019-06-25 17:09:17.218 IST: [helpers.console_QthreadPool] [ssh_exe_cmd] [175] [DEBUG] ret_val ssh_login function <paramiko.client.SSHClient object at 0x7f445c082080>
2019-06-25 17:09:17.218 IST: [helpers.output_write] [get_time_stamp] [101] [DEBUG] Time Stamp Readable  2019_06_25-05h_09m_17s_PM
2019-06-25 17:09:17.219 IST: [helpers.console_QthreadPool] [ssh_exe_cmd] [185] [DEBUG] Command to Execute ./runltp -s spi04 -p -l RUN_LTP_ON-2019_06_25-11h_39m_17s.log
2019-06-25 17:09:17.219 IST: [helpers.output_write] [write_to_file] [76] [DEBUG] Changing the dir to /home/shaik/Desktop/Working_DDTT/Device_Driver_Testing_Tool_mod/results/test_all/Test003
2019-06-25 17:09:17.219 IST: [helpers.yaml_utils] [read_yml] [28] [DEBUG] Getting the password from config.yaml file
2019-06-25 17:09:17.220 IST: [helpers.output_write] [write_to_file] [83] [DEBUG] The file name after joining = /home/shaik/Desktop/Working_DDTT/Device_Driver_Testing_Tool_mod/results/test_all/Test003/Test003 2019_06_25-05h_09m_17s_PM
2019-06-25 17:09:17.220 IST: [helpers.yaml_utils] [read_yml] [35] [ERROR] Unable get the IP:SSH_PASSWD from config file [Errno 2] No such file or directory: '../resources/config.yaml'
Traceback (most recent call last):
  File "/home/shaik/Desktop/Working_DDTT/Device_Driver_Testing_Tool_mod/helpers/yaml_utils.py", line 29, in read_yml
    with open('../resources/config.yaml', 'r') as file_obj:
FileNotFoundError: [Errno 2] No such file or directory: '../resources/config.yaml'
2019-06-25 17:09:17.220 IST: [helpers.output_write] [write_to_file] [85] [DEBUG] Writing Test case output to the file
2019-06-25 17:09:17.221 IST: [helpers.console_QthreadPool] [ssh_exe_cmd] [191] [DEBUG] ssh cmd is cd /opt/ltp/;echo 'None' | sudo -S ./runltp -s spi04 -p -l RUN_LTP_ON-2019_06_25-11h_39m_17s.log
2019-06-25 17:09:17.222 IST: [helpers.parser] [get_count] [25] [INFO] In get_count
2019-06-25 17:09:17.222 IST: [helpers.parser] [get_count] [37] [DEBUG] Test Passed = 1 and Test Failed = 0
2019-06-25 17:09:17.223 IST: [helpers.console_QthreadPool] [pie_chart_slot] [317] [DEBUG] Updating the PieChart
2019-06-25 17:09:17.258 IST: [helpers.console_QthreadPool] [ssh_exe_cmd] [195] [DEBUG] channel = <paramiko.Channel 3 (open) window=0 -> <paramiko.Transport at 0x5c082d30 (cipher aes128-ctr, 128 bits) (active; 1 open channel(s))>>
2019-06-25 17:09:17.258 IST: [helpers.console_QthreadPool] [ssh_exe_cmd] [197] [INFO] Executing the command
2019-06-25 17:09:17.350 IST: [helpers.console_QthreadPool] [ssh_exe_cmd] [207] [INFO] Going into the while loop
2019-06-25 17:09:54.359 IST: [helpers.console_QthreadPool] [ssh_exe_cmd] [215] [INFO] Got the data from the buffer
2019-06-25 17:09:54.361 IST: [helpers.console_QthreadPool] [run] [82] [DEBUG] ****Test Execution Completed*****
2019-06-25 17:09:54.361 IST: [helpers.console_QthreadPool] [run] [84] [DEBUG] Test Name Test004
2019-06-25 17:09:54.361 IST: [helpers.console_QthreadPool] [run] [88] [DEBUG] test_index - 4
2019-06-25 17:09:54.362 IST: [helpers.console_QthreadPool] [run] [90] [DEBUG] len of index - 5
2019-06-25 17:09:54.362 IST: [helpers.console_QthreadPool] [run] [93] [DEBUG] value = 80
2019-06-25 17:09:54.362 IST: [helpers.console_QthreadPool] [run] [64] [INFO] ########################################
2019-06-25 17:09:54.362 IST: [helpers.console_QthreadPool] [run] [65] [DEBUG] Trying for 5 time:
2019-06-25 17:09:54.363 IST: [helpers.console_QthreadPool] [run] [66] [INFO] ########################################
2019-06-25 17:09:54.363 IST: [helpers.console_QthreadPool] [run] [68] [DEBUG] global_constants.STOP_ENABLED
2019-06-25 17:09:54.363 IST: [helpers.console_QthreadPool] [run] [77] [DEBUG] Executing the test case Test005
2019-06-25 17:09:54.363 IST: [helpers.console_QthreadPool] [ssh_exe_cmd] [174] [DEBUG] inside ssh_exe_cmd
2019-06-25 17:09:54.363 IST: [helpers.console_QthreadPool] [ssh_exe_cmd] [175] [DEBUG] ret_val ssh_login function <paramiko.client.SSHClient object at 0x7f445c082080>
2019-06-25 17:09:54.363 IST: [helpers.console_QthreadPool] [ssh_exe_cmd] [185] [DEBUG] Command to Execute ./runltp -s spi05 -p -l RUN_LTP_ON-2019_06_25-11h_39m_54s.log
2019-06-25 17:09:54.364 IST: [helpers.yaml_utils] [read_yml] [28] [DEBUG] Getting the password from config.yaml file
2019-06-25 17:09:54.366 IST: [helpers.console_QthreadPool] [ssh_exe_cmd] [191] [DEBUG] ssh cmd is cd /opt/ltp/;echo 'neha123' | sudo -S ./runltp -s spi05 -p -l RUN_LTP_ON-2019_06_25-11h_39m_54s.log
2019-06-25 17:09:54.367 IST: [helpers.console_QthreadPool] [write_output] [267] [DEBUG] Writing to the file path = /home/shaik/Desktop/Working_DDTT/Device_Driver_Testing_Tool_mod/results/test_all and test name = Test004
2019-06-25 17:09:54.367 IST: [helpers.output_write] [make_test_dir] [56] [INFO] In make_test_dir
2019-06-25 17:09:54.368 IST: [helpers.output_write] [change_to_script_directory] [112] [INFO] In change_to_script_directory
2019-06-25 17:09:54.368 IST: [helpers.output_write] [change_to_script_directory] [115] [DEBUG] after getting the path of the script /home/shaik/Desktop/Working_DDTT/Device_Driver_Testing_Tool_mod/helpers
2019-06-25 17:09:54.368 IST: [helpers.output_write] [change_to_script_directory] [116] [DEBUG] Changing the dir to /home/shaik/Desktop/Working_DDTT/Device_Driver_Testing_Tool_mod/helpers
2019-06-25 17:09:54.368 IST: [helpers.output_write] [make_test_dir] [59] [DEBUG] Path with Test name = /home/shaik/Desktop/Working_DDTT/Device_Driver_Testing_Tool_mod/results/test_all/Test004
2019-06-25 17:09:54.369 IST: [helpers.output_write] [get_time_stamp] [97] [INFO] In get_time_stamp
2019-06-25 17:09:54.369 IST: [helpers.output_write] [get_time_stamp] [101] [DEBUG] Time Stamp Readable  2019_06_25-05h_09m_54s_PM
2019-06-25 17:09:54.369 IST: [helpers.output_write] [write_to_file] [76] [DEBUG] Changing the dir to /home/shaik/Desktop/Working_DDTT/Device_Driver_Testing_Tool_mod/results/test_all/Test004
2019-06-25 17:09:54.369 IST: [helpers.output_write] [write_to_file] [83] [DEBUG] The file name after joining = /home/shaik/Desktop/Working_DDTT/Device_Driver_Testing_Tool_mod/results/test_all/Test004/Test004 2019_06_25-05h_09m_54s_PM
2019-06-25 17:09:54.369 IST: [helpers.output_write] [write_to_file] [85] [DEBUG] Writing Test case output to the file
2019-06-25 17:09:54.370 IST: [helpers.parser] [get_count] [25] [INFO] In get_count
2019-06-25 17:09:54.370 IST: [helpers.parser] [get_count] [37] [DEBUG] Test Passed = 1 and Test Failed = 0
2019-06-25 17:09:54.370 IST: [helpers.console_QthreadPool] [pie_chart_slot] [317] [DEBUG] Updating the PieChart
2019-06-25 17:09:54.407 IST: [helpers.console_QthreadPool] [ssh_exe_cmd] [195] [DEBUG] channel = <paramiko.Channel 4 (open) window=0 -> <paramiko.Transport at 0x5c082d30 (cipher aes128-ctr, 128 bits) (active; 1 open channel(s))>>
2019-06-25 17:09:54.408 IST: [helpers.console_QthreadPool] [ssh_exe_cmd] [197] [INFO] Executing the command
2019-06-25 17:09:54.496 IST: [helpers.console_QthreadPool] [ssh_exe_cmd] [207] [INFO] Going into the while loop
2019-06-25 17:10:35.972 IST: [helpers.console_QthreadPool] [ssh_exe_cmd] [215] [INFO] Got the data from the buffer
2019-06-25 17:10:35.972 IST: [helpers.console_QthreadPool] [run] [82] [DEBUG] ****Test Execution Completed*****
2019-06-25 17:10:35.973 IST: [helpers.console_QthreadPool] [run] [84] [DEBUG] Test Name Test005
2019-06-25 17:10:35.973 IST: [helpers.console_QthreadPool] [run] [88] [DEBUG] test_index - 5
2019-06-25 17:10:35.973 IST: [helpers.console_QthreadPool] [run] [90] [DEBUG] len of index - 5
2019-06-25 17:10:35.973 IST: [helpers.console_QthreadPool] [run] [93] [DEBUG] value = 100
2019-06-25 17:10:35.974 IST: [helpers.console_QthreadPool] [run] [106] [INFO] ******Executed Test Cases******
2019-06-25 17:10:35.976 IST: [helpers.console_QthreadPool] [write_output] [267] [DEBUG] Writing to the file path = /home/shaik/Desktop/Working_DDTT/Device_Driver_Testing_Tool_mod/results/test_all and test name = Test005
2019-06-25 17:10:35.976 IST: [helpers.output_write] [make_test_dir] [56] [INFO] In make_test_dir
2019-06-25 17:10:35.977 IST: [helpers.output_write] [change_to_script_directory] [112] [INFO] In change_to_script_directory
2019-06-25 17:10:35.977 IST: [helpers.output_write] [change_to_script_directory] [115] [DEBUG] after getting the path of the script /home/shaik/Desktop/Working_DDTT/Device_Driver_Testing_Tool_mod/helpers
2019-06-25 17:10:35.977 IST: [helpers.output_write] [change_to_script_directory] [116] [DEBUG] Changing the dir to /home/shaik/Desktop/Working_DDTT/Device_Driver_Testing_Tool_mod/helpers
2019-06-25 17:10:35.977 IST: [helpers.output_write] [make_test_dir] [59] [DEBUG] Path with Test name = /home/shaik/Desktop/Working_DDTT/Device_Driver_Testing_Tool_mod/results/test_all/Test005
2019-06-25 17:10:35.977 IST: [helpers.output_write] [get_time_stamp] [97] [INFO] In get_time_stamp
2019-06-25 17:10:35.978 IST: [helpers.output_write] [get_time_stamp] [101] [DEBUG] Time Stamp Readable  2019_06_25-05h_10m_35s_PM
2019-06-25 17:10:35.978 IST: [helpers.output_write] [write_to_file] [76] [DEBUG] Changing the dir to /home/shaik/Desktop/Working_DDTT/Device_Driver_Testing_Tool_mod/results/test_all/Test005
2019-06-25 17:10:35.978 IST: [helpers.output_write] [write_to_file] [83] [DEBUG] The file name after joining = /home/shaik/Desktop/Working_DDTT/Device_Driver_Testing_Tool_mod/results/test_all/Test005/Test005 2019_06_25-05h_10m_35s_PM
2019-06-25 17:10:35.978 IST: [helpers.output_write] [write_to_file] [85] [DEBUG] Writing Test case output to the file
2019-06-25 17:10:35.979 IST: [helpers.parser] [get_count] [25] [INFO] In get_count
2019-06-25 17:10:35.979 IST: [helpers.parser] [get_count] [37] [DEBUG] Test Passed = 1 and Test Failed = 0
2019-06-25 17:10:35.979 IST: [helpers.console_QthreadPool] [pie_chart_slot] [317] [DEBUG] Updating the PieChart
2019-06-25 17:11:14.136 IST: [helpers.actions] [on_board_changed] [168] [INFO] Board QCombobox is changed DellWyse
2019-06-25 17:11:16.608 IST: [helpers.actions] [on_interface_changed] [177] [INFO] Interface QCombobox is changed to SPI
2019-06-25 17:11:17.838 IST: [helpers.actions] [on_interface_changed] [177] [INFO] Interface QCombobox is changed to SPI
2019-06-25 17:11:20.019 IST: [helpers.actions] [on_device_changed] [187] [INFO] Device QCombobox is changed to ADC
